# JRE version: OpenJDK Runtime Environment (11.0.11+9) (build 11.0.11+9-b60-7590822)
# Java VM: OpenJDK 64-Bit Server VM (11.0.11+9-b60-7590822, mixed mode, tiered, compressed oops, g1 gc, windows-amd64)
Heap:
 garbage-first heap   total 478208K, used 170088K [0x0000000080000000, 0x0000000100000000)
  region size 1024K, 6 young (6144K), 6 survivors (6144K)
 Metaspace       used 98432K, capacity 100953K, committed 101340K, reserved 1136640K
  class space    used 12844K, capacity 13823K, committed 13952K, reserved 1048576K
GC Heap History (20 events):
Event: 25.230 GC heap after
{Heap after GC invocations=34 (full 0):
 garbage-first heap   total 166912K, used 77824K [0x0000000080000000, 0x0000000100000000)
  region size 1024K, 5 young (5120K), 5 survivors (5120K)
 Metaspace       used 87877K, capacity 90133K, committed 90332K, reserved 1128448K
  class space    used 11317K, capacity 12160K, committed 12160K, reserved 1048576K
}
Event: 25.266 GC heap before
{Heap before GC invocations=34 (full 0):
 garbage-first heap   total 166912K, used 81920K [0x0000000080000000, 0x0000000100000000)
  region size 1024K, 8 young (8192K), 5 survivors (5120K)
 Metaspace       used 88046K, capacity 90203K, committed 90460K, reserved 1128448K
  class space    used 11346K, capacity 12161K, committed 12288K, reserved 1048576K
}
Event: 25.283 GC heap after
{Heap after GC invocations=35 (full 0):
 garbage-first heap   total 166912K, used 80343K [0x0000000080000000, 0x0000000100000000)
  region size 1024K, 3 young (3072K), 3 survivors (3072K)
 Metaspace       used 88046K, capacity 90203K, committed 90460K, reserved 1128448K
  class space    used 11346K, capacity 12161K, committed 12288K, reserved 1048576K
}
Event: 25.983 GC heap before
{Heap before GC invocations=36 (full 0):
 garbage-first heap   total 166912K, used 104919K [0x0000000080000000, 0x0000000100000000)
  region size 1024K, 26 young (26624K), 3 survivors (3072K)
 Metaspace       used 91092K, capacity 93263K, committed 93660K, reserved 1130496K
  class space    used 11720K, capacity 12522K, committed 12672K, reserved 1048576K
}
Event: 26.001 GC heap after
{Heap after GC invocations=37 (full 0):
 garbage-first heap   total 200704K, used 88493K [0x0000000080000000, 0x0000000100000000)
  region size 1024K, 5 young (5120K), 5 survivors (5120K)
 Metaspace       used 91092K, capacity 93263K, committed 93660K, reserved 1130496K
  class space    used 11720K, capacity 12522K, committed 12672K, reserved 1048576K
}
Event: 26.985 GC heap before
{Heap before GC invocations=38 (full 0):
 garbage-first heap   total 200704K, used 145837K [0x0000000080000000, 0x0000000100000000)
  region size 1024K, 52 young (53248K), 5 survivors (5120K)
 Metaspace       used 93741K, capacity 95961K, committed 96220K, reserved 1132544K
  class space    used 12266K, capacity 13086K, committed 13184K, reserved 1048576K
}
Event: 27.039 GC heap after
{Heap after GC invocations=39 (full 0):
 garbage-first heap   total 200704K, used 111396K [0x0000000080000000, 0x0000000100000000)
  region size 1024K, 7 young (7168K), 7 survivors (7168K)
 Metaspace       used 93741K, capacity 95961K, committed 96220K, reserved 1132544K
  class space    used 12266K, capacity 13086K, committed 13184K, reserved 1048576K
}
Event: 27.465 GC heap before
{Heap before GC invocations=39 (full 0):
 garbage-first heap   total 200704K, used 147236K [0x0000000080000000, 0x0000000100000000)
  region size 1024K, 42 young (43008K), 7 survivors (7168K)
 Metaspace       used 93892K, capacity 96106K, committed 96220K, reserved 1132544K
  class space    used 12266K, capacity 13086K, committed 13184K, reserved 1048576K
}
Event: 27.542 GC heap after
{Heap after GC invocations=40 (full 0):
 garbage-first heap   total 200704K, used 129957K [0x0000000080000000, 0x0000000100000000)
  region size 1024K, 6 young (6144K), 6 survivors (6144K)
 Metaspace       used 93892K, capacity 96106K, committed 96220K, reserved 1132544K
  class space    used 12266K, capacity 13086K, committed 13184K, reserved 1048576K
}
Event: 28.366 GC heap before
{Heap before GC invocations=40 (full 0):
 garbage-first heap   total 200704K, used 153509K [0x0000000080000000, 0x0000000100000000)
  region size 1024K, 30 young (30720K), 6 survivors (6144K)
 Metaspace       used 95820K, capacity 98072K, committed 98268K, reserved 1134592K
  class space    used 12541K, capacity 13395K, committed 13440K, reserved 1048576K
}
Event: 28.409 GC heap after
{Heap after GC invocations=41 (full 0):
 garbage-first heap   total 200704K, used 139264K [0x0000000080000000, 0x0000000100000000)
  region size 1024K, 4 young (4096K), 4 survivors (4096K)
 Metaspace       used 95820K, capacity 98072K, committed 98268K, reserved 1134592K
  class space    used 12541K, capacity 13395K, committed 13440K, reserved 1048576K
}
Event: 29.082 GC heap before
{Heap before GC invocations=42 (full 0):
 garbage-first heap   total 200704K, used 158720K [0x0000000080000000, 0x0000000100000000)
  region size 1024K, 24 young (24576K), 4 survivors (4096K)
 Metaspace       used 96502K, capacity 98954K, committed 99292K, reserved 1134592K
  class space    used 12654K, capacity 13602K, committed 13696K, reserved 1048576K
}
Event: 29.165 GC heap after
{Heap after GC invocations=43 (full 0):
 garbage-first heap   total 313344K, used 143007K [0x0000000080000000, 0x0000000100000000)
  region size 1024K, 3 young (3072K), 3 survivors (3072K)
 Metaspace       used 96502K, capacity 98954K, committed 99292K, reserved 1134592K
  class space    used 12654K, capacity 13602K, committed 13696K, reserved 1048576K
}
Event: 31.311 GC heap before
{Heap before GC invocations=43 (full 0):
 garbage-first heap   total 313344K, used 181919K [0x0000000080000000, 0x0000000100000000)
  region size 1024K, 41 young (41984K), 3 survivors (3072K)
 Metaspace       used 97042K, capacity 99531K, committed 99548K, reserved 1134592K
  class space    used 12715K, capacity 13679K, committed 13696K, reserved 1048576K
}
Event: 31.341 GC heap after
{Heap after GC invocations=44 (full 0):
 garbage-first heap   total 313344K, used 147180K [0x0000000080000000, 0x0000000100000000)
  region size 1024K, 6 young (6144K), 6 survivors (6144K)
 Metaspace       used 97042K, capacity 99531K, committed 99548K, reserved 1134592K
  class space    used 12715K, capacity 13679K, committed 13696K, reserved 1048576K
}
Event: 33.566 GC heap before
{Heap before GC invocations=45 (full 0):
 garbage-first heap   total 313344K, used 205548K [0x0000000080000000, 0x0000000100000000)
  region size 1024K, 65 young (66560K), 6 survivors (6144K)
 Metaspace       used 97535K, capacity 100082K, committed 100188K, reserved 1136640K
  class space    used 12760K, capacity 13725K, committed 13824K, reserved 1048576K
}
Event: 33.631 GC heap after
{Heap after GC invocations=46 (full 0):
 garbage-first heap   total 313344K, used 152832K [0x0000000080000000, 0x0000000100000000)
  region size 1024K, 9 young (9216K), 9 survivors (9216K)
 Metaspace       used 97535K, capacity 100082K, committed 100188K, reserved 1136640K
  class space    used 12760K, capacity 13725K, committed 13824K, reserved 1048576K
}
Event: 33.773 GC heap before
{Heap before GC invocations=46 (full 0):
 garbage-first heap   total 313344K, used 176384K [0x0000000080000000, 0x0000000100000000)
  region size 1024K, 33 young (33792K), 9 survivors (9216K)
 Metaspace       used 97582K, capacity 100146K, committed 100444K, reserved 1136640K
  class space    used 12764K, capacity 13725K, committed 13824K, reserved 1048576K
}
Event: 33.820 GC heap after
{Heap after GC invocations=47 (full 0):
 garbage-first heap   total 313344K, used 157423K [0x0000000080000000, 0x0000000100000000)
  region size 1024K, 5 young (5120K), 5 survivors (5120K)
 Metaspace       used 97582K, capacity 100146K, committed 100444K, reserved 1136640K
  class space    used 12764K, capacity 13725K, committed 13824K, reserved 1048576K
}
Event: 34.581 GC heap before
{Heap before GC invocations=47 (full 0):
 garbage-first heap   total 313344K, used 222959K [0x0000000080000000, 0x0000000100000000)
  region size 1024K, 63 young (64512K), 5 survivors (5120K)
 Metaspace       used 98432K, capacity 100953K, committed 101340K, reserved 1136640K
  class space    used 12844K, capacity 13823K, committed 13952K, reserved 1048576K
}

