# JRE version: OpenJDK Runtime Environment (11.0.11+9) (build 11.0.11+9-b60-7590822)
# Java VM: OpenJDK 64-Bit Server VM (11.0.11+9-b60-7590822, mixed mode, tiered, compressed oops, g1 gc, windows-amd64)
Heap:
 garbage-first heap   total 290816K, used 138070K [0x0000000080000000, 0x0000000100000000)
  region size 1024K, 3 young (3072K), 3 survivors (3072K)
 Metaspace       used 97004K, capacity 99440K, committed 99756K, reserved 1134592K
  class space    used 12704K, capacity 13649K, committed 13740K, reserved 1048576K
GC Heap History (20 events):
Event: 19.744 GC heap after
{Heap after GC invocations=28 (full 0):
 garbage-first heap   total 138240K, used 59929K [0x0000000080000000, 0x0000000100000000)
  region size 1024K, 6 young (6144K), 6 survivors (6144K)
 Metaspace       used 74768K, capacity 76394K, committed 76716K, reserved 1116160K
  class space    used 9717K, capacity 10312K, committed 10412K, reserved 1048576K
}
Event: 21.004 GC heap before
{Heap before GC invocations=28 (full 0):
 garbage-first heap   total 138240K, used 104985K [0x0000000080000000, 0x0000000100000000)
  region size 1024K, 51 young (52224K), 6 survivors (6144K)
 Metaspace       used 79536K, capacity 81358K, committed 81452K, reserved 1120256K
  class space    used 10313K, capacity 11009K, committed 11052K, reserved 1048576K
}
Event: 21.025 GC heap after
{Heap after GC invocations=29 (full 0):
 garbage-first heap   total 165888K, used 63931K [0x0000000080000000, 0x0000000100000000)
  region size 1024K, 7 young (7168K), 7 survivors (7168K)
 Metaspace       used 79536K, capacity 81358K, committed 81452K, reserved 1120256K
  class space    used 10313K, capacity 11009K, committed 11052K, reserved 1048576K
}
Event: 22.674 GC heap before
{Heap before GC invocations=29 (full 0):
 garbage-first heap   total 165888K, used 116155K [0x0000000080000000, 0x0000000100000000)
  region size 1024K, 59 young (60416K), 7 survivors (7168K)
 Metaspace       used 82943K, capacity 84953K, committed 85292K, reserved 1122304K
  class space    used 10734K, capacity 11478K, committed 11564K, reserved 1048576K
}
Event: 22.700 GC heap after
{Heap after GC invocations=30 (full 0):
 garbage-first heap   total 165888K, used 68568K [0x0000000080000000, 0x0000000100000000)
  region size 1024K, 8 young (8192K), 8 survivors (8192K)
 Metaspace       used 82943K, capacity 84953K, committed 85292K, reserved 1122304K
  class space    used 10734K, capacity 11478K, committed 11564K, reserved 1048576K
}
Event: 24.403 GC heap before
{Heap before GC invocations=30 (full 0):
 garbage-first heap   total 165888K, used 123864K [0x0000000080000000, 0x0000000100000000)
  region size 1024K, 63 young (64512K), 8 survivors (8192K)
 Metaspace       used 83820K, capacity 85812K, committed 85932K, reserved 1124352K
  class space    used 10803K, capacity 11587K, committed 11692K, reserved 1048576K
}
Event: 24.432 GC heap after
{Heap after GC invocations=31 (full 0):
 garbage-first heap   total 165888K, used 73604K [0x0000000080000000, 0x0000000100000000)
  region size 1024K, 5 young (5120K), 5 survivors (5120K)
 Metaspace       used 83820K, capacity 85812K, committed 85932K, reserved 1124352K
  class space    used 10803K, capacity 11587K, committed 11692K, reserved 1048576K
}
Event: 25.667 GC heap before
{Heap before GC invocations=31 (full 0):
 garbage-first heap   total 165888K, used 126852K [0x0000000080000000, 0x0000000100000000)
  region size 1024K, 58 young (59392K), 5 survivors (5120K)
 Metaspace       used 85763K, capacity 87865K, committed 87980K, reserved 1126400K
  class space    used 11049K, capacity 11841K, committed 11948K, reserved 1048576K
}
Event: 25.687 GC heap after
{Heap after GC invocations=32 (full 0):
 garbage-first heap   total 165888K, used 76416K [0x0000000080000000, 0x0000000100000000)
  region size 1024K, 3 young (3072K), 3 survivors (3072K)
 Metaspace       used 85763K, capacity 87865K, committed 87980K, reserved 1126400K
  class space    used 11049K, capacity 11841K, committed 11948K, reserved 1048576K
}
Event: 26.549 GC heap before
{Heap before GC invocations=32 (full 0):
 garbage-first heap   total 165888K, used 114304K [0x0000000080000000, 0x0000000100000000)
  region size 1024K, 41 young (41984K), 3 survivors (3072K)
 Metaspace       used 87682K, capacity 89750K, committed 90028K, reserved 1126400K
  class space    used 11279K, capacity 12076K, committed 12204K, reserved 1048576K
}
Event: 26.564 GC heap after
{Heap after GC invocations=33 (full 0):
 garbage-first heap   total 199680K, used 77394K [0x0000000080000000, 0x0000000100000000)
  region size 1024K, 4 young (4096K), 4 survivors (4096K)
 Metaspace       used 87682K, capacity 89750K, committed 90028K, reserved 1126400K
  class space    used 11279K, capacity 12076K, committed 12204K, reserved 1048576K
}
Event: 28.397 GC heap before
{Heap before GC invocations=34 (full 0):
 garbage-first heap   total 199680K, used 155218K [0x0000000080000000, 0x0000000100000000)
  region size 1024K, 66 young (67584K), 4 survivors (4096K)
 Metaspace       used 91626K, capacity 93792K, committed 94124K, reserved 1130496K
  class space    used 11795K, capacity 12597K, committed 12716K, reserved 1048576K
}
Event: 28.446 GC heap after
{Heap after GC invocations=35 (full 0):
 garbage-first heap   total 199680K, used 105328K [0x0000000080000000, 0x0000000100000000)
  region size 1024K, 9 young (9216K), 9 survivors (9216K)
 Metaspace       used 91626K, capacity 93792K, committed 94124K, reserved 1130496K
  class space    used 11795K, capacity 12597K, committed 12716K, reserved 1048576K
}
Event: 29.546 GC heap before
{Heap before GC invocations=35 (full 0):
 garbage-first heap   total 199680K, used 153456K [0x0000000080000000, 0x0000000100000000)
  region size 1024K, 57 young (58368K), 9 survivors (9216K)
 Metaspace       used 93949K, capacity 96118K, committed 96300K, reserved 1132544K
  class space    used 12276K, capacity 13097K, committed 13100K, reserved 1048576K
}
Event: 29.657 GC heap after
{Heap after GC invocations=36 (full 0):
 garbage-first heap   total 199680K, used 126410K [0x0000000080000000, 0x0000000100000000)
  region size 1024K, 8 young (8192K), 8 survivors (8192K)
 Metaspace       used 93949K, capacity 96118K, committed 96300K, reserved 1132544K
  class space    used 12276K, capacity 13097K, committed 13100K, reserved 1048576K
}
Event: 31.093 GC heap before
{Heap before GC invocations=37 (full 0):
 garbage-first heap   total 199680K, used 156106K [0x0000000080000000, 0x0000000100000000)
  region size 1024K, 37 young (37888K), 8 survivors (8192K)
 Metaspace       used 95840K, capacity 98158K, committed 98220K, reserved 1134592K
  class space    used 12548K, capacity 13431K, committed 13484K, reserved 1048576K
}
Event: 31.171 GC heap after
{Heap after GC invocations=38 (full 0):
 garbage-first heap   total 199680K, used 137216K [0x0000000080000000, 0x0000000100000000)
  region size 1024K, 5 young (5120K), 5 survivors (5120K)
 Metaspace       used 95840K, capacity 98158K, committed 98220K, reserved 1134592K
  class space    used 12548K, capacity 13431K, committed 13484K, reserved 1048576K
}
Event: 31.705 GC heap before
{Heap before GC invocations=38 (full 0):
 garbage-first heap   total 199680K, used 158720K [0x0000000080000000, 0x0000000100000000)
  region size 1024K, 27 young (27648K), 5 survivors (5120K)
 Metaspace       used 96681K, capacity 99162K, committed 99500K, reserved 1134592K
  class space    used 12685K, capacity 13656K, committed 13740K, reserved 1048576K
}
Event: 31.732 GC heap after
{Heap after GC invocations=39 (full 0):
 garbage-first heap   total 199680K, used 140354K [0x0000000080000000, 0x0000000100000000)
  region size 1024K, 3 young (3072K), 3 survivors (3072K)
 Metaspace       used 96681K, capacity 99162K, committed 99500K, reserved 1134592K
  class space    used 12685K, capacity 13656K, committed 13740K, reserved 1048576K
}
Event: 32.733 GC heap before
{Heap before GC invocations=40 (full 0):
 garbage-first heap   total 199680K, used 155714K [0x0000000080000000, 0x0000000100000000)
  region size 1024K, 24 young (24576K), 3 survivors (3072K)
 Metaspace       used 97004K, capacity 99440K, committed 99756K, reserved 1134592K
  class space    used 12704K, capacity 13649K, committed 13740K, reserved 1048576K
}

