# JRE version: OpenJDK Runtime Environment (11.0.11+9) (build 11.0.11+9-b60-7590822)
# Java VM: OpenJDK 64-Bit Server VM (11.0.11+9-b60-7590822, mixed mode, tiered, compressed oops, g1 gc, windows-amd64)
Heap:
 garbage-first heap   total 287744K, used 223668K [0x0000000080000000, 0x0000000100000000)
  region size 1024K, 67 young (68608K), 10 survivors (10240K)
 Metaspace       used 128556K, capacity 131923K, committed 131968K, reserved 1163264K
  class space    used 16047K, capacity 17271K, committed 17280K, reserved 1048576K
GC Heap History (20 events):
Event: 559.718 GC heap before
{Heap before GC invocations=67 (full 0):
 garbage-first heap   total 239616K, used 213358K [0x0000000080000000, 0x0000000100000000)
  region size 1024K, 45 young (46080K), 5 survivors (5120K)
 Metaspace       used 116468K, capacity 119526K, committed 119808K, reserved 1153024K
  class space    used 14430K, capacity 15529K, committed 15616K, reserved 1048576K
}
Event: 559.732 GC heap after
{Heap after GC invocations=68 (full 0):
 garbage-first heap   total 239616K, used 159241K [0x0000000080000000, 0x0000000100000000)
  region size 1024K, 6 young (6144K), 6 survivors (6144K)
 Metaspace       used 116468K, capacity 119526K, committed 119808K, reserved 1153024K
  class space    used 14430K, capacity 15529K, committed 15616K, reserved 1048576K
}
Event: 559.810 GC heap before
{Heap before GC invocations=68 (full 0):
 garbage-first heap   total 239616K, used 164361K [0x0000000080000000, 0x0000000100000000)
  region size 1024K, 11 young (11264K), 6 survivors (6144K)
 Metaspace       used 116623K, capacity 119686K, committed 120192K, reserved 1153024K
  class space    used 14433K, capacity 15561K, committed 15744K, reserved 1048576K
}
Event: 559.823 GC heap after
{Heap after GC invocations=69 (full 0):
 garbage-first heap   total 239616K, used 158389K [0x0000000080000000, 0x0000000100000000)
  region size 1024K, 1 young (1024K), 1 survivors (1024K)
 Metaspace       used 116623K, capacity 119686K, committed 120192K, reserved 1153024K
  class space    used 14433K, capacity 15561K, committed 15744K, reserved 1048576K
}
Event: 560.323 GC heap before
{Heap before GC invocations=69 (full 0):
 garbage-first heap   total 239616K, used 198325K [0x0000000080000000, 0x0000000100000000)
  region size 1024K, 41 young (41984K), 1 survivors (1024K)
 Metaspace       used 117208K, capacity 120262K, committed 120704K, reserved 1155072K
  class space    used 14462K, capacity 15561K, committed 15744K, reserved 1048576K
}
Event: 560.340 GC heap after
{Heap after GC invocations=70 (full 0):
 garbage-first heap   total 239616K, used 160982K [0x0000000080000000, 0x0000000100000000)
  region size 1024K, 4 young (4096K), 4 survivors (4096K)
 Metaspace       used 117208K, capacity 120262K, committed 120704K, reserved 1155072K
  class space    used 14462K, capacity 15561K, committed 15744K, reserved 1048576K
}
Event: 561.438 GC heap before
{Heap before GC invocations=71 (full 0):
 garbage-first heap   total 239616K, used 186582K [0x0000000080000000, 0x0000000100000000)
  region size 1024K, 43 young (44032K), 4 survivors (4096K)
 Metaspace       used 118798K, capacity 121894K, committed 122368K, reserved 1155072K
  class space    used 14624K, capacity 15761K, committed 15872K, reserved 1048576K
}
Event: 561.451 GC heap after
{Heap after GC invocations=72 (full 0):
 garbage-first heap   total 239616K, used 148015K [0x0000000080000000, 0x0000000100000000)
  region size 1024K, 4 young (4096K), 4 survivors (4096K)
 Metaspace       used 118798K, capacity 121894K, committed 122368K, reserved 1155072K
  class space    used 14624K, capacity 15761K, committed 15872K, reserved 1048576K
}
Event: 561.613 GC heap before
{Heap before GC invocations=72 (full 0):
 garbage-first heap   total 239616K, used 155183K [0x0000000080000000, 0x0000000100000000)
  region size 1024K, 11 young (11264K), 4 survivors (4096K)
 Metaspace       used 118897K, capacity 121972K, committed 122368K, reserved 1155072K
  class space    used 14636K, capacity 15764K, committed 15872K, reserved 1048576K
}
Event: 561.630 GC heap after
{Heap after GC invocations=73 (full 0):
 garbage-first heap   total 239616K, used 137150K [0x0000000080000000, 0x0000000100000000)
  region size 1024K, 2 young (2048K), 2 survivors (2048K)
 Metaspace       used 118897K, capacity 121972K, committed 122368K, reserved 1155072K
  class space    used 14636K, capacity 15764K, committed 15872K, reserved 1048576K
}
Event: 562.496 GC heap before
{Heap before GC invocations=73 (full 0):
 garbage-first heap   total 239616K, used 189374K [0x0000000080000000, 0x0000000100000000)
  region size 1024K, 54 young (55296K), 2 survivors (2048K)
 Metaspace       used 122298K, capacity 125395K, committed 125696K, reserved 1159168K
  class space    used 15058K, capacity 16221K, committed 16384K, reserved 1048576K
}
Event: 562.515 GC heap after
{Heap after GC invocations=74 (full 0):
 garbage-first heap   total 239616K, used 139261K [0x0000000080000000, 0x0000000100000000)
  region size 1024K, 4 young (4096K), 4 survivors (4096K)
 Metaspace       used 122298K, capacity 125395K, committed 125696K, reserved 1159168K
  class space    used 15058K, capacity 16221K, committed 16384K, reserved 1048576K
}
Event: 563.701 GC heap before
{Heap before GC invocations=75 (full 0):
 garbage-first heap   total 239616K, used 192509K [0x0000000080000000, 0x0000000100000000)
  region size 1024K, 57 young (58368K), 4 survivors (4096K)
 Metaspace       used 123563K, capacity 126702K, committed 126848K, reserved 1159168K
  class space    used 15215K, capacity 16391K, committed 16512K, reserved 1048576K
}
Event: 563.723 GC heap after
{Heap after GC invocations=76 (full 0):
 garbage-first heap   total 239616K, used 142644K [0x0000000080000000, 0x0000000100000000)
  region size 1024K, 7 young (7168K), 7 survivors (7168K)
 Metaspace       used 123563K, capacity 126702K, committed 126848K, reserved 1159168K
  class space    used 15215K, capacity 16391K, committed 16512K, reserved 1048576K
}
Event: 563.758 GC heap before
{Heap before GC invocations=76 (full 0):
 garbage-first heap   total 239616K, used 145716K [0x0000000080000000, 0x0000000100000000)
  region size 1024K, 11 young (11264K), 7 survivors (7168K)
 Metaspace       used 123580K, capacity 126766K, committed 127104K, reserved 1159168K
  class space    used 15216K, capacity 16391K, committed 16512K, reserved 1048576K
}
Event: 563.779 GC heap after
{Heap after GC invocations=77 (full 0):
 garbage-first heap   total 239616K, used 135964K [0x0000000080000000, 0x0000000100000000)
  region size 1024K, 2 young (2048K), 2 survivors (2048K)
 Metaspace       used 123580K, capacity 126766K, committed 127104K, reserved 1159168K
  class space    used 15216K, capacity 16391K, committed 16512K, reserved 1048576K
}
Event: 564.571 GC heap before
{Heap before GC invocations=77 (full 0):
 garbage-first heap   total 239616K, used 207644K [0x0000000080000000, 0x0000000100000000)
  region size 1024K, 58 young (59392K), 2 survivors (2048K)
 Metaspace       used 124933K, capacity 128201K, committed 128256K, reserved 1161216K
  class space    used 15406K, capacity 16595K, committed 16640K, reserved 1048576K
}
Event: 564.597 GC heap after
{Heap after GC invocations=78 (full 0):
 garbage-first heap   total 287744K, used 157696K [0x0000000080000000, 0x0000000100000000)
  region size 1024K, 8 young (8192K), 8 survivors (8192K)
 Metaspace       used 124933K, capacity 128201K, committed 128256K, reserved 1161216K
  class space    used 15406K, capacity 16595K, committed 16640K, reserved 1048576K
}
Event: 566.167 GC heap before
{Heap before GC invocations=78 (full 0):
 garbage-first heap   total 287744K, used 228352K [0x0000000080000000, 0x0000000100000000)
  region size 1024K, 76 young (77824K), 8 survivors (8192K)
 Metaspace       used 127362K, capacity 130669K, committed 130688K, reserved 1163264K
  class space    used 15819K, capacity 17005K, committed 17024K, reserved 1048576K
}
Event: 566.302 GC heap after
{Heap after GC invocations=79 (full 0):
 garbage-first heap   total 287744K, used 167348K [0x0000000080000000, 0x0000000100000000)
  region size 1024K, 10 young (10240K), 10 survivors (10240K)
 Metaspace       used 127362K, capacity 130669K, committed 130688K, reserved 1163264K
  class space    used 15819K, capacity 17005K, committed 17024K, reserved 1048576K
}

