# JRE version: OpenJDK Runtime Environment (11.0.11+9) (build 11.0.11+9-b60-7590822)
# Java VM: OpenJDK 64-Bit Server VM (11.0.11+9-b60-7590822, mixed mode, tiered, compressed oops, g1 gc, windows-amd64)
Heap:
 garbage-first heap   total 367616K, used 294420K [0x0000000080000000, 0x0000000100000000)
  region size 1024K, 149 young (152576K), 3 survivors (3072K)
 Metaspace       used 113371K, capacity 116426K, committed 116504K, reserved 1150976K
  class space    used 14635K, capacity 15825K, committed 15896K, reserved 1048576K
GC Heap History (20 events):
Event: 33.307 GC heap before
{Heap before GC invocations=38 (full 0):
 garbage-first heap   total 205824K, used 160297K [0x0000000080000000, 0x0000000100000000)
  region size 1024K, 49 young (50176K), 10 survivors (10240K)
 Metaspace       used 95963K, capacity 98243K, committed 98456K, reserved 1134592K
  class space    used 12555K, capacity 13411K, committed 13464K, reserved 1048576K
}
Event: 33.426 GC heap after
{Heap after GC invocations=39 (full 0):
 garbage-first heap   total 205824K, used 136704K [0x0000000080000000, 0x0000000100000000)
  region size 1024K, 7 young (7168K), 7 survivors (7168K)
 Metaspace       used 95963K, capacity 98243K, committed 98456K, reserved 1134592K
  class space    used 12555K, capacity 13411K, committed 13464K, reserved 1048576K
}
Event: 34.369 GC heap before
{Heap before GC invocations=40 (full 0):
 garbage-first heap   total 205824K, used 157184K [0x0000000080000000, 0x0000000100000000)
  region size 1024K, 33 young (33792K), 7 survivors (7168K)
 Metaspace       used 96900K, capacity 99343K, committed 99480K, reserved 1134592K
  class space    used 12702K, capacity 13646K, committed 13720K, reserved 1048576K
}
Event: 34.404 GC heap after
{Heap after GC invocations=41 (full 0):
 garbage-first heap   total 205824K, used 135979K [0x0000000080000000, 0x0000000100000000)
  region size 1024K, 4 young (4096K), 4 survivors (4096K)
 Metaspace       used 96900K, capacity 99343K, committed 99480K, reserved 1134592K
  class space    used 12702K, capacity 13646K, committed 13720K, reserved 1048576K
}
Event: 34.805 GC heap before
{Heap before GC invocations=41 (full 0):
 garbage-first heap   total 205824K, used 161579K [0x0000000080000000, 0x0000000100000000)
  region size 1024K, 31 young (31744K), 4 survivors (4096K)
 Metaspace       used 97169K, capacity 99585K, committed 99736K, reserved 1134592K
  class space    used 12724K, capacity 13656K, committed 13720K, reserved 1048576K
}
Event: 34.836 GC heap after
{Heap after GC invocations=42 (full 0):
 garbage-first heap   total 306176K, used 137600K [0x0000000080000000, 0x0000000100000000)
  region size 1024K, 3 young (3072K), 3 survivors (3072K)
 Metaspace       used 97169K, capacity 99585K, committed 99736K, reserved 1134592K
  class space    used 12724K, capacity 13656K, committed 13720K, reserved 1048576K
}
Event: 36.273 GC heap before
{Heap before GC invocations=43 (full 0):
 garbage-first heap   total 306176K, used 176512K [0x0000000080000000, 0x0000000100000000)
  region size 1024K, 40 young (40960K), 3 survivors (3072K)
 Metaspace       used 97348K, capacity 99855K, committed 100120K, reserved 1136640K
  class space    used 12727K, capacity 13695K, committed 13848K, reserved 1048576K
}
Event: 36.302 GC heap after
{Heap after GC invocations=44 (full 0):
 garbage-first heap   total 306176K, used 143312K [0x0000000080000000, 0x0000000100000000)
  region size 1024K, 5 young (5120K), 5 survivors (5120K)
 Metaspace       used 97348K, capacity 99855K, committed 100120K, reserved 1136640K
  class space    used 12727K, capacity 13695K, committed 13848K, reserved 1048576K
}
Event: 37.324 GC heap before
{Heap before GC invocations=44 (full 0):
 garbage-first heap   total 306176K, used 218064K [0x0000000080000000, 0x0000000100000000)
  region size 1024K, 76 young (77824K), 5 survivors (5120K)
 Metaspace       used 98508K, capacity 101067K, committed 101144K, reserved 1136640K
  class space    used 12849K, capacity 13820K, committed 13848K, reserved 1048576K
}
Event: 37.370 GC heap after
{Heap after GC invocations=45 (full 0):
 garbage-first heap   total 306176K, used 156502K [0x0000000080000000, 0x0000000100000000)
  region size 1024K, 10 young (10240K), 10 survivors (10240K)
 Metaspace       used 98508K, capacity 101067K, committed 101144K, reserved 1136640K
  class space    used 12849K, capacity 13820K, committed 13848K, reserved 1048576K
}
Event: 37.429 GC heap before
{Heap before GC invocations=46 (full 0):
 garbage-first heap   total 306176K, used 169814K [0x0000000080000000, 0x0000000100000000)
  region size 1024K, 25 young (25600K), 10 survivors (10240K)
 Metaspace       used 98526K, capacity 101067K, committed 101144K, reserved 1136640K
  class space    used 12850K, capacity 13820K, committed 13848K, reserved 1048576K
}
Event: 37.467 GC heap after
{Heap after GC invocations=47 (full 0):
 garbage-first heap   total 306176K, used 159281K [0x0000000080000000, 0x0000000100000000)
  region size 1024K, 3 young (3072K), 3 survivors (3072K)
 Metaspace       used 98526K, capacity 101067K, committed 101144K, reserved 1136640K
  class space    used 12850K, capacity 13820K, committed 13848K, reserved 1048576K
}
Event: 38.613 GC heap before
{Heap before GC invocations=48 (full 0):
 garbage-first heap   total 306176K, used 236081K [0x0000000080000000, 0x0000000100000000)
  region size 1024K, 69 young (70656K), 3 survivors (3072K)
 Metaspace       used 99146K, capacity 101681K, committed 101784K, reserved 1136640K
  class space    used 12914K, capacity 13874K, committed 13976K, reserved 1048576K
}
Event: 38.627 GC heap after
{Heap after GC invocations=49 (full 0):
 garbage-first heap   total 367616K, used 170065K [0x0000000080000000, 0x0000000100000000)
  region size 1024K, 5 young (5120K), 5 survivors (5120K)
 Metaspace       used 99146K, capacity 101681K, committed 101784K, reserved 1136640K
  class space    used 12914K, capacity 13874K, committed 13976K, reserved 1048576K
}
Event: 39.465 GC heap before
{Heap before GC invocations=49 (full 0):
 garbage-first heap   total 367616K, used 256081K [0x0000000080000000, 0x0000000100000000)
  region size 1024K, 89 young (91136K), 5 survivors (5120K)
 Metaspace       used 99372K, capacity 101946K, committed 102040K, reserved 1136640K
  class space    used 12940K, capacity 13909K, committed 13976K, reserved 1048576K
}
Event: 39.475 GC heap after
{Heap after GC invocations=50 (full 0):
 garbage-first heap   total 367616K, used 164330K [0x0000000080000000, 0x0000000100000000)
  region size 1024K, 5 young (5120K), 5 survivors (5120K)
 Metaspace       used 99372K, capacity 101946K, committed 102040K, reserved 1136640K
  class space    used 12940K, capacity 13909K, committed 13976K, reserved 1048576K
}
Event: 40.980 GC heap before
{Heap before GC invocations=51 (full 0):
 garbage-first heap   total 367616K, used 263096K [0x0000000080000000, 0x0000000100000000)
  region size 1024K, 113 young (115712K), 5 survivors (5120K)
 Metaspace       used 102609K, capacity 105237K, committed 105368K, reserved 1140736K
  class space    used 13403K, capacity 14407K, committed 14488K, reserved 1048576K
}
Event: 40.991 GC heap after
{Heap after GC invocations=52 (full 0):
 garbage-first heap   total 367616K, used 148289K [0x0000000080000000, 0x0000000100000000)
  region size 1024K, 2 young (2048K), 2 survivors (2048K)
 Metaspace       used 102609K, capacity 105237K, committed 105368K, reserved 1140736K
  class space    used 13403K, capacity 14407K, committed 14488K, reserved 1048576K
}
Event: 41.362 GC heap before
{Heap before GC invocations=52 (full 0):
 garbage-first heap   total 367616K, used 165697K [0x0000000080000000, 0x0000000100000000)
  region size 1024K, 17 young (17408K), 2 survivors (2048K)
 Metaspace       used 105543K, capacity 108270K, committed 108568K, reserved 1142784K
  class space    used 13738K, capacity 14740K, committed 14872K, reserved 1048576K
}
Event: 41.379 GC heap after
{Heap after GC invocations=53 (full 0):
 garbage-first heap   total 367616K, used 142868K [0x0000000080000000, 0x0000000100000000)
  region size 1024K, 3 young (3072K), 3 survivors (3072K)
 Metaspace       used 105543K, capacity 108270K, committed 108568K, reserved 1142784K
  class space    used 13738K, capacity 14740K, committed 14872K, reserved 1048576K
}

