# JRE version: OpenJDK Runtime Environment (11.0.11+9) (build 11.0.11+9-b60-7590822)
# Java VM: OpenJDK 64-Bit Server VM (11.0.11+9-b60-7590822, mixed mode, tiered, compressed oops, g1 gc, windows-amd64)
Heap:
 garbage-first heap   total 249856K, used 88976K [0x0000000080000000, 0x0000000100000000)
  region size 1024K, 1 young (1024K), 1 survivors (1024K)
 Metaspace       used 95471K, capacity 97666K, committed 97792K, reserved 1134592K
  class space    used 12022K, capacity 12829K, committed 12876K, reserved 1048576K
GC Heap History (20 events):
Event: 15.236 GC heap after
{Heap after GC invocations=24 (full 0):
 garbage-first heap   total 140288K, used 59507K [0x0000000080000000, 0x0000000100000000)
  region size 1024K, 8 young (8192K), 8 survivors (8192K)
 Metaspace       used 72506K, capacity 74089K, committed 74240K, reserved 1114112K
  class space    used 9381K, capacity 9980K, committed 10060K, reserved 1048576K
}
Event: 16.408 GC heap before
{Heap before GC invocations=24 (full 0):
 garbage-first heap   total 140288K, used 111731K [0x0000000080000000, 0x0000000100000000)
  region size 1024K, 59 young (60416K), 8 survivors (8192K)
 Metaspace       used 78319K, capacity 80078K, committed 80256K, reserved 1118208K
  class space    used 10184K, capacity 10825K, committed 10956K, reserved 1048576K
}
Event: 16.430 GC heap after
{Heap after GC invocations=25 (full 0):
 garbage-first heap   total 140288K, used 62568K [0x0000000080000000, 0x0000000100000000)
  region size 1024K, 7 young (7168K), 7 survivors (7168K)
 Metaspace       used 78319K, capacity 80078K, committed 80256K, reserved 1118208K
  class space    used 10184K, capacity 10825K, committed 10956K, reserved 1048576K
}
Event: 17.701 GC heap before
{Heap before GC invocations=25 (full 0):
 garbage-first heap   total 140288K, used 112744K [0x0000000080000000, 0x0000000100000000)
  region size 1024K, 57 young (58368K), 7 survivors (7168K)
 Metaspace       used 82724K, capacity 84695K, committed 84992K, reserved 1122304K
  class space    used 10736K, capacity 11483K, committed 11596K, reserved 1048576K
}
Event: 17.733 GC heap after
{Heap after GC invocations=26 (full 0):
 garbage-first heap   total 168960K, used 67584K [0x0000000080000000, 0x0000000100000000)
  region size 1024K, 8 young (8192K), 8 survivors (8192K)
 Metaspace       used 82724K, capacity 84695K, committed 84992K, reserved 1122304K
  class space    used 10736K, capacity 11483K, committed 11596K, reserved 1048576K
}
Event: 19.263 GC heap before
{Heap before GC invocations=26 (full 0):
 garbage-first heap   total 168960K, used 131072K [0x0000000080000000, 0x0000000100000000)
  region size 1024K, 69 young (70656K), 8 survivors (8192K)
 Metaspace       used 84252K, capacity 86314K, committed 86400K, reserved 1124352K
  class space    used 10896K, capacity 11672K, committed 11724K, reserved 1048576K
}
Event: 19.303 GC heap after
{Heap after GC invocations=27 (full 0):
 garbage-first heap   total 168960K, used 80716K [0x0000000080000000, 0x0000000100000000)
  region size 1024K, 9 young (9216K), 9 survivors (9216K)
 Metaspace       used 84252K, capacity 86314K, committed 86400K, reserved 1124352K
  class space    used 10896K, capacity 11672K, committed 11724K, reserved 1048576K
}
Event: 19.792 GC heap before
{Heap before GC invocations=27 (full 0):
 garbage-first heap   total 168960K, used 111436K [0x0000000080000000, 0x0000000100000000)
  region size 1024K, 36 young (36864K), 9 survivors (9216K)
 Metaspace       used 84902K, capacity 86924K, committed 87168K, reserved 1124352K
  class space    used 10962K, capacity 11705K, committed 11724K, reserved 1048576K
}
Event: 19.834 GC heap after
{Heap after GC invocations=28 (full 0):
 garbage-first heap   total 168960K, used 90450K [0x0000000080000000, 0x0000000100000000)
  region size 1024K, 7 young (7168K), 7 survivors (7168K)
 Metaspace       used 84902K, capacity 86924K, committed 87168K, reserved 1124352K
  class space    used 10962K, capacity 11705K, committed 11724K, reserved 1048576K
}
Event: 20.247 GC heap before
{Heap before GC invocations=28 (full 0):
 garbage-first heap   total 168960K, used 128338K [0x0000000080000000, 0x0000000100000000)
  region size 1024K, 40 young (40960K), 7 survivors (7168K)
 Metaspace       used 84961K, capacity 86959K, committed 87296K, reserved 1124352K
  class space    used 10959K, capacity 11716K, committed 11852K, reserved 1048576K
}
Event: 20.266 GC heap after
{Heap after GC invocations=29 (full 0):
 garbage-first heap   total 168960K, used 90453K [0x0000000080000000, 0x0000000100000000)
  region size 1024K, 3 young (3072K), 3 survivors (3072K)
 Metaspace       used 84961K, capacity 86959K, committed 87296K, reserved 1124352K
  class space    used 10959K, capacity 11716K, committed 11852K, reserved 1048576K
}
Event: 20.487 GC heap before
{Heap before GC invocations=30 (full 0):
 garbage-first heap   total 168960K, used 103765K [0x0000000080000000, 0x0000000100000000)
  region size 1024K, 17 young (17408K), 3 survivors (3072K)
 Metaspace       used 84993K, capacity 86971K, committed 87296K, reserved 1124352K
  class space    used 10960K, capacity 11718K, committed 11852K, reserved 1048576K
}
Event: 20.506 GC heap after
{Heap after GC invocations=31 (full 0):
 garbage-first heap   total 207872K, used 95576K [0x0000000080000000, 0x0000000100000000)
  region size 1024K, 5 young (5120K), 5 survivors (5120K)
 Metaspace       used 84993K, capacity 86971K, committed 87296K, reserved 1124352K
  class space    used 10960K, capacity 11718K, committed 11852K, reserved 1048576K
}
Event: 22.021 GC heap before
{Heap before GC invocations=32 (full 0):
 garbage-first heap   total 207872K, used 162136K [0x0000000080000000, 0x0000000100000000)
  region size 1024K, 56 young (57344K), 5 survivors (5120K)
 Metaspace       used 88706K, capacity 90845K, committed 91008K, reserved 1128448K
  class space    used 11321K, capacity 12109K, committed 12236K, reserved 1048576K
}
Event: 22.050 GC heap after
{Heap after GC invocations=33 (full 0):
 garbage-first heap   total 207872K, used 100086K [0x0000000080000000, 0x0000000100000000)
  region size 1024K, 5 young (5120K), 5 survivors (5120K)
 Metaspace       used 88706K, capacity 90845K, committed 91008K, reserved 1128448K
  class space    used 11321K, capacity 12109K, committed 12236K, reserved 1048576K
}
Event: 22.744 GC heap before
{Heap before GC invocations=33 (full 0):
 garbage-first heap   total 207872K, used 151286K [0x0000000080000000, 0x0000000100000000)
  region size 1024K, 56 young (57344K), 5 survivors (5120K)
 Metaspace       used 93022K, capacity 95094K, committed 95232K, reserved 1132544K
  class space    used 11783K, capacity 12565K, committed 12620K, reserved 1048576K
}
Event: 22.770 GC heap after
{Heap after GC invocations=34 (full 0):
 garbage-first heap   total 207872K, used 105927K [0x0000000080000000, 0x0000000100000000)
  region size 1024K, 6 young (6144K), 6 survivors (6144K)
 Metaspace       used 93022K, capacity 95094K, committed 95232K, reserved 1132544K
  class space    used 11783K, capacity 12565K, committed 12620K, reserved 1048576K
}
Event: 24.084 GC heap before
{Heap before GC invocations=35 (full 0):
 garbage-first heap   total 207872K, used 147911K [0x0000000080000000, 0x0000000100000000)
  region size 1024K, 56 young (57344K), 6 survivors (6144K)
 Metaspace       used 95393K, capacity 97582K, committed 97792K, reserved 1134592K
  class space    used 12013K, capacity 12824K, committed 12876K, reserved 1048576K
}
Event: 24.110 GC heap after
{Heap after GC invocations=36 (full 0):
 garbage-first heap   total 207872K, used 97989K [0x0000000080000000, 0x0000000100000000)
  region size 1024K, 4 young (4096K), 4 survivors (4096K)
 Metaspace       used 95393K, capacity 97582K, committed 97792K, reserved 1134592K
  class space    used 12013K, capacity 12824K, committed 12876K, reserved 1048576K
}
Event: 24.276 GC heap before
{Heap before GC invocations=36 (full 0):
 garbage-first heap   total 207872K, used 103109K [0x0000000080000000, 0x0000000100000000)
  region size 1024K, 10 young (10240K), 4 survivors (4096K)
 Metaspace       used 95471K, capacity 97666K, committed 97792K, reserved 1134592K
  class space    used 12022K, capacity 12829K, committed 12876K, reserved 1048576K
}

