# JRE version: OpenJDK Runtime Environment (11.0.11+9) (build 11.0.11+9-b60-7590822)
# Java VM: OpenJDK 64-Bit Server VM (11.0.11+9-b60-7590822, mixed mode, tiered, compressed oops, g1 gc, windows-amd64)
Heap:
 garbage-first heap   total 287744K, used 233418K [0x0000000080000000, 0x0000000100000000)
  region size 1024K, 114 young (116736K), 7 survivors (7168K)
 Metaspace       used 106261K, capacity 109306K, committed 109440K, reserved 1144832K
  class space    used 13295K, capacity 14420K, committed 14464K, reserved 1048576K
GC Heap History (20 events):
Event: 38.615 GC heap before
{Heap before GC invocations=64 (full 0):
 garbage-first heap   total 239616K, used 207536K [0x0000000080000000, 0x0000000100000000)
  region size 1024K, 140 young (143360K), 7 survivors (7168K)
 Metaspace       used 54954K, capacity 56599K, committed 56704K, reserved 1097728K
  class space    used 6966K, capacity 7509K, committed 7552K, reserved 1048576K
}
Event: 38.639 GC heap after
{Heap after GC invocations=65 (full 0):
 garbage-first heap   total 239616K, used 82842K [0x0000000080000000, 0x0000000100000000)
  region size 1024K, 17 young (17408K), 17 survivors (17408K)
 Metaspace       used 54954K, capacity 56599K, committed 56704K, reserved 1097728K
  class space    used 6966K, capacity 7509K, committed 7552K, reserved 1048576K
}
Event: 41.530 GC heap before
{Heap before GC invocations=65 (full 0):
 garbage-first heap   total 239616K, used 197530K [0x0000000080000000, 0x0000000100000000)
  region size 1024K, 129 young (132096K), 17 survivors (17408K)
 Metaspace       used 67954K, capacity 69690K, committed 69888K, reserved 1110016K
  class space    used 8565K, capacity 9149K, committed 9216K, reserved 1048576K
}
Event: 41.571 GC heap after
{Heap after GC invocations=66 (full 0):
 garbage-first heap   total 239616K, used 90843K [0x0000000080000000, 0x0000000100000000)
  region size 1024K, 9 young (9216K), 9 survivors (9216K)
 Metaspace       used 67954K, capacity 69690K, committed 69888K, reserved 1110016K
  class space    used 8565K, capacity 9149K, committed 9216K, reserved 1048576K
}
Event: 42.954 GC heap before
{Heap before GC invocations=66 (full 0):
 garbage-first heap   total 239616K, used 146139K [0x0000000080000000, 0x0000000100000000)
  region size 1024K, 64 young (65536K), 9 survivors (9216K)
 Metaspace       used 71966K, capacity 73821K, committed 73984K, reserved 1114112K
  class space    used 9221K, capacity 9865K, committed 9984K, reserved 1048576K
}
Event: 42.989 GC heap after
{Heap after GC invocations=67 (full 0):
 garbage-first heap   total 287744K, used 94208K [0x0000000080000000, 0x0000000100000000)
  region size 1024K, 4 young (4096K), 4 survivors (4096K)
 Metaspace       used 71966K, capacity 73821K, committed 73984K, reserved 1114112K
  class space    used 9221K, capacity 9865K, committed 9984K, reserved 1048576K
}
Event: 46.020 GC heap before
{Heap before GC invocations=68 (full 0):
 garbage-first heap   total 287744K, used 229376K [0x0000000080000000, 0x0000000100000000)
  region size 1024K, 131 young (134144K), 4 survivors (4096K)
 Metaspace       used 81508K, capacity 83531K, committed 83712K, reserved 1122304K
  class space    used 10423K, capacity 11138K, committed 11264K, reserved 1048576K
}
Event: 46.050 GC heap after
{Heap after GC invocations=69 (full 0):
 garbage-first heap   total 287744K, used 112640K [0x0000000080000000, 0x0000000100000000)
  region size 1024K, 16 young (16384K), 16 survivors (16384K)
 Metaspace       used 81508K, capacity 83531K, committed 83712K, reserved 1122304K
  class space    used 10423K, capacity 11138K, committed 11264K, reserved 1048576K
}
Event: 49.068 GC heap before
{Heap before GC invocations=70 (full 0):
 garbage-first heap   total 287744K, used 227328K [0x0000000080000000, 0x0000000100000000)
  region size 1024K, 128 young (131072K), 16 survivors (16384K)
 Metaspace       used 92529K, capacity 94839K, committed 95104K, reserved 1132544K
  class space    used 11778K, capacity 12597K, committed 12672K, reserved 1048576K
}
Event: 49.114 GC heap after
{Heap after GC invocations=71 (full 0):
 garbage-first heap   total 287744K, used 120776K [0x0000000080000000, 0x0000000100000000)
  region size 1024K, 8 young (8192K), 8 survivors (8192K)
 Metaspace       used 92529K, capacity 94839K, committed 95104K, reserved 1132544K
  class space    used 11778K, capacity 12597K, committed 12672K, reserved 1048576K
}
Event: 51.861 GC heap before
{Heap before GC invocations=71 (full 0):
 garbage-first heap   total 287744K, used 231368K [0x0000000080000000, 0x0000000100000000)
  region size 1024K, 115 young (117760K), 8 survivors (8192K)
 Metaspace       used 94863K, capacity 97283K, committed 97408K, reserved 1134592K
  class space    used 11996K, capacity 12816K, committed 12928K, reserved 1048576K
}
Event: 51.887 GC heap after
{Heap after GC invocations=72 (full 0):
 garbage-first heap   total 287744K, used 128183K [0x0000000080000000, 0x0000000100000000)
  region size 1024K, 13 young (13312K), 13 survivors (13312K)
 Metaspace       used 94863K, capacity 97283K, committed 97408K, reserved 1134592K
  class space    used 11996K, capacity 12816K, committed 12928K, reserved 1048576K
}
Event: 52.869 GC heap before
{Heap before GC invocations=72 (full 0):
 garbage-first heap   total 287744K, used 232631K [0x0000000080000000, 0x0000000100000000)
  region size 1024K, 115 young (117760K), 13 survivors (13312K)
 Metaspace       used 94868K, capacity 97283K, committed 97408K, reserved 1134592K
  class space    used 11996K, capacity 12816K, committed 12928K, reserved 1048576K
}
Event: 52.893 GC heap after
{Heap after GC invocations=73 (full 0):
 garbage-first heap   total 287744K, used 129218K [0x0000000080000000, 0x0000000100000000)
  region size 1024K, 8 young (8192K), 8 survivors (8192K)
 Metaspace       used 94868K, capacity 97283K, committed 97408K, reserved 1134592K
  class space    used 11996K, capacity 12816K, committed 12928K, reserved 1048576K
}
Event: 53.891 GC heap before
{Heap before GC invocations=73 (full 0):
 garbage-first heap   total 287744K, used 236738K [0x0000000080000000, 0x0000000100000000)
  region size 1024K, 113 young (115712K), 8 survivors (8192K)
 Metaspace       used 96216K, capacity 98638K, committed 98816K, reserved 1134592K
  class space    used 12165K, capacity 13012K, committed 13056K, reserved 1048576K
}
Event: 53.903 GC heap after
{Heap after GC invocations=74 (full 0):
 garbage-first heap   total 287744K, used 123972K [0x0000000080000000, 0x0000000100000000)
  region size 1024K, 5 young (5120K), 5 survivors (5120K)
 Metaspace       used 96216K, capacity 98638K, committed 98816K, reserved 1134592K
  class space    used 12165K, capacity 13012K, committed 13056K, reserved 1048576K
}
Event: 1465.060 GC heap before
{Heap before GC invocations=74 (full 0):
 garbage-first heap   total 287744K, used 237636K [0x0000000080000000, 0x0000000100000000)
  region size 1024K, 117 young (119808K), 5 survivors (5120K)
 Metaspace       used 103051K, capacity 105857K, committed 105984K, reserved 1140736K
  class space    used 12898K, capacity 13992K, committed 14080K, reserved 1048576K
}
Event: 1465.080 GC heap after
{Heap after GC invocations=75 (full 0):
 garbage-first heap   total 287744K, used 125530K [0x0000000080000000, 0x0000000100000000)
  region size 1024K, 6 young (6144K), 6 survivors (6144K)
 Metaspace       used 103051K, capacity 105857K, committed 105984K, reserved 1140736K
  class space    used 12898K, capacity 13992K, committed 14080K, reserved 1048576K
}
Event: 4380.448 GC heap before
{Heap before GC invocations=75 (full 0):
 garbage-first heap   total 287744K, used 240218K [0x0000000080000000, 0x0000000100000000)
  region size 1024K, 119 young (121856K), 6 survivors (6144K)
 Metaspace       used 103111K, capacity 105923K, committed 106240K, reserved 1140736K
  class space    used 12899K, capacity 13993K, committed 14080K, reserved 1048576K
}
Event: 4380.468 GC heap after
{Heap after GC invocations=76 (full 0):
 garbage-first heap   total 287744K, used 125898K [0x0000000080000000, 0x0000000100000000)
  region size 1024K, 7 young (7168K), 7 survivors (7168K)
 Metaspace       used 103111K, capacity 105923K, committed 106240K, reserved 1140736K
  class space    used 12899K, capacity 13993K, committed 14080K, reserved 1048576K
}

