# JRE version: OpenJDK Runtime Environment (11.0.11+9) (build 11.0.11+9-b60-7590822)
# Java VM: OpenJDK 64-Bit Server VM (11.0.11+9-b60-7590822, mixed mode, tiered, compressed oops, g1 gc, windows-amd64)
Heap:
 garbage-first heap   total 199680K, used 83889K [0x0000000080000000, 0x0000000100000000)
  region size 1024K, 8 young (8192K), 8 survivors (8192K)
 Metaspace       used 93128K, capacity 95393K, committed 95564K, reserved 1132544K
  class space    used 11751K, capacity 12585K, committed 12620K, reserved 1048576K
GC Heap History (20 events):
Event: 14.210 GC heap after
{Heap after GC invocations=19 (full 0):
 garbage-first heap   total 114688K, used 46310K [0x0000000080000000, 0x0000000100000000)
  region size 1024K, 2 young (2048K), 2 survivors (2048K)
 Metaspace       used 58860K, capacity 60162K, committed 60236K, reserved 1101824K
  class space    used 7432K, capacity 7941K, committed 8012K, reserved 1048576K
}
Event: 15.192 GC heap before
{Heap before GC invocations=20 (full 0):
 garbage-first heap   total 114688K, used 89318K [0x0000000080000000, 0x0000000100000000)
  region size 1024K, 45 young (46080K), 2 survivors (2048K)
 Metaspace       used 63569K, capacity 64996K, committed 65228K, reserved 1105920K
  class space    used 8009K, capacity 8566K, committed 8652K, reserved 1048576K
}
Event: 15.209 GC heap after
{Heap after GC invocations=21 (full 0):
 garbage-first heap   total 114688K, used 50253K [0x0000000080000000, 0x0000000100000000)
  region size 1024K, 6 young (6144K), 6 survivors (6144K)
 Metaspace       used 63569K, capacity 64996K, committed 65228K, reserved 1105920K
  class space    used 8009K, capacity 8566K, committed 8652K, reserved 1048576K
}
Event: 15.861 GC heap before
{Heap before GC invocations=22 (full 0):
 garbage-first heap   total 114688K, used 91213K [0x0000000080000000, 0x0000000100000000)
  region size 1024K, 46 young (47104K), 6 survivors (6144K)
 Metaspace       used 65585K, capacity 67166K, committed 67276K, reserved 1107968K
  class space    used 8299K, capacity 8878K, committed 8908K, reserved 1048576K
}
Event: 15.881 GC heap after
{Heap after GC invocations=23 (full 0):
 garbage-first heap   total 138240K, used 53438K [0x0000000080000000, 0x0000000100000000)
  region size 1024K, 4 young (4096K), 4 survivors (4096K)
 Metaspace       used 65585K, capacity 67166K, committed 67276K, reserved 1107968K
  class space    used 8299K, capacity 8878K, committed 8908K, reserved 1048576K
}
Event: 16.853 GC heap before
{Heap before GC invocations=23 (full 0):
 garbage-first heap   total 138240K, used 102590K [0x0000000080000000, 0x0000000100000000)
  region size 1024K, 52 young (53248K), 4 survivors (4096K)
 Metaspace       used 70100K, capacity 71663K, committed 71884K, reserved 1112064K
  class space    used 9034K, capacity 9628K, committed 9676K, reserved 1048576K
}
Event: 16.868 GC heap after
{Heap after GC invocations=24 (full 0):
 garbage-first heap   total 138240K, used 56439K [0x0000000080000000, 0x0000000100000000)
  region size 1024K, 7 young (7168K), 7 survivors (7168K)
 Metaspace       used 70100K, capacity 71663K, committed 71884K, reserved 1112064K
  class space    used 9034K, capacity 9628K, committed 9676K, reserved 1048576K
}
Event: 17.943 GC heap before
{Heap before GC invocations=24 (full 0):
 garbage-first heap   total 138240K, used 104567K [0x0000000080000000, 0x0000000100000000)
  region size 1024K, 54 young (55296K), 7 survivors (7168K)
 Metaspace       used 74070K, capacity 75761K, committed 76108K, reserved 1116160K
  class space    used 9581K, capacity 10207K, committed 10316K, reserved 1048576K
}
Event: 17.970 GC heap after
{Heap after GC invocations=25 (full 0):
 garbage-first heap   total 138240K, used 59683K [0x0000000080000000, 0x0000000100000000)
  region size 1024K, 7 young (7168K), 7 survivors (7168K)
 Metaspace       used 74070K, capacity 75761K, committed 76108K, reserved 1116160K
  class space    used 9581K, capacity 10207K, committed 10316K, reserved 1048576K
}
Event: 19.140 GC heap before
{Heap before GC invocations=25 (full 0):
 garbage-first heap   total 138240K, used 106787K [0x0000000080000000, 0x0000000100000000)
  region size 1024K, 54 young (55296K), 7 survivors (7168K)
 Metaspace       used 79488K, capacity 81288K, committed 81484K, reserved 1120256K
  class space    used 10309K, capacity 11008K, committed 11084K, reserved 1048576K
}
Event: 19.168 GC heap after
{Heap after GC invocations=26 (full 0):
 garbage-first heap   total 138240K, used 63344K [0x0000000080000000, 0x0000000100000000)
  region size 1024K, 7 young (7168K), 7 survivors (7168K)
 Metaspace       used 79488K, capacity 81288K, committed 81484K, reserved 1120256K
  class space    used 10309K, capacity 11008K, committed 11084K, reserved 1048576K
}
Event: 20.296 GC heap before
{Heap before GC invocations=26 (full 0):
 garbage-first heap   total 138240K, used 109424K [0x0000000080000000, 0x0000000100000000)
  region size 1024K, 53 young (54272K), 7 survivors (7168K)
 Metaspace       used 82919K, capacity 84945K, committed 85068K, reserved 1122304K
  class space    used 10745K, capacity 11500K, committed 11596K, reserved 1048576K
}
Event: 20.323 GC heap after
{Heap after GC invocations=27 (full 0):
 garbage-first heap   total 165888K, used 67255K [0x0000000080000000, 0x0000000100000000)
  region size 1024K, 7 young (7168K), 7 survivors (7168K)
 Metaspace       used 82919K, capacity 84945K, committed 85068K, reserved 1122304K
  class space    used 10745K, capacity 11500K, committed 11596K, reserved 1048576K
}
Event: 21.701 GC heap before
{Heap before GC invocations=27 (full 0):
 garbage-first heap   total 165888K, used 124599K [0x0000000080000000, 0x0000000100000000)
  region size 1024K, 64 young (65536K), 7 survivors (7168K)
 Metaspace       used 83713K, capacity 85734K, committed 85836K, reserved 1124352K
  class space    used 10794K, capacity 11564K, committed 11596K, reserved 1048576K
}
Event: 21.736 GC heap after
{Heap after GC invocations=28 (full 0):
 garbage-first heap   total 165888K, used 73044K [0x0000000080000000, 0x0000000100000000)
  region size 1024K, 6 young (6144K), 6 survivors (6144K)
 Metaspace       used 83713K, capacity 85734K, committed 85836K, reserved 1124352K
  class space    used 10794K, capacity 11564K, committed 11596K, reserved 1048576K
}
Event: 22.744 GC heap before
{Heap before GC invocations=28 (full 0):
 garbage-first heap   total 165888K, used 129364K [0x0000000080000000, 0x0000000100000000)
  region size 1024K, 62 young (63488K), 6 survivors (6144K)
 Metaspace       used 85688K, capacity 87754K, committed 87884K, reserved 1126400K
  class space    used 11048K, capacity 11827K, committed 11852K, reserved 1048576K
}
Event: 22.765 GC heap after
{Heap after GC invocations=29 (full 0):
 garbage-first heap   total 165888K, used 75674K [0x0000000080000000, 0x0000000100000000)
  region size 1024K, 3 young (3072K), 3 survivors (3072K)
 Metaspace       used 85688K, capacity 87754K, committed 87884K, reserved 1126400K
  class space    used 11048K, capacity 11827K, committed 11852K, reserved 1048576K
}
Event: 23.840 GC heap before
{Heap before GC invocations=29 (full 0):
 garbage-first heap   total 165888K, used 131994K [0x0000000080000000, 0x0000000100000000)
  region size 1024K, 59 young (60416K), 3 survivors (3072K)
 Metaspace       used 88513K, capacity 90580K, committed 90828K, reserved 1128448K
  class space    used 11385K, capacity 12171K, committed 12236K, reserved 1048576K
}
Event: 23.859 GC heap after
{Heap after GC invocations=30 (full 0):
 garbage-first heap   total 165888K, used 79246K [0x0000000080000000, 0x0000000100000000)
  region size 1024K, 7 young (7168K), 7 survivors (7168K)
 Metaspace       used 88513K, capacity 90580K, committed 90828K, reserved 1128448K
  class space    used 11385K, capacity 12171K, committed 12236K, reserved 1048576K
}
Event: 34.579 GC heap before
{Heap before GC invocations=30 (full 0):
 garbage-first heap   total 165888K, used 133518K [0x0000000080000000, 0x0000000100000000)
  region size 1024K, 61 young (62464K), 7 survivors (7168K)
 Metaspace       used 93128K, capacity 95393K, committed 95564K, reserved 1132544K
  class space    used 11751K, capacity 12585K, committed 12620K, reserved 1048576K
}

