# JRE version: OpenJDK Runtime Environment (11.0.11+9) (build 11.0.11+9-b60-7590822)
# Java VM: OpenJDK 64-Bit Server VM (11.0.11+9-b60-7590822, mixed mode, tiered, compressed oops, g1 gc, windows-amd64)
Heap:
 garbage-first heap   total 206848K, used 96421K [0x0000000080000000, 0x0000000100000000)
  region size 1024K, 5 young (5120K), 5 survivors (5120K)
 Metaspace       used 88287K, capacity 90384K, committed 90752K, reserved 1128448K
  class space    used 11306K, capacity 12095K, committed 12236K, reserved 1048576K
GC Heap History (20 events):
Event: 11.698 GC heap after
{Heap after GC invocations=18 (full 0):
 garbage-first heap   total 114688K, used 45291K [0x0000000080000000, 0x0000000100000000)
  region size 1024K, 8 young (8192K), 8 survivors (8192K)
 Metaspace       used 53131K, capacity 54479K, committed 54732K, reserved 1097728K
  class space    used 6779K, capacity 7311K, committed 7372K, reserved 1048576K
}
Event: 13.004 GC heap before
{Heap before GC invocations=18 (full 0):
 garbage-first heap   total 114688K, used 90347K [0x0000000080000000, 0x0000000100000000)
  region size 1024K, 52 young (53248K), 8 survivors (8192K)
 Metaspace       used 60014K, capacity 61524K, committed 61772K, reserved 1103872K
  class space    used 7605K, capacity 8184K, committed 8268K, reserved 1048576K
}
Event: 13.022 GC heap after
{Heap after GC invocations=19 (full 0):
 garbage-first heap   total 114688K, used 48359K [0x0000000080000000, 0x0000000100000000)
  region size 1024K, 3 young (3072K), 3 survivors (3072K)
 Metaspace       used 60014K, capacity 61524K, committed 61772K, reserved 1103872K
  class space    used 7605K, capacity 8184K, committed 8268K, reserved 1048576K
}
Event: 14.256 GC heap before
{Heap before GC invocations=19 (full 0):
 garbage-first heap   total 114688K, used 90343K [0x0000000080000000, 0x0000000100000000)
  region size 1024K, 46 young (47104K), 3 survivors (3072K)
 Metaspace       used 64309K, capacity 65823K, committed 66048K, reserved 1105920K
  class space    used 8088K, capacity 8651K, committed 8780K, reserved 1048576K
}
Event: 14.276 GC heap after
{Heap after GC invocations=20 (full 0):
 garbage-first heap   total 143360K, used 51844K [0x0000000080000000, 0x0000000100000000)
  region size 1024K, 6 young (6144K), 6 survivors (6144K)
 Metaspace       used 64309K, capacity 65823K, committed 66048K, reserved 1105920K
  class space    used 8088K, capacity 8651K, committed 8780K, reserved 1048576K
}
Event: 15.695 GC heap before
{Heap before GC invocations=21 (full 0):
 garbage-first heap   total 143360K, used 108164K [0x0000000080000000, 0x0000000100000000)
  region size 1024K, 60 young (61440K), 6 survivors (6144K)
 Metaspace       used 66427K, capacity 67968K, committed 68096K, reserved 1107968K
  class space    used 8390K, capacity 8976K, committed 9036K, reserved 1048576K
}
Event: 15.722 GC heap after
{Heap after GC invocations=22 (full 0):
 garbage-first heap   total 143360K, used 55896K [0x0000000080000000, 0x0000000100000000)
  region size 1024K, 8 young (8192K), 8 survivors (8192K)
 Metaspace       used 66427K, capacity 67968K, committed 68096K, reserved 1107968K
  class space    used 8390K, capacity 8976K, committed 9036K, reserved 1048576K
}
Event: 17.130 GC heap before
{Heap before GC invocations=23 (full 0):
 garbage-first heap   total 143360K, used 110168K [0x0000000080000000, 0x0000000100000000)
  region size 1024K, 61 young (62464K), 8 survivors (8192K)
 Metaspace       used 72350K, capacity 73998K, committed 74240K, reserved 1114112K
  class space    used 9355K, capacity 9971K, committed 10060K, reserved 1048576K
}
Event: 17.153 GC heap after
{Heap after GC invocations=24 (full 0):
 garbage-first heap   total 143360K, used 59313K [0x0000000080000000, 0x0000000100000000)
  region size 1024K, 8 young (8192K), 8 survivors (8192K)
 Metaspace       used 72350K, capacity 73998K, committed 74240K, reserved 1114112K
  class space    used 9355K, capacity 9971K, committed 10060K, reserved 1048576K
}
Event: 18.288 GC heap before
{Heap before GC invocations=24 (full 0):
 garbage-first heap   total 143360K, used 112561K [0x0000000080000000, 0x0000000100000000)
  region size 1024K, 60 young (61440K), 8 survivors (8192K)
 Metaspace       used 78121K, capacity 79857K, committed 79872K, reserved 1118208K
  class space    used 10152K, capacity 10814K, committed 10828K, reserved 1048576K
}
Event: 18.312 GC heap after
{Heap after GC invocations=25 (full 0):
 garbage-first heap   total 143360K, used 63118K [0x0000000080000000, 0x0000000100000000)
  region size 1024K, 7 young (7168K), 7 survivors (7168K)
 Metaspace       used 78121K, capacity 79857K, committed 79872K, reserved 1118208K
  class space    used 10152K, capacity 10814K, committed 10828K, reserved 1048576K
}
Event: 19.631 GC heap before
{Heap before GC invocations=25 (full 0):
 garbage-first heap   total 143360K, used 114318K [0x0000000080000000, 0x0000000100000000)
  region size 1024K, 58 young (59392K), 7 survivors (7168K)
 Metaspace       used 82763K, capacity 84819K, committed 84992K, reserved 1122304K
  class space    used 10743K, capacity 11502K, committed 11596K, reserved 1048576K
}
Event: 19.658 GC heap after
{Heap after GC invocations=26 (full 0):
 garbage-first heap   total 172032K, used 67947K [0x0000000080000000, 0x0000000100000000)
  region size 1024K, 8 young (8192K), 8 survivors (8192K)
 Metaspace       used 82763K, capacity 84819K, committed 84992K, reserved 1122304K
  class space    used 10743K, capacity 11502K, committed 11596K, reserved 1048576K
}
Event: 21.005 GC heap before
{Heap before GC invocations=26 (full 0):
 garbage-first heap   total 172032K, used 130411K [0x0000000080000000, 0x0000000100000000)
  region size 1024K, 68 young (69632K), 8 survivors (8192K)
 Metaspace       used 84274K, capacity 86381K, committed 86656K, reserved 1124352K
  class space    used 10902K, capacity 11695K, committed 11724K, reserved 1048576K
}
Event: 21.044 GC heap after
{Heap after GC invocations=27 (full 0):
 garbage-first heap   total 172032K, used 80566K [0x0000000080000000, 0x0000000100000000)
  region size 1024K, 9 young (9216K), 9 survivors (9216K)
 Metaspace       used 84274K, capacity 86381K, committed 86656K, reserved 1124352K
  class space    used 10902K, capacity 11695K, committed 11724K, reserved 1048576K
}
Event: 21.622 GC heap before
{Heap before GC invocations=27 (full 0):
 garbage-first heap   total 172032K, used 111286K [0x0000000080000000, 0x0000000100000000)
  region size 1024K, 38 young (38912K), 9 survivors (9216K)
 Metaspace       used 84789K, capacity 86863K, committed 87040K, reserved 1124352K
  class space    used 10954K, capacity 11728K, committed 11852K, reserved 1048576K
}
Event: 21.663 GC heap after
{Heap after GC invocations=28 (full 0):
 garbage-first heap   total 172032K, used 93092K [0x0000000080000000, 0x0000000100000000)
  region size 1024K, 8 young (8192K), 8 survivors (8192K)
 Metaspace       used 84789K, capacity 86863K, committed 87040K, reserved 1124352K
  class space    used 10954K, capacity 11728K, committed 11852K, reserved 1048576K
}
Event: 22.538 GC heap before
{Heap before GC invocations=29 (full 0):
 garbage-first heap   total 172032K, used 139172K [0x0000000080000000, 0x0000000100000000)
  region size 1024K, 42 young (43008K), 8 survivors (8192K)
 Metaspace       used 87917K, capacity 90026K, committed 90240K, reserved 1128448K
  class space    used 11286K, capacity 12082K, committed 12236K, reserved 1048576K
}
Event: 22.569 GC heap after
{Heap after GC invocations=30 (full 0):
 garbage-first heap   total 172032K, used 95040K [0x0000000080000000, 0x0000000100000000)
  region size 1024K, 3 young (3072K), 3 survivors (3072K)
 Metaspace       used 87917K, capacity 90026K, committed 90240K, reserved 1128448K
  class space    used 11286K, capacity 12082K, committed 12236K, reserved 1048576K
}
Event: 23.145 GC heap before
{Heap before GC invocations=30 (full 0):
 garbage-first heap   total 172032K, used 129856K [0x0000000080000000, 0x0000000100000000)
  region size 1024K, 38 young (38912K), 3 survivors (3072K)
 Metaspace       used 88287K, capacity 90384K, committed 90752K, reserved 1128448K
  class space    used 11306K, capacity 12095K, committed 12236K, reserved 1048576K
}

