# JRE version: OpenJDK Runtime Environment (11.0.11+9) (build 11.0.11+9-b60-7590822)
# Java VM: OpenJDK 64-Bit Server VM (11.0.11+9-b60-7590822, mixed mode, tiered, compressed oops, g1 gc, windows-amd64)
Heap:
 garbage-first heap   total 200704K, used 75776K [0x0000000080000000, 0x0000000100000000)
  region size 1024K, 3 young (3072K), 3 survivors (3072K)
 Metaspace       used 85178K, capacity 87306K, committed 87372K, reserved 1124352K
  class space    used 10987K, capacity 11789K, committed 11852K, reserved 1048576K
GC Heap History (20 events):
Event: 13.201 GC heap after
{Heap after GC invocations=19 (full 0):
 garbage-first heap   total 114688K, used 46088K [0x0000000080000000, 0x0000000100000000)
  region size 1024K, 2 young (2048K), 2 survivors (2048K)
 Metaspace       used 53653K, capacity 54934K, committed 54988K, reserved 1097728K
  class space    used 6839K, capacity 7333K, committed 7372K, reserved 1048576K
}
Event: 14.288 GC heap before
{Heap before GC invocations=19 (full 0):
 garbage-first heap   total 114688K, used 85000K [0x0000000080000000, 0x0000000100000000)
  region size 1024K, 40 young (40960K), 2 survivors (2048K)
 Metaspace       used 59715K, capacity 61102K, committed 61132K, reserved 1101824K
  class space    used 7548K, capacity 8127K, committed 8140K, reserved 1048576K
}
Event: 14.300 GC heap after
{Heap after GC invocations=20 (full 0):
 garbage-first heap   total 114688K, used 47385K [0x0000000080000000, 0x0000000100000000)
  region size 1024K, 4 young (4096K), 4 survivors (4096K)
 Metaspace       used 59715K, capacity 61102K, committed 61132K, reserved 1101824K
  class space    used 7548K, capacity 8127K, committed 8140K, reserved 1048576K
}
Event: 15.327 GC heap before
{Heap before GC invocations=20 (full 0):
 garbage-first heap   total 114688K, used 85273K [0x0000000080000000, 0x0000000100000000)
  region size 1024K, 42 young (43008K), 4 survivors (4096K)
 Metaspace       used 63678K, capacity 65125K, committed 65228K, reserved 1105920K
  class space    used 8012K, capacity 8567K, committed 8652K, reserved 1048576K
}
Event: 15.346 GC heap after
{Heap after GC invocations=21 (full 0):
 garbage-first heap   total 138240K, used 50830K [0x0000000080000000, 0x0000000100000000)
  region size 1024K, 6 young (6144K), 6 survivors (6144K)
 Metaspace       used 63678K, capacity 65125K, committed 65228K, reserved 1105920K
  class space    used 8012K, capacity 8567K, committed 8652K, reserved 1048576K
}
Event: 15.568 GC heap before
{Heap before GC invocations=21 (full 0):
 garbage-first heap   total 138240K, used 59022K [0x0000000080000000, 0x0000000100000000)
  region size 1024K, 15 young (15360K), 6 survivors (6144K)
 Metaspace       used 64434K, capacity 65859K, committed 65996K, reserved 1105920K
  class space    used 8094K, capacity 8640K, committed 8652K, reserved 1048576K
}
Event: 15.592 GC heap after
{Heap after GC invocations=22 (full 0):
 garbage-first heap   total 138240K, used 51850K [0x0000000080000000, 0x0000000100000000)
  region size 1024K, 4 young (4096K), 4 survivors (4096K)
 Metaspace       used 64434K, capacity 65859K, committed 65996K, reserved 1105920K
  class space    used 8094K, capacity 8640K, committed 8652K, reserved 1048576K
}
Event: 16.584 GC heap before
{Heap before GC invocations=23 (full 0):
 garbage-first heap   total 138240K, used 88714K [0x0000000080000000, 0x0000000100000000)
  region size 1024K, 39 young (39936K), 4 survivors (4096K)
 Metaspace       used 65701K, capacity 67238K, committed 67276K, reserved 1107968K
  class space    used 8302K, capacity 8878K, committed 8908K, reserved 1048576K
}
Event: 16.607 GC heap after
{Heap after GC invocations=24 (full 0):
 garbage-first heap   total 138240K, used 54370K [0x0000000080000000, 0x0000000100000000)
  region size 1024K, 4 young (4096K), 4 survivors (4096K)
 Metaspace       used 65701K, capacity 67238K, committed 67276K, reserved 1107968K
  class space    used 8302K, capacity 8878K, committed 8908K, reserved 1048576K
}
Event: 17.568 GC heap before
{Heap before GC invocations=25 (full 0):
 garbage-first heap   total 138240K, used 91234K [0x0000000080000000, 0x0000000100000000)
  region size 1024K, 40 young (40960K), 4 survivors (4096K)
 Metaspace       used 68931K, capacity 70432K, committed 70604K, reserved 1110016K
  class space    used 8791K, capacity 9367K, committed 9420K, reserved 1048576K
}
Event: 17.581 GC heap after
{Heap after GC invocations=26 (full 0):
 garbage-first heap   total 138240K, used 56991K [0x0000000080000000, 0x0000000100000000)
  region size 1024K, 5 young (5120K), 5 survivors (5120K)
 Metaspace       used 68931K, capacity 70432K, committed 70604K, reserved 1110016K
  class space    used 8791K, capacity 9367K, committed 9420K, reserved 1048576K
}
Event: 18.630 GC heap before
{Heap before GC invocations=26 (full 0):
 garbage-first heap   total 138240K, used 95903K [0x0000000080000000, 0x0000000100000000)
  region size 1024K, 43 young (44032K), 5 survivors (5120K)
 Metaspace       used 72760K, capacity 74419K, committed 74572K, reserved 1114112K
  class space    used 9407K, capacity 10045K, committed 10060K, reserved 1048576K
}
Event: 18.648 GC heap after
{Heap after GC invocations=27 (full 0):
 garbage-first heap   total 165888K, used 59831K [0x0000000080000000, 0x0000000100000000)
  region size 1024K, 6 young (6144K), 6 survivors (6144K)
 Metaspace       used 72760K, capacity 74419K, committed 74572K, reserved 1114112K
  class space    used 9407K, capacity 10045K, committed 10060K, reserved 1048576K
}
Event: 19.921 GC heap before
{Heap before GC invocations=27 (full 0):
 garbage-first heap   total 165888K, used 108983K [0x0000000080000000, 0x0000000100000000)
  region size 1024K, 54 young (55296K), 6 survivors (6144K)
 Metaspace       used 78239K, capacity 79990K, committed 80204K, reserved 1118208K
  class space    used 10160K, capacity 10814K, committed 10828K, reserved 1048576K
}
Event: 19.939 GC heap after
{Heap after GC invocations=28 (full 0):
 garbage-first heap   total 165888K, used 62895K [0x0000000080000000, 0x0000000100000000)
  region size 1024K, 6 young (6144K), 6 survivors (6144K)
 Metaspace       used 78239K, capacity 79990K, committed 80204K, reserved 1118208K
  class space    used 10160K, capacity 10814K, committed 10828K, reserved 1048576K
}
Event: 21.406 GC heap before
{Heap before GC invocations=28 (full 0):
 garbage-first heap   total 165888K, used 119215K [0x0000000080000000, 0x0000000100000000)
  region size 1024K, 62 young (63488K), 6 survivors (6144K)
 Metaspace       used 82863K, capacity 84856K, committed 85068K, reserved 1122304K
  class space    used 10744K, capacity 11492K, committed 11596K, reserved 1048576K
}
Event: 21.444 GC heap after
{Heap after GC invocations=29 (full 0):
 garbage-first heap   total 165888K, used 68608K [0x0000000080000000, 0x0000000100000000)
  region size 1024K, 8 young (8192K), 8 survivors (8192K)
 Metaspace       used 82863K, capacity 84856K, committed 85068K, reserved 1122304K
  class space    used 10744K, capacity 11492K, committed 11596K, reserved 1048576K
}
Event: 22.684 GC heap before
{Heap before GC invocations=29 (full 0):
 garbage-first heap   total 165888K, used 121856K [0x0000000080000000, 0x0000000100000000)
  region size 1024K, 61 young (62464K), 8 survivors (8192K)
 Metaspace       used 83624K, capacity 85706K, committed 85836K, reserved 1124352K
  class space    used 10795K, capacity 11558K, committed 11596K, reserved 1048576K
}
Event: 22.727 GC heap after
{Heap after GC invocations=30 (full 0):
 garbage-first heap   total 165888K, used 72903K [0x0000000080000000, 0x0000000100000000)
  region size 1024K, 5 young (5120K), 5 survivors (5120K)
 Metaspace       used 83624K, capacity 85706K, committed 85836K, reserved 1124352K
  class space    used 10795K, capacity 11558K, committed 11596K, reserved 1048576K
}
Event: 23.653 GC heap before
{Heap before GC invocations=30 (full 0):
 garbage-first heap   total 165888K, used 124103K [0x0000000080000000, 0x0000000100000000)
  region size 1024K, 56 young (57344K), 5 survivors (5120K)
 Metaspace       used 85178K, capacity 87306K, committed 87372K, reserved 1124352K
  class space    used 10987K, capacity 11789K, committed 11852K, reserved 1048576K
}

