# JRE version: OpenJDK Runtime Environment (11.0.11+9) (build 11.0.11+9-b60-7590822)
# Java VM: OpenJDK 64-Bit Server VM (11.0.11+9-b60-7590822, mixed mode, tiered, compressed oops, g1 gc, windows-amd64)
Heap:
 garbage-first heap   total 199680K, used 102875K [0x0000000080000000, 0x0000000100000000)
  region size 1024K, 10 young (10240K), 3 survivors (3072K)
 Metaspace       used 115534K, capacity 118849K, committed 118860K, reserved 1153024K
  class space    used 14967K, capacity 16203K, committed 16204K, reserved 1048576K
GC Heap History (20 events):
Event: 18.574 GC heap before
{Heap before GC invocations=24 (full 0):
 garbage-first heap   total 138240K, used 109912K [0x0000000080000000, 0x0000000100000000)
  region size 1024K, 56 young (57344K), 7 survivors (7168K)
 Metaspace       used 82083K, capacity 84068K, committed 84300K, reserved 1122304K
  class space    used 10618K, capacity 11338K, committed 11340K, reserved 1048576K
}
Event: 18.602 GC heap after
{Heap after GC invocations=25 (full 0):
 garbage-first heap   total 165888K, used 65536K [0x0000000080000000, 0x0000000100000000)
  region size 1024K, 7 young (7168K), 7 survivors (7168K)
 Metaspace       used 82083K, capacity 84068K, committed 84300K, reserved 1122304K
  class space    used 10618K, capacity 11338K, committed 11340K, reserved 1048576K
}
Event: 20.549 GC heap before
{Heap before GC invocations=25 (full 0):
 garbage-first heap   total 165888K, used 126976K [0x0000000080000000, 0x0000000100000000)
  region size 1024K, 68 young (69632K), 7 survivors (7168K)
 Metaspace       used 83546K, capacity 85630K, committed 85836K, reserved 1124352K
  class space    used 10796K, capacity 11545K, committed 11596K, reserved 1048576K
}
Event: 20.577 GC heap after
{Heap after GC invocations=26 (full 0):
 garbage-first heap   total 165888K, used 70845K [0x0000000080000000, 0x0000000100000000)
  region size 1024K, 5 young (5120K), 5 survivors (5120K)
 Metaspace       used 83546K, capacity 85630K, committed 85836K, reserved 1124352K
  class space    used 10796K, capacity 11545K, committed 11596K, reserved 1048576K
}
Event: 22.492 GC heap before
{Heap before GC invocations=26 (full 0):
 garbage-first heap   total 165888K, used 130237K [0x0000000080000000, 0x0000000100000000)
  region size 1024K, 64 young (65536K), 5 survivors (5120K)
 Metaspace       used 84324K, capacity 86476K, committed 86732K, reserved 1124352K
  class space    used 10841K, capacity 11666K, committed 11724K, reserved 1048576K
}
Event: 22.518 GC heap after
{Heap after GC invocations=27 (full 0):
 garbage-first heap   total 165888K, used 75417K [0x0000000080000000, 0x0000000100000000)
  region size 1024K, 5 young (5120K), 5 survivors (5120K)
 Metaspace       used 84324K, capacity 86476K, committed 86732K, reserved 1124352K
  class space    used 10841K, capacity 11666K, committed 11724K, reserved 1048576K
}
Event: 24.128 GC heap before
{Heap before GC invocations=27 (full 0):
 garbage-first heap   total 165888K, used 131737K [0x0000000080000000, 0x0000000100000000)
  region size 1024K, 61 young (62464K), 5 survivors (5120K)
 Metaspace       used 90053K, capacity 92311K, committed 92620K, reserved 1128448K
  class space    used 11832K, capacity 12642K, committed 12748K, reserved 1048576K
}
Event: 24.155 GC heap after
{Heap after GC invocations=28 (full 0):
 garbage-first heap   total 165888K, used 82483K [0x0000000080000000, 0x0000000100000000)
  region size 1024K, 7 young (7168K), 7 survivors (7168K)
 Metaspace       used 90053K, capacity 92311K, committed 92620K, reserved 1128448K
  class space    used 11832K, capacity 12642K, committed 12748K, reserved 1048576K
}
Event: 24.854 GC heap before
{Heap before GC invocations=28 (full 0):
 garbage-first heap   total 165888K, used 100915K [0x0000000080000000, 0x0000000100000000)
  region size 1024K, 27 young (27648K), 7 survivors (7168K)
 Metaspace       used 93169K, capacity 95649K, committed 95948K, reserved 1132544K
  class space    used 12278K, capacity 13213K, committed 13260K, reserved 1048576K
}
Event: 24.891 GC heap after
{Heap after GC invocations=29 (full 0):
 garbage-first heap   total 199680K, used 84894K [0x0000000080000000, 0x0000000100000000)
  region size 1024K, 4 young (4096K), 4 survivors (4096K)
 Metaspace       used 93169K, capacity 95649K, committed 95948K, reserved 1132544K
  class space    used 12278K, capacity 13213K, committed 13260K, reserved 1048576K
}
Event: 26.235 GC heap before
{Heap before GC invocations=30 (full 0):
 garbage-first heap   total 199680K, used 143262K [0x0000000080000000, 0x0000000100000000)
  region size 1024K, 61 young (62464K), 4 survivors (4096K)
 Metaspace       used 96987K, capacity 99443K, committed 99788K, reserved 1134592K
  class space    used 12760K, capacity 13685K, committed 13772K, reserved 1048576K
}
Event: 26.258 GC heap after
{Heap after GC invocations=31 (full 0):
 garbage-first heap   total 199680K, used 84676K [0x0000000080000000, 0x0000000100000000)
  region size 1024K, 4 young (4096K), 4 survivors (4096K)
 Metaspace       used 96987K, capacity 99443K, committed 99788K, reserved 1134592K
  class space    used 12760K, capacity 13685K, committed 13772K, reserved 1048576K
}
Event: 26.835 GC heap before
{Heap before GC invocations=31 (full 0):
 garbage-first heap   total 199680K, used 109252K [0x0000000080000000, 0x0000000100000000)
  region size 1024K, 25 young (25600K), 4 survivors (4096K)
 Metaspace       used 98341K, capacity 100848K, committed 101068K, reserved 1136640K
  class space    used 12938K, capacity 13923K, committed 14028K, reserved 1048576K
}
Event: 26.847 GC heap after
{Heap after GC invocations=32 (full 0):
 garbage-first heap   total 199680K, used 90630K [0x0000000080000000, 0x0000000100000000)
  region size 1024K, 5 young (5120K), 5 survivors (5120K)
 Metaspace       used 98341K, capacity 100848K, committed 101068K, reserved 1136640K
  class space    used 12938K, capacity 13923K, committed 14028K, reserved 1048576K
}
Event: 195.611 GC heap before
{Heap before GC invocations=33 (full 0):
 garbage-first heap   total 199680K, used 158214K [0x0000000080000000, 0x0000000100000000)
  region size 1024K, 61 young (62464K), 5 survivors (5120K)
 Metaspace       used 103018K, capacity 105630K, committed 105804K, reserved 1140736K
  class space    used 13320K, capacity 14292K, committed 14412K, reserved 1048576K
}
Event: 195.632 GC heap after
{Heap after GC invocations=34 (full 0):
 garbage-first heap   total 199680K, used 88654K [0x0000000080000000, 0x0000000100000000)
  region size 1024K, 8 young (8192K), 8 survivors (8192K)
 Metaspace       used 103018K, capacity 105630K, committed 105804K, reserved 1140736K
  class space    used 13320K, capacity 14292K, committed 14412K, reserved 1048576K
}
Event: 197.237 GC heap before
{Heap before GC invocations=34 (full 0):
 garbage-first heap   total 199680K, used 149070K [0x0000000080000000, 0x0000000100000000)
  region size 1024K, 68 young (69632K), 8 survivors (8192K)
 Metaspace       used 109271K, capacity 112046K, committed 112332K, reserved 1146880K
  class space    used 14138K, capacity 15183K, committed 15308K, reserved 1048576K
}
Event: 197.279 GC heap after
{Heap after GC invocations=35 (full 0):
 garbage-first heap   total 199680K, used 94121K [0x0000000080000000, 0x0000000100000000)
  region size 1024K, 9 young (9216K), 9 survivors (9216K)
 Metaspace       used 109271K, capacity 112046K, committed 112332K, reserved 1146880K
  class space    used 14138K, capacity 15183K, committed 15308K, reserved 1048576K
}
Event: 199.504 GC heap before
{Heap before GC invocations=35 (full 0):
 garbage-first heap   total 199680K, used 156585K [0x0000000080000000, 0x0000000100000000)
  region size 1024K, 68 young (69632K), 9 survivors (9216K)
 Metaspace       used 114903K, capacity 118043K, committed 118348K, reserved 1150976K
  class space    used 14883K, capacity 16108K, committed 16204K, reserved 1048576K
}
Event: 199.530 GC heap after
{Heap after GC invocations=36 (full 0):
 garbage-first heap   total 199680K, used 97755K [0x0000000080000000, 0x0000000100000000)
  region size 1024K, 3 young (3072K), 3 survivors (3072K)
 Metaspace       used 114903K, capacity 118043K, committed 118348K, reserved 1150976K
  class space    used 14883K, capacity 16108K, committed 16204K, reserved 1048576K
}

