# JRE version: OpenJDK Runtime Environment (11.0.11+9) (build 11.0.11+9-b60-7590822)
# Java VM: OpenJDK 64-Bit Server VM (11.0.11+9-b60-7590822, mixed mode, tiered, compressed oops, g1 gc, windows-amd64)
Heap:
 garbage-first heap   total 226304K, used 92672K [0x0000000080000000, 0x0000000100000000)
  region size 1024K, 2 young (2048K), 2 survivors (2048K)
 Metaspace       used 91042K, capacity 93281K, committed 93516K, reserved 1130496K
  class space    used 11705K, capacity 12525K, committed 12620K, reserved 1048576K
GC Heap History (20 events):
Event: 11.283 GC heap after
{Heap after GC invocations=17 (full 0):
 garbage-first heap   total 114688K, used 46023K [0x0000000080000000, 0x0000000100000000)
  region size 1024K, 4 young (4096K), 4 survivors (4096K)
 Metaspace       used 53302K, capacity 54685K, committed 54732K, reserved 1097728K
  class space    used 6815K, capacity 7337K, committed 7372K, reserved 1048576K
}
Event: 12.216 GC heap before
{Heap before GC invocations=17 (full 0):
 garbage-first heap   total 114688K, used 81863K [0x0000000080000000, 0x0000000100000000)
  region size 1024K, 40 young (40960K), 4 survivors (4096K)
 Metaspace       used 58782K, capacity 60194K, committed 60236K, reserved 1101824K
  class space    used 7431K, capacity 7975K, committed 8012K, reserved 1048576K
}
Event: 12.230 GC heap after
{Heap after GC invocations=18 (full 0):
 garbage-first heap   total 114688K, used 47313K [0x0000000080000000, 0x0000000100000000)
  region size 1024K, 2 young (2048K), 2 survivors (2048K)
 Metaspace       used 58782K, capacity 60194K, committed 60236K, reserved 1101824K
  class space    used 7431K, capacity 7975K, committed 8012K, reserved 1048576K
}
Event: 13.156 GC heap before
{Heap before GC invocations=19 (full 0):
 garbage-first heap   total 114688K, used 88273K [0x0000000080000000, 0x0000000100000000)
  region size 1024K, 43 young (44032K), 2 survivors (2048K)
 Metaspace       used 63385K, capacity 64852K, committed 64972K, reserved 1105920K
  class space    used 7996K, capacity 8563K, committed 8652K, reserved 1048576K
}
Event: 13.171 GC heap after
{Heap after GC invocations=20 (full 0):
 garbage-first heap   total 138240K, used 51026K [0x0000000080000000, 0x0000000100000000)
  region size 1024K, 6 young (6144K), 6 survivors (6144K)
 Metaspace       used 63385K, capacity 64852K, committed 64972K, reserved 1105920K
  class space    used 7996K, capacity 8563K, committed 8652K, reserved 1048576K
}
Event: 13.989 GC heap before
{Heap before GC invocations=21 (full 0):
 garbage-first heap   total 138240K, used 102226K [0x0000000080000000, 0x0000000100000000)
  region size 1024K, 56 young (57344K), 6 survivors (6144K)
 Metaspace       used 65603K, capacity 67165K, committed 67276K, reserved 1107968K
  class space    used 8305K, capacity 8878K, committed 8908K, reserved 1048576K
}
Event: 14.010 GC heap after
{Heap after GC invocations=22 (full 0):
 garbage-first heap   total 138240K, used 54781K [0x0000000080000000, 0x0000000100000000)
  region size 1024K, 4 young (4096K), 4 survivors (4096K)
 Metaspace       used 65603K, capacity 67165K, committed 67276K, reserved 1107968K
  class space    used 8305K, capacity 8878K, committed 8908K, reserved 1048576K
}
Event: 15.116 GC heap before
{Heap before GC invocations=22 (full 0):
 garbage-first heap   total 138240K, used 105981K [0x0000000080000000, 0x0000000100000000)
  region size 1024K, 54 young (55296K), 4 survivors (4096K)
 Metaspace       used 71035K, capacity 72519K, committed 72780K, reserved 1112064K
  class space    used 9159K, capacity 9742K, committed 9804K, reserved 1048576K
}
Event: 15.132 GC heap after
{Heap after GC invocations=23 (full 0):
 garbage-first heap   total 138240K, used 57563K [0x0000000080000000, 0x0000000100000000)
  region size 1024K, 7 young (7168K), 7 survivors (7168K)
 Metaspace       used 71035K, capacity 72519K, committed 72780K, reserved 1112064K
  class space    used 9159K, capacity 9742K, committed 9804K, reserved 1048576K
}
Event: 16.144 GC heap before
{Heap before GC invocations=23 (full 0):
 garbage-first heap   total 138240K, used 107739K [0x0000000080000000, 0x0000000100000000)
  region size 1024K, 56 young (57344K), 7 survivors (7168K)
 Metaspace       used 75094K, capacity 76804K, committed 77004K, reserved 1116160K
  class space    used 9739K, capacity 10405K, committed 10444K, reserved 1048576K
}
Event: 16.167 GC heap after
{Heap after GC invocations=24 (full 0):
 garbage-first heap   total 138240K, used 61193K [0x0000000080000000, 0x0000000100000000)
  region size 1024K, 7 young (7168K), 7 survivors (7168K)
 Metaspace       used 75094K, capacity 76804K, committed 77004K, reserved 1116160K
  class space    used 9739K, capacity 10405K, committed 10444K, reserved 1048576K
}
Event: 17.224 GC heap before
{Heap before GC invocations=24 (full 0):
 garbage-first heap   total 138240K, used 109321K [0x0000000080000000, 0x0000000100000000)
  region size 1024K, 55 young (56320K), 7 survivors (7168K)
 Metaspace       used 80848K, capacity 82684K, committed 82892K, reserved 1120256K
  class space    used 10421K, capacity 11128K, committed 11212K, reserved 1048576K
}
Event: 17.249 GC heap after
{Heap after GC invocations=25 (full 0):
 garbage-first heap   total 165888K, used 65536K [0x0000000080000000, 0x0000000100000000)
  region size 1024K, 7 young (7168K), 7 survivors (7168K)
 Metaspace       used 80848K, capacity 82684K, committed 82892K, reserved 1120256K
  class space    used 10421K, capacity 11128K, committed 11212K, reserved 1048576K
}
Event: 18.703 GC heap before
{Heap before GC invocations=25 (full 0):
 garbage-first heap   total 165888K, used 124928K [0x0000000080000000, 0x0000000100000000)
  region size 1024K, 66 young (67584K), 7 survivors (7168K)
 Metaspace       used 83216K, capacity 85318K, committed 85580K, reserved 1124352K
  class space    used 10779K, capacity 11576K, committed 11596K, reserved 1048576K
}
Event: 18.729 GC heap after
{Heap after GC invocations=26 (full 0):
 garbage-first heap   total 165888K, used 70345K [0x0000000080000000, 0x0000000100000000)
  region size 1024K, 5 young (5120K), 5 survivors (5120K)
 Metaspace       used 83216K, capacity 85318K, committed 85580K, reserved 1124352K
  class space    used 10779K, capacity 11576K, committed 11596K, reserved 1048576K
}
Event: 19.932 GC heap before
{Heap before GC invocations=26 (full 0):
 garbage-first heap   total 165888K, used 128713K [0x0000000080000000, 0x0000000100000000)
  region size 1024K, 59 young (60416K), 5 survivors (5120K)
 Metaspace       used 84852K, capacity 87007K, committed 87116K, reserved 1124352K
  class space    used 10970K, capacity 11776K, committed 11852K, reserved 1048576K
}
Event: 20.027 GC heap after
{Heap after GC invocations=27 (full 0):
 garbage-first heap   total 165888K, used 91765K [0x0000000080000000, 0x0000000100000000)
  region size 1024K, 8 young (8192K), 8 survivors (8192K)
 Metaspace       used 84852K, capacity 87007K, committed 87116K, reserved 1124352K
  class space    used 10970K, capacity 11776K, committed 11852K, reserved 1048576K
}
Event: 21.088 GC heap before
{Heap before GC invocations=28 (full 0):
 garbage-first heap   total 165888K, used 138869K [0x0000000080000000, 0x0000000100000000)
  region size 1024K, 43 young (44032K), 8 survivors (8192K)
 Metaspace       used 88602K, capacity 90818K, committed 91084K, reserved 1128448K
  class space    used 11390K, capacity 12196K, committed 12236K, reserved 1048576K
}
Event: 21.120 GC heap after
{Heap after GC invocations=29 (full 0):
 garbage-first heap   total 165888K, used 92378K [0x0000000080000000, 0x0000000100000000)
  region size 1024K, 2 young (2048K), 2 survivors (2048K)
 Metaspace       used 88602K, capacity 90818K, committed 91084K, reserved 1128448K
  class space    used 11390K, capacity 12196K, committed 12236K, reserved 1048576K
}
Event: 21.725 GC heap before
{Heap before GC invocations=29 (full 0):
 garbage-first heap   total 165888K, used 127194K [0x0000000080000000, 0x0000000100000000)
  region size 1024K, 37 young (37888K), 2 survivors (2048K)
 Metaspace       used 91042K, capacity 93281K, committed 93516K, reserved 1130496K
  class space    used 11705K, capacity 12525K, committed 12620K, reserved 1048576K
}

