# JRE version: OpenJDK Runtime Environment (11.0.11+9) (build 11.0.11+9-b60-7590822)
# Java VM: OpenJDK 64-Bit Server VM (11.0.11+9-b60-7590822, mixed mode, tiered, compressed oops, g1 gc, windows-amd64)
Heap:
 garbage-first heap   total 239616K, used 93199K [0x0000000080000000, 0x0000000100000000)
  region size 1024K, 6 young (6144K), 6 survivors (6144K)
 Metaspace       used 112291K, capacity 115206K, committed 115300K, reserved 1148928K
  class space    used 14564K, capacity 15660K, committed 15716K, reserved 1048576K
GC Heap History (20 events):
Event: 17.000 GC heap after
{Heap after GC invocations=24 (full 0):
 garbage-first heap   total 138240K, used 57683K [0x0000000080000000, 0x0000000100000000)
  region size 1024K, 7 young (7168K), 7 survivors (7168K)
 Metaspace       used 70391K, capacity 71955K, committed 72140K, reserved 1112064K
  class space    used 9078K, capacity 9661K, committed 9676K, reserved 1048576K
}
Event: 18.193 GC heap before
{Heap before GC invocations=24 (full 0):
 garbage-first heap   total 138240K, used 105811K [0x0000000080000000, 0x0000000100000000)
  region size 1024K, 54 young (55296K), 7 survivors (7168K)
 Metaspace       used 74258K, capacity 75939K, committed 76108K, reserved 1116160K
  class space    used 9604K, capacity 10242K, committed 10316K, reserved 1048576K
}
Event: 18.214 GC heap after
{Heap after GC invocations=25 (full 0):
 garbage-first heap   total 138240K, used 61225K [0x0000000080000000, 0x0000000100000000)
  region size 1024K, 7 young (7168K), 7 survivors (7168K)
 Metaspace       used 74258K, capacity 75939K, committed 76108K, reserved 1116160K
  class space    used 9604K, capacity 10242K, committed 10316K, reserved 1048576K
}
Event: 19.540 GC heap before
{Heap before GC invocations=25 (full 0):
 garbage-first heap   total 138240K, used 107305K [0x0000000080000000, 0x0000000100000000)
  region size 1024K, 53 young (54272K), 7 survivors (7168K)
 Metaspace       used 79665K, capacity 81547K, committed 81740K, reserved 1120256K
  class space    used 10326K, capacity 11008K, committed 11084K, reserved 1048576K
}
Event: 19.562 GC heap after
{Heap after GC invocations=26 (full 0):
 garbage-first heap   total 165888K, used 64541K [0x0000000080000000, 0x0000000100000000)
  region size 1024K, 7 young (7168K), 7 survivors (7168K)
 Metaspace       used 79665K, capacity 81547K, committed 81740K, reserved 1120256K
  class space    used 10326K, capacity 11008K, committed 11084K, reserved 1048576K
}
Event: 21.355 GC heap before
{Heap before GC invocations=26 (full 0):
 garbage-first heap   total 165888K, used 120861K [0x0000000080000000, 0x0000000100000000)
  region size 1024K, 63 young (64512K), 7 survivors (7168K)
 Metaspace       used 83033K, capacity 85107K, committed 85324K, reserved 1122304K
  class space    used 10747K, capacity 11506K, committed 11596K, reserved 1048576K
}
Event: 21.385 GC heap after
{Heap after GC invocations=27 (full 0):
 garbage-first heap   total 165888K, used 69348K [0x0000000080000000, 0x0000000100000000)
  region size 1024K, 8 young (8192K), 8 survivors (8192K)
 Metaspace       used 83033K, capacity 85107K, committed 85324K, reserved 1122304K
  class space    used 10747K, capacity 11506K, committed 11596K, reserved 1048576K
}
Event: 22.934 GC heap before
{Heap before GC invocations=27 (full 0):
 garbage-first heap   total 165888K, used 124644K [0x0000000080000000, 0x0000000100000000)
  region size 1024K, 63 young (64512K), 8 survivors (8192K)
 Metaspace       used 85433K, capacity 87523K, committed 87756K, reserved 1124352K
  class space    used 11068K, capacity 11870K, committed 11980K, reserved 1048576K
}
Event: 22.982 GC heap after
{Heap after GC invocations=28 (full 0):
 garbage-first heap   total 165888K, used 72688K [0x0000000080000000, 0x0000000100000000)
  region size 1024K, 4 young (4096K), 4 survivors (4096K)
 Metaspace       used 85433K, capacity 87523K, committed 87756K, reserved 1124352K
  class space    used 11068K, capacity 11870K, committed 11980K, reserved 1048576K
}
Event: 24.376 GC heap before
{Heap before GC invocations=28 (full 0):
 garbage-first heap   total 165888K, used 127984K [0x0000000080000000, 0x0000000100000000)
  region size 1024K, 59 young (60416K), 4 survivors (4096K)
 Metaspace       used 87862K, capacity 89962K, committed 90316K, reserved 1128448K
  class space    used 11323K, capacity 12136K, committed 12236K, reserved 1048576K
}
Event: 24.401 GC heap after
{Heap after GC invocations=29 (full 0):
 garbage-first heap   total 165888K, used 76349K [0x0000000080000000, 0x0000000100000000)
  region size 1024K, 7 young (7168K), 7 survivors (7168K)
 Metaspace       used 87862K, capacity 89962K, committed 90316K, reserved 1128448K
  class space    used 11323K, capacity 12136K, committed 12236K, reserved 1048576K
}
Event: 28.394 GC heap before
{Heap before GC invocations=29 (full 0):
 garbage-first heap   total 165888K, used 130621K [0x0000000080000000, 0x0000000100000000)
  region size 1024K, 61 young (62464K), 7 survivors (7168K)
 Metaspace       used 89082K, capacity 91233K, committed 91468K, reserved 1128448K
  class space    used 11450K, capacity 12257K, committed 12364K, reserved 1048576K
}
Event: 28.420 GC heap after
{Heap after GC invocations=30 (full 0):
 garbage-first heap   total 199680K, used 80120K [0x0000000080000000, 0x0000000100000000)
  region size 1024K, 8 young (8192K), 8 survivors (8192K)
 Metaspace       used 89082K, capacity 91233K, committed 91468K, reserved 1128448K
  class space    used 11450K, capacity 12257K, committed 12364K, reserved 1048576K
}
Event: 29.795 GC heap before
{Heap before GC invocations=30 (full 0):
 garbage-first heap   total 199680K, used 150776K [0x0000000080000000, 0x0000000100000000)
  region size 1024K, 78 young (79872K), 8 survivors (8192K)
 Metaspace       used 91073K, capacity 93212K, committed 93388K, reserved 1130496K
  class space    used 11680K, capacity 12468K, committed 12492K, reserved 1048576K
}
Event: 29.822 GC heap after
{Heap after GC invocations=31 (full 0):
 garbage-first heap   total 199680K, used 84434K [0x0000000080000000, 0x0000000100000000)
  region size 1024K, 9 young (9216K), 9 survivors (9216K)
 Metaspace       used 91073K, capacity 93212K, committed 93388K, reserved 1130496K
  class space    used 11680K, capacity 12468K, committed 12492K, reserved 1048576K
}
Event: 32.622 GC heap before
{Heap before GC invocations=31 (full 0):
 garbage-first heap   total 199680K, used 157138K [0x0000000080000000, 0x0000000100000000)
  region size 1024K, 79 young (80896K), 9 survivors (9216K)
 Metaspace       used 99358K, capacity 101733K, committed 101964K, reserved 1138688K
  class space    used 12699K, capacity 13581K, committed 13644K, reserved 1048576K
}
Event: 32.649 GC heap after
{Heap after GC invocations=32 (full 0):
 garbage-first heap   total 199680K, used 90136K [0x0000000080000000, 0x0000000100000000)
  region size 1024K, 8 young (8192K), 8 survivors (8192K)
 Metaspace       used 99358K, capacity 101733K, committed 101964K, reserved 1138688K
  class space    used 12699K, capacity 13581K, committed 13644K, reserved 1048576K
}
Event: 34.347 GC heap before
{Heap before GC invocations=32 (full 0):
 garbage-first heap   total 199680K, used 143384K [0x0000000080000000, 0x0000000100000000)
  region size 1024K, 60 young (61440K), 8 survivors (8192K)
 Metaspace       used 105950K, capacity 108565K, committed 108620K, reserved 1142784K
  class space    used 13625K, capacity 14636K, committed 14668K, reserved 1048576K
}
Event: 34.399 GC heap after
{Heap after GC invocations=33 (full 0):
 garbage-first heap   total 199680K, used 93884K [0x0000000080000000, 0x0000000100000000)
  region size 1024K, 10 young (10240K), 10 survivors (10240K)
 Metaspace       used 105950K, capacity 108565K, committed 108620K, reserved 1142784K
  class space    used 13625K, capacity 14636K, committed 14668K, reserved 1048576K
}
Event: 36.865 GC heap before
{Heap before GC invocations=34 (full 0):
 garbage-first heap   total 199680K, used 160444K [0x0000000080000000, 0x0000000100000000)
  region size 1024K, 75 young (76800K), 10 survivors (10240K)
 Metaspace       used 112291K, capacity 115206K, committed 115300K, reserved 1148928K
  class space    used 14564K, capacity 15660K, committed 15716K, reserved 1048576K
}

