# JRE version: OpenJDK Runtime Environment (11.0.11+9) (build 11.0.11+9-b60-7590822)
# Java VM: OpenJDK 64-Bit Server VM (11.0.11+9-b60-7590822, mixed mode, tiered, compressed oops, g1 gc, windows-amd64)
Heap:
 garbage-first heap   total 344064K, used 136704K [0x0000000080000000, 0x0000000100000000)
  region size 1024K, 2 young (2048K), 2 survivors (2048K)
 Metaspace       used 105090K, capacity 107589K, committed 107724K, reserved 1142784K
  class space    used 13324K, capacity 14246K, committed 14336K, reserved 1048576K
GC Heap History (20 events):
Event: 29.820 GC heap after
{Heap after GC invocations=33 (full 0):
 garbage-first heap   total 199680K, used 99087K [0x0000000080000000, 0x0000000100000000)
  region size 1024K, 4 young (4096K), 4 survivors (4096K)
 Metaspace       used 86573K, capacity 88628K, committed 88908K, reserved 1126400K
  class space    used 11096K, capacity 11854K, committed 11904K, reserved 1048576K
}
Event: 30.646 GC heap before
{Heap before GC invocations=34 (full 0):
 garbage-first heap   total 199680K, used 155407K [0x0000000080000000, 0x0000000100000000)
  region size 1024K, 47 young (48128K), 4 survivors (4096K)
 Metaspace       used 87775K, capacity 89891K, committed 90060K, reserved 1128448K
  class space    used 11190K, capacity 11998K, committed 12032K, reserved 1048576K
}
Event: 30.666 GC heap after
{Heap after GC invocations=35 (full 0):
 garbage-first heap   total 199680K, used 99967K [0x0000000080000000, 0x0000000100000000)
  region size 1024K, 6 young (6144K), 6 survivors (6144K)
 Metaspace       used 87775K, capacity 89891K, committed 90060K, reserved 1128448K
  class space    used 11190K, capacity 11998K, committed 12032K, reserved 1048576K
}
Event: 32.096 GC heap before
{Heap before GC invocations=35 (full 0):
 garbage-first heap   total 199680K, used 146047K [0x0000000080000000, 0x0000000100000000)
  region size 1024K, 52 young (53248K), 6 survivors (6144K)
 Metaspace       used 90441K, capacity 92644K, committed 92876K, reserved 1130496K
  class space    used 11379K, capacity 12190K, committed 12288K, reserved 1048576K
}
Event: 32.191 GC heap after
{Heap after GC invocations=36 (full 0):
 garbage-first heap   total 199680K, used 103719K [0x0000000080000000, 0x0000000100000000)
  region size 1024K, 7 young (7168K), 7 survivors (7168K)
 Metaspace       used 90441K, capacity 92644K, committed 92876K, reserved 1130496K
  class space    used 11379K, capacity 12190K, committed 12288K, reserved 1048576K
}
Event: 34.546 GC heap before
{Heap before GC invocations=37 (full 0):
 garbage-first heap   total 199680K, used 150823K [0x0000000080000000, 0x0000000100000000)
  region size 1024K, 53 young (54272K), 7 survivors (7168K)
 Metaspace       used 92267K, capacity 94455K, committed 94796K, reserved 1132544K
  class space    used 11558K, capacity 12386K, committed 12416K, reserved 1048576K
}
Event: 34.565 GC heap after
{Heap after GC invocations=38 (full 0):
 garbage-first heap   total 249856K, used 104118K [0x0000000080000000, 0x0000000100000000)
  region size 1024K, 6 young (6144K), 6 survivors (6144K)
 Metaspace       used 92267K, capacity 94455K, committed 94796K, reserved 1132544K
  class space    used 11558K, capacity 12386K, committed 12416K, reserved 1048576K
}
Event: 34.746 GC heap before
{Heap before GC invocations=38 (full 0):
 garbage-first heap   total 249856K, used 109238K [0x0000000080000000, 0x0000000100000000)
  region size 1024K, 12 young (12288K), 6 survivors (6144K)
 Metaspace       used 92409K, capacity 94593K, committed 94796K, reserved 1132544K
  class space    used 11564K, capacity 12387K, committed 12416K, reserved 1048576K
}
Event: 34.768 GC heap after
{Heap after GC invocations=39 (full 0):
 garbage-first heap   total 249856K, used 98503K [0x0000000080000000, 0x0000000100000000)
  region size 1024K, 1 young (1024K), 1 survivors (1024K)
 Metaspace       used 92409K, capacity 94593K, committed 94796K, reserved 1132544K
  class space    used 11564K, capacity 12387K, committed 12416K, reserved 1048576K
}
Event: 36.128 GC heap before
{Heap before GC invocations=39 (full 0):
 garbage-first heap   total 249856K, used 168135K [0x0000000080000000, 0x0000000100000000)
  region size 1024K, 70 young (71680K), 1 survivors (1024K)
 Metaspace       used 96256K, capacity 98458K, committed 98636K, reserved 1134592K
  class space    used 12044K, capacity 12882K, committed 12928K, reserved 1048576K
}
Event: 36.140 GC heap after
{Heap after GC invocations=40 (full 0):
 garbage-first heap   total 249856K, used 100011K [0x0000000080000000, 0x0000000100000000)
  region size 1024K, 3 young (3072K), 3 survivors (3072K)
 Metaspace       used 96256K, capacity 98458K, committed 98636K, reserved 1134592K
  class space    used 12044K, capacity 12882K, committed 12928K, reserved 1048576K
}
Event: 38.141 GC heap before
{Heap before GC invocations=40 (full 0):
 garbage-first heap   total 249856K, used 176811K [0x0000000080000000, 0x0000000100000000)
  region size 1024K, 79 young (80896K), 3 survivors (3072K)
 Metaspace       used 98011K, capacity 100256K, committed 100300K, reserved 1136640K
  class space    used 12204K, capacity 13021K, committed 13056K, reserved 1048576K
}
Event: 38.164 GC heap after
{Heap after GC invocations=41 (full 0):
 garbage-first heap   total 249856K, used 107035K [0x0000000080000000, 0x0000000100000000)
  region size 1024K, 10 young (10240K), 10 survivors (10240K)
 Metaspace       used 98011K, capacity 100256K, committed 100300K, reserved 1136640K
  class space    used 12204K, capacity 13021K, committed 13056K, reserved 1048576K
}
Event: 40.128 GC heap before
{Heap before GC invocations=41 (full 0):
 garbage-first heap   total 249856K, used 197147K [0x0000000080000000, 0x0000000100000000)
  region size 1024K, 88 young (90112K), 10 survivors (10240K)
 Metaspace       used 102518K, capacity 104909K, committed 105164K, reserved 1140736K
  class space    used 12811K, capacity 13714K, committed 13824K, reserved 1048576K
}
Event: 40.164 GC heap after
{Heap after GC invocations=42 (full 0):
 garbage-first heap   total 249856K, used 117337K [0x0000000080000000, 0x0000000100000000)
  region size 1024K, 6 young (6144K), 6 survivors (6144K)
 Metaspace       used 102518K, capacity 104909K, committed 105164K, reserved 1140736K
  class space    used 12811K, capacity 13714K, committed 13824K, reserved 1048576K
}
Event: 40.197 GC heap before
{Heap before GC invocations=42 (full 0):
 garbage-first heap   total 249856K, used 118361K [0x0000000080000000, 0x0000000100000000)
  region size 1024K, 8 young (8192K), 6 survivors (6144K)
 Metaspace       used 102602K, capacity 104990K, committed 105164K, reserved 1140736K
  class space    used 12827K, capacity 13722K, committed 13824K, reserved 1048576K
}
Event: 40.213 GC heap after
{Heap after GC invocations=43 (full 0):
 garbage-first heap   total 249856K, used 117428K [0x0000000080000000, 0x0000000100000000)
  region size 1024K, 6 young (6144K), 6 survivors (6144K)
 Metaspace       used 102602K, capacity 104990K, committed 105164K, reserved 1140736K
  class space    used 12827K, capacity 13722K, committed 13824K, reserved 1048576K
}
Event: 41.860 GC heap before
{Heap before GC invocations=44 (full 0):
 garbage-first heap   total 249856K, used 187060K [0x0000000080000000, 0x0000000100000000)
  region size 1024K, 79 young (80896K), 6 survivors (6144K)
 Metaspace       used 105088K, capacity 107589K, committed 107724K, reserved 1142784K
  class space    used 13324K, capacity 14246K, committed 14336K, reserved 1048576K
}
Event: 42.005 GC heap after
{Heap after GC invocations=45 (full 0):
 garbage-first heap   total 249856K, used 141066K [0x0000000080000000, 0x0000000100000000)
  region size 1024K, 10 young (10240K), 10 survivors (10240K)
 Metaspace       used 105088K, capacity 107589K, committed 107724K, reserved 1142784K
  class space    used 13324K, capacity 14246K, committed 14336K, reserved 1048576K
}
Event: 42.057 GC heap before
{Heap before GC invocations=45 (full 0):
 garbage-first heap   total 249856K, used 143114K [0x0000000080000000, 0x0000000100000000)
  region size 1024K, 12 young (12288K), 10 survivors (10240K)
 Metaspace       used 105090K, capacity 107589K, committed 107724K, reserved 1142784K
  class space    used 13324K, capacity 14246K, committed 14336K, reserved 1048576K
}

