# JRE version: OpenJDK Runtime Environment (11.0.11+9) (build 11.0.11+9-b60-7590822)
# Java VM: OpenJDK 64-Bit Server VM (11.0.11+9-b60-7590822, mixed mode, tiered, compressed oops, g1 gc, windows-amd64)
Heap:
 garbage-first heap   total 199680K, used 151463K [0x0000000080000000, 0x0000000100000000)
  region size 1024K, 30 young (30720K), 8 survivors (8192K)
 Metaspace       used 95874K, capacity 98194K, committed 98456K, reserved 1134592K
  class space    used 12555K, capacity 13444K, committed 13464K, reserved 1048576K
GC Heap History (20 events):
Event: 16.862 GC heap before
{Heap before GC invocations=21 (full 0):
 garbage-first heap   total 138240K, used 99167K [0x0000000080000000, 0x0000000100000000)
  region size 1024K, 54 young (55296K), 6 survivors (6144K)
 Metaspace       used 65609K, capacity 67164K, committed 67352K, reserved 1107968K
  class space    used 8298K, capacity 8878K, committed 8984K, reserved 1048576K
}
Event: 16.880 GC heap after
{Heap after GC invocations=22 (full 0):
 garbage-first heap   total 138240K, used 53317K [0x0000000080000000, 0x0000000100000000)
  region size 1024K, 4 young (4096K), 4 survivors (4096K)
 Metaspace       used 65609K, capacity 67164K, committed 67352K, reserved 1107968K
  class space    used 8298K, capacity 8878K, committed 8984K, reserved 1048576K
}
Event: 17.942 GC heap before
{Heap before GC invocations=22 (full 0):
 garbage-first heap   total 138240K, used 102469K [0x0000000080000000, 0x0000000100000000)
  region size 1024K, 52 young (53248K), 4 survivors (4096K)
 Metaspace       used 70920K, capacity 72433K, committed 72600K, reserved 1112064K
  class space    used 9136K, capacity 9734K, committed 9880K, reserved 1048576K
}
Event: 17.956 GC heap after
{Heap after GC invocations=23 (full 0):
 garbage-first heap   total 138240K, used 56641K [0x0000000080000000, 0x0000000100000000)
  region size 1024K, 7 young (7168K), 7 survivors (7168K)
 Metaspace       used 70920K, capacity 72433K, committed 72600K, reserved 1112064K
  class space    used 9136K, capacity 9734K, committed 9880K, reserved 1048576K
}
Event: 18.966 GC heap before
{Heap before GC invocations=23 (full 0):
 garbage-first heap   total 138240K, used 105793K [0x0000000080000000, 0x0000000100000000)
  region size 1024K, 55 young (56320K), 7 survivors (7168K)
 Metaspace       used 75326K, capacity 76924K, committed 77080K, reserved 1116160K
  class space    used 9819K, capacity 10422K, committed 10520K, reserved 1048576K
}
Event: 18.994 GC heap after
{Heap after GC invocations=24 (full 0):
 garbage-first heap   total 138240K, used 59195K [0x0000000080000000, 0x0000000100000000)
  region size 1024K, 6 young (6144K), 6 survivors (6144K)
 Metaspace       used 75326K, capacity 76924K, committed 77080K, reserved 1116160K
  class space    used 9819K, capacity 10422K, committed 10520K, reserved 1048576K
}
Event: 20.100 GC heap before
{Heap before GC invocations=24 (full 0):
 garbage-first heap   total 138240K, used 107323K [0x0000000080000000, 0x0000000100000000)
  region size 1024K, 54 young (55296K), 6 survivors (6144K)
 Metaspace       used 80698K, capacity 82541K, committed 82840K, reserved 1120256K
  class space    used 10381K, capacity 11083K, committed 11160K, reserved 1048576K
}
Event: 20.126 GC heap after
{Heap after GC invocations=25 (full 0):
 garbage-first heap   total 165888K, used 64512K [0x0000000080000000, 0x0000000100000000)
  region size 1024K, 7 young (7168K), 7 survivors (7168K)
 Metaspace       used 80698K, capacity 82541K, committed 82840K, reserved 1120256K
  class space    used 10381K, capacity 11083K, committed 11160K, reserved 1048576K
}
Event: 21.555 GC heap before
{Heap before GC invocations=25 (full 0):
 garbage-first heap   total 165888K, used 120832K [0x0000000080000000, 0x0000000100000000)
  region size 1024K, 63 young (64512K), 7 survivors (7168K)
 Metaspace       used 83108K, capacity 85136K, committed 85272K, reserved 1122304K
  class space    used 10743K, capacity 11496K, committed 11544K, reserved 1048576K
}
Event: 21.592 GC heap after
{Heap after GC invocations=26 (full 0):
 garbage-first heap   total 165888K, used 68786K [0x0000000080000000, 0x0000000100000000)
  region size 1024K, 4 young (4096K), 4 survivors (4096K)
 Metaspace       used 83108K, capacity 85136K, committed 85272K, reserved 1122304K
  class space    used 10743K, capacity 11496K, committed 11544K, reserved 1048576K
}
Event: 23.065 GC heap before
{Heap before GC invocations=26 (full 0):
 garbage-first heap   total 165888K, used 125106K [0x0000000080000000, 0x0000000100000000)
  region size 1024K, 60 young (61440K), 4 survivors (4096K)
 Metaspace       used 84543K, capacity 86666K, committed 86808K, reserved 1124352K
  class space    used 10894K, capacity 11688K, committed 11800K, reserved 1048576K
}
Event: 23.087 GC heap after
{Heap after GC invocations=27 (full 0):
 garbage-first heap   total 165888K, used 72719K [0x0000000080000000, 0x0000000100000000)
  region size 1024K, 8 young (8192K), 8 survivors (8192K)
 Metaspace       used 84543K, capacity 86666K, committed 86808K, reserved 1124352K
  class space    used 10894K, capacity 11688K, committed 11800K, reserved 1048576K
}
Event: 23.893 GC heap before
{Heap before GC invocations=27 (full 0):
 garbage-first heap   total 165888K, used 128015K [0x0000000080000000, 0x0000000100000000)
  region size 1024K, 63 young (64512K), 8 survivors (8192K)
 Metaspace       used 86534K, capacity 88707K, committed 88856K, reserved 1126400K
  class space    used 11146K, capacity 11950K, committed 12056K, reserved 1048576K
}
Event: 23.926 GC heap after
{Heap after GC invocations=28 (full 0):
 garbage-first heap   total 165888K, used 75377K [0x0000000080000000, 0x0000000100000000)
  region size 1024K, 3 young (3072K), 3 survivors (3072K)
 Metaspace       used 86534K, capacity 88707K, committed 88856K, reserved 1126400K
  class space    used 11146K, capacity 11950K, committed 12056K, reserved 1048576K
}
Event: 24.483 GC heap before
{Heap before GC invocations=28 (full 0):
 garbage-first heap   total 165888K, used 103025K [0x0000000080000000, 0x0000000100000000)
  region size 1024K, 30 young (30720K), 3 survivors (3072K)
 Metaspace       used 87851K, capacity 89976K, committed 90264K, reserved 1128448K
  class space    used 11298K, capacity 12089K, committed 12184K, reserved 1048576K
}
Event: 24.499 GC heap after
{Heap after GC invocations=29 (full 0):
 garbage-first heap   total 199680K, used 77931K [0x0000000080000000, 0x0000000100000000)
  region size 1024K, 4 young (4096K), 4 survivors (4096K)
 Metaspace       used 87851K, capacity 89976K, committed 90264K, reserved 1128448K
  class space    used 11298K, capacity 12089K, committed 12184K, reserved 1048576K
}
Event: 26.381 GC heap before
{Heap before GC invocations=30 (full 0):
 garbage-first heap   total 199680K, used 157803K [0x0000000080000000, 0x0000000100000000)
  region size 1024K, 70 young (71680K), 4 survivors (4096K)
 Metaspace       used 93537K, capacity 95769K, committed 95896K, reserved 1132544K
  class space    used 12253K, capacity 13095K, committed 13208K, reserved 1048576K
}
Event: 26.433 GC heap after
{Heap after GC invocations=31 (full 0):
 garbage-first heap   total 199680K, used 105472K [0x0000000080000000, 0x0000000100000000)
  region size 1024K, 9 young (9216K), 9 survivors (9216K)
 Metaspace       used 93537K, capacity 95769K, committed 95896K, reserved 1132544K
  class space    used 12253K, capacity 13095K, committed 13208K, reserved 1048576K
}
Event: 27.233 GC heap before
{Heap before GC invocations=31 (full 0):
 garbage-first heap   total 199680K, used 156672K [0x0000000080000000, 0x0000000100000000)
  region size 1024K, 59 young (60416K), 9 survivors (9216K)
 Metaspace       used 93998K, capacity 96192K, committed 96408K, reserved 1132544K
  class space    used 12277K, capacity 13101K, committed 13208K, reserved 1048576K
}
Event: 27.349 GC heap after
{Heap after GC invocations=32 (full 0):
 garbage-first heap   total 199680K, used 129959K [0x0000000080000000, 0x0000000100000000)
  region size 1024K, 8 young (8192K), 8 survivors (8192K)
 Metaspace       used 93998K, capacity 96192K, committed 96408K, reserved 1132544K
  class space    used 12277K, capacity 13101K, committed 13208K, reserved 1048576K
}

