# JRE version: OpenJDK Runtime Environment (11.0.11+9) (build 11.0.11+9-b60-7590822)
# Java VM: OpenJDK 64-Bit Server VM (11.0.11+9-b60-7590822, mixed mode, tiered, compressed oops, g1 gc, windows-amd64)
Heap:
 garbage-first heap   total 252928K, used 96503K [0x0000000080000000, 0x0000000100000000)
  region size 1024K, 5 young (5120K), 5 survivors (5120K)
 Metaspace       used 89038K, capacity 91146K, committed 91340K, reserved 1128448K
  class space    used 11386K, capacity 12211K, committed 12236K, reserved 1048576K
GC Heap History (20 events):
Event: 12.385 GC heap after
{Heap after GC invocations=18 (full 0):
 garbage-first heap   total 114688K, used 46388K [0x0000000080000000, 0x0000000100000000)
  region size 1024K, 2 young (2048K), 2 survivors (2048K)
 Metaspace       used 56540K, capacity 57892K, committed 58060K, reserved 1099776K
  class space    used 7135K, capacity 7616K, committed 7628K, reserved 1048576K
}
Event: 12.789 GC heap before
{Heap before GC invocations=18 (full 0):
 garbage-first heap   total 114688K, used 61748K [0x0000000080000000, 0x0000000100000000)
  region size 1024K, 18 young (18432K), 2 survivors (2048K)
 Metaspace       used 58800K, capacity 60169K, committed 60288K, reserved 1101824K
  class space    used 7425K, capacity 7944K, committed 8012K, reserved 1048576K
}
Event: 12.797 GC heap after
{Heap after GC invocations=19 (full 0):
 garbage-first heap   total 114688K, used 46744K [0x0000000080000000, 0x0000000100000000)
  region size 1024K, 3 young (3072K), 3 survivors (3072K)
 Metaspace       used 58800K, capacity 60169K, committed 60288K, reserved 1101824K
  class space    used 7425K, capacity 7944K, committed 8012K, reserved 1048576K
}
Event: 13.646 GC heap before
{Heap before GC invocations=20 (full 0):
 garbage-first heap   total 114688K, used 83608K [0x0000000080000000, 0x0000000100000000)
  region size 1024K, 40 young (40960K), 3 survivors (3072K)
 Metaspace       used 63126K, capacity 64629K, committed 64972K, reserved 1105920K
  class space    used 7953K, capacity 8530K, committed 8652K, reserved 1048576K
}
Event: 13.664 GC heap after
{Heap after GC invocations=21 (full 0):
 garbage-first heap   total 149504K, used 50275K [0x0000000080000000, 0x0000000100000000)
  region size 1024K, 5 young (5120K), 5 survivors (5120K)
 Metaspace       used 63126K, capacity 64629K, committed 64972K, reserved 1105920K
  class space    used 7953K, capacity 8530K, committed 8652K, reserved 1048576K
}
Event: 14.552 GC heap before
{Heap before GC invocations=22 (full 0):
 garbage-first heap   total 149504K, used 104547K [0x0000000080000000, 0x0000000100000000)
  region size 1024K, 57 young (58368K), 5 survivors (5120K)
 Metaspace       used 65611K, capacity 67166K, committed 67276K, reserved 1107968K
  class space    used 8297K, capacity 8878K, committed 8908K, reserved 1048576K
}
Event: 14.572 GC heap after
{Heap after GC invocations=23 (full 0):
 garbage-first heap   total 149504K, used 54286K [0x0000000080000000, 0x0000000100000000)
  region size 1024K, 8 young (8192K), 8 survivors (8192K)
 Metaspace       used 65611K, capacity 67166K, committed 67276K, reserved 1107968K
  class space    used 8297K, capacity 8878K, committed 8908K, reserved 1048576K
}
Event: 15.654 GC heap before
{Heap before GC invocations=23 (full 0):
 garbage-first heap   total 149504K, used 108558K [0x0000000080000000, 0x0000000100000000)
  region size 1024K, 61 young (62464K), 8 survivors (8192K)
 Metaspace       used 71216K, capacity 72747K, committed 72780K, reserved 1112064K
  class space    used 9180K, capacity 9774K, committed 9804K, reserved 1048576K
}
Event: 15.676 GC heap after
{Heap after GC invocations=24 (full 0):
 garbage-first heap   total 149504K, used 58097K [0x0000000080000000, 0x0000000100000000)
  region size 1024K, 8 young (8192K), 8 survivors (8192K)
 Metaspace       used 71216K, capacity 72747K, committed 72780K, reserved 1112064K
  class space    used 9180K, capacity 9774K, committed 9804K, reserved 1048576K
}
Event: 16.782 GC heap before
{Heap before GC invocations=24 (full 0):
 garbage-first heap   total 149504K, used 111345K [0x0000000080000000, 0x0000000100000000)
  region size 1024K, 60 young (61440K), 8 survivors (8192K)
 Metaspace       used 75846K, capacity 77516K, committed 77644K, reserved 1116160K
  class space    used 9856K, capacity 10470K, committed 10572K, reserved 1048576K
}
Event: 16.804 GC heap after
{Heap after GC invocations=25 (full 0):
 garbage-first heap   total 149504K, used 61662K [0x0000000080000000, 0x0000000100000000)
  region size 1024K, 8 young (8192K), 8 survivors (8192K)
 Metaspace       used 75846K, capacity 77516K, committed 77644K, reserved 1116160K
  class space    used 9856K, capacity 10470K, committed 10572K, reserved 1048576K
}
Event: 18.192 GC heap before
{Heap before GC invocations=25 (full 0):
 garbage-first heap   total 149504K, used 113886K [0x0000000080000000, 0x0000000100000000)
  region size 1024K, 60 young (61440K), 8 survivors (8192K)
 Metaspace       used 82103K, capacity 84078K, committed 84172K, reserved 1122304K
  class space    used 10633K, capacity 11385K, committed 11468K, reserved 1048576K
}
Event: 18.221 GC heap after
{Heap after GC invocations=26 (full 0):
 garbage-first heap   total 180224K, used 66515K [0x0000000080000000, 0x0000000100000000)
  region size 1024K, 8 young (8192K), 8 survivors (8192K)
 Metaspace       used 82103K, capacity 84078K, committed 84172K, reserved 1122304K
  class space    used 10633K, capacity 11385K, committed 11468K, reserved 1048576K
}
Event: 20.372 GC heap before
{Heap before GC invocations=26 (full 0):
 garbage-first heap   total 180224K, used 136147K [0x0000000080000000, 0x0000000100000000)
  region size 1024K, 75 young (76800K), 8 survivors (8192K)
 Metaspace       used 84279K, capacity 86331K, committed 86476K, reserved 1124352K
  class space    used 10892K, capacity 11674K, committed 11724K, reserved 1048576K
}
Event: 20.457 GC heap after
{Heap after GC invocations=27 (full 0):
 garbage-first heap   total 180224K, used 77522K [0x0000000080000000, 0x0000000100000000)
  region size 1024K, 10 young (10240K), 10 survivors (10240K)
 Metaspace       used 84279K, capacity 86331K, committed 86476K, reserved 1124352K
  class space    used 10892K, capacity 11674K, committed 11724K, reserved 1048576K
}
Event: 21.075 GC heap before
{Heap before GC invocations=27 (full 0):
 garbage-first heap   total 180224K, used 121554K [0x0000000080000000, 0x0000000100000000)
  region size 1024K, 43 young (44032K), 10 survivors (10240K)
 Metaspace       used 84844K, capacity 86880K, committed 86988K, reserved 1124352K
  class space    used 10947K, capacity 11708K, committed 11724K, reserved 1048576K
}
Event: 21.123 GC heap after
{Heap after GC invocations=28 (full 0):
 garbage-first heap   total 180224K, used 93184K [0x0000000080000000, 0x0000000100000000)
  region size 1024K, 9 young (9216K), 9 survivors (9216K)
 Metaspace       used 84844K, capacity 86880K, committed 86988K, reserved 1124352K
  class space    used 10947K, capacity 11708K, committed 11724K, reserved 1048576K
}
Event: 22.172 GC heap before
{Heap before GC invocations=29 (full 0):
 garbage-first heap   total 180224K, used 134144K [0x0000000080000000, 0x0000000100000000)
  region size 1024K, 47 young (48128K), 9 survivors (9216K)
 Metaspace       used 88057K, capacity 90215K, committed 90444K, reserved 1128448K
  class space    used 11299K, capacity 12096K, committed 12108K, reserved 1048576K
}
Event: 22.211 GC heap after
{Heap after GC invocations=30 (full 0):
 garbage-first heap   total 180224K, used 94720K [0x0000000080000000, 0x0000000100000000)
  region size 1024K, 3 young (3072K), 3 survivors (3072K)
 Metaspace       used 88057K, capacity 90215K, committed 90444K, reserved 1128448K
  class space    used 11299K, capacity 12096K, committed 12108K, reserved 1048576K
}
Event: 22.828 GC heap before
{Heap before GC invocations=30 (full 0):
 garbage-first heap   total 180224K, used 133632K [0x0000000080000000, 0x0000000100000000)
  region size 1024K, 42 young (43008K), 3 survivors (3072K)
 Metaspace       used 89038K, capacity 91146K, committed 91340K, reserved 1128448K
  class space    used 11386K, capacity 12211K, committed 12236K, reserved 1048576K
}

