# JRE version: OpenJDK Runtime Environment (11.0.11+9) (build 11.0.11+9-b60-7590822)
# Java VM: OpenJDK 64-Bit Server VM (11.0.11+9-b60-7590822, mixed mode, tiered, compressed oops, g1 gc, windows-amd64)
Heap:
 garbage-first heap   total 301056K, used 166246K [0x0000000080000000, 0x0000000100000000)
  region size 1024K, 66 young (67584K), 2 survivors (2048K)
 Metaspace       used 132264K, capacity 136881K, committed 137164K, reserved 1169408K
  class space    used 16030K, capacity 17679K, committed 17868K, reserved 1048576K
GC Heap History (20 events):
Event: 3975.912 GC heap before
{Heap before GC invocations=74 (full 0):
 garbage-first heap   total 301056K, used 207986K [0x0000000080000000, 0x0000000100000000)
  region size 1024K, 91 young (93184K), 2 survivors (2048K)
 Metaspace       used 131356K, capacity 135746K, committed 136268K, reserved 1167360K
  class space    used 15980K, capacity 17583K, committed 17740K, reserved 1048576K
}
Event: 3975.941 GC heap after
{Heap after GC invocations=75 (full 0):
 garbage-first heap   total 301056K, used 115071K [0x0000000080000000, 0x0000000100000000)
  region size 1024K, 7 young (7168K), 7 survivors (7168K)
 Metaspace       used 131356K, capacity 135746K, committed 136268K, reserved 1167360K
  class space    used 15980K, capacity 17583K, committed 17740K, reserved 1048576K
}
Event: 3976.583 GC heap before
{Heap before GC invocations=75 (full 0):
 garbage-first heap   total 301056K, used 136575K [0x0000000080000000, 0x0000000100000000)
  region size 1024K, 30 young (30720K), 7 survivors (7168K)
 Metaspace       used 131377K, capacity 135811K, committed 136268K, reserved 1167360K
  class space    used 15980K, capacity 17583K, committed 17740K, reserved 1048576K
}
Event: 3976.612 GC heap after
{Heap after GC invocations=76 (full 0):
 garbage-first heap   total 301056K, used 118134K [0x0000000080000000, 0x0000000100000000)
  region size 1024K, 10 young (10240K), 10 survivors (10240K)
 Metaspace       used 131377K, capacity 135811K, committed 136268K, reserved 1167360K
  class space    used 15980K, capacity 17583K, committed 17740K, reserved 1048576K
}
Event: 4947.272 GC heap before
{Heap before GC invocations=77 (full 0):
 garbage-first heap   total 301056K, used 229636K [0x0000000080000000, 0x0000000100000000)
  region size 1024K, 113 young (115712K), 10 survivors (10240K)
 Metaspace       used 131449K, capacity 135939K, committed 136268K, reserved 1167360K
  class space    used 15980K, capacity 17583K, committed 17740K, reserved 1048576K
}
Event: 4947.289 GC heap after
{Heap after GC invocations=78 (full 0):
 garbage-first heap   total 301056K, used 112972K [0x0000000080000000, 0x0000000100000000)
  region size 1024K, 2 young (2048K), 2 survivors (2048K)
 Metaspace       used 131449K, capacity 135939K, committed 136268K, reserved 1167360K
  class space    used 15980K, capacity 17583K, committed 17740K, reserved 1048576K
}
Event: 5253.300 GC heap before
{Heap before GC invocations=78 (full 0):
 garbage-first heap   total 301056K, used 125260K [0x0000000080000000, 0x0000000100000000)
  region size 1024K, 14 young (14336K), 2 survivors (2048K)
 Metaspace       used 131449K, capacity 135939K, committed 136268K, reserved 1167360K
  class space    used 15980K, capacity 17583K, committed 17740K, reserved 1048576K
}
Event: 5253.337 GC heap after
{Heap after GC invocations=79 (full 0):
 garbage-first heap   total 301056K, used 98910K [0x0000000080000000, 0x0000000100000000)
  region size 1024K, 1 young (1024K), 1 survivors (1024K)
 Metaspace       used 131449K, capacity 135939K, committed 136268K, reserved 1167360K
  class space    used 15980K, capacity 17583K, committed 17740K, reserved 1048576K
}
Event: 5319.718 GC heap before
{Heap before GC invocations=79 (full 0):
 garbage-first heap   total 301056K, used 149086K [0x0000000080000000, 0x0000000100000000)
  region size 1024K, 52 young (53248K), 1 survivors (1024K)
 Metaspace       used 131479K, capacity 136003K, committed 136524K, reserved 1167360K
  class space    used 15980K, capacity 17583K, committed 17740K, reserved 1048576K
}
Event: 5319.753 GC heap after
{Heap after GC invocations=80 (full 0):
 garbage-first heap   total 301056K, used 105196K [0x0000000080000000, 0x0000000100000000)
  region size 1024K, 7 young (7168K), 7 survivors (7168K)
 Metaspace       used 131479K, capacity 136003K, committed 136524K, reserved 1167360K
  class space    used 15980K, capacity 17583K, committed 17740K, reserved 1048576K
}
Event: 5330.038 GC heap before
{Heap before GC invocations=81 (full 0):
 garbage-first heap   total 301056K, used 219884K [0x0000000080000000, 0x0000000100000000)
  region size 1024K, 112 young (114688K), 7 survivors (7168K)
 Metaspace       used 131580K, capacity 136014K, committed 136524K, reserved 1167360K
  class space    used 15982K, capacity 17584K, committed 17740K, reserved 1048576K
}
Event: 5330.055 GC heap after
{Heap after GC invocations=82 (full 0):
 garbage-first heap   total 301056K, used 104558K [0x0000000080000000, 0x0000000100000000)
  region size 1024K, 6 young (6144K), 6 survivors (6144K)
 Metaspace       used 131580K, capacity 136014K, committed 136524K, reserved 1167360K
  class space    used 15982K, capacity 17584K, committed 17740K, reserved 1048576K
}
Event: 5330.221 GC heap before
{Heap before GC invocations=82 (full 0):
 garbage-first heap   total 301056K, used 111726K [0x0000000080000000, 0x0000000100000000)
  region size 1024K, 14 young (14336K), 6 survivors (6144K)
 Metaspace       used 131580K, capacity 136014K, committed 136524K, reserved 1167360K
  class space    used 15982K, capacity 17584K, committed 17740K, reserved 1048576K
}
Event: 5330.239 GC heap after
{Heap after GC invocations=83 (full 0):
 garbage-first heap   total 301056K, used 90309K [0x0000000080000000, 0x0000000100000000)
  region size 1024K, 2 young (2048K), 2 survivors (2048K)
 Metaspace       used 131580K, capacity 136014K, committed 136524K, reserved 1167360K
  class space    used 15982K, capacity 17584K, committed 17740K, reserved 1048576K
}
Event: 5433.859 GC heap before
{Heap before GC invocations=83 (full 0):
 garbage-first heap   total 301056K, used 152773K [0x0000000080000000, 0x0000000100000000)
  region size 1024K, 65 young (66560K), 2 survivors (2048K)
 Metaspace       used 131664K, capacity 136144K, committed 136524K, reserved 1167360K
  class space    used 15983K, capacity 17584K, committed 17740K, reserved 1048576K
}
Event: 5433.925 GC heap after
{Heap after GC invocations=84 (full 0):
 garbage-first heap   total 301056K, used 97352K [0x0000000080000000, 0x0000000100000000)
  region size 1024K, 9 young (9216K), 9 survivors (9216K)
 Metaspace       used 131664K, capacity 136144K, committed 136524K, reserved 1167360K
  class space    used 15983K, capacity 17584K, committed 17740K, reserved 1048576K
}
Event: 5506.611 GC heap before
{Heap before GC invocations=85 (full 0):
 garbage-first heap   total 301056K, used 229448K [0x0000000080000000, 0x0000000100000000)
  region size 1024K, 128 young (131072K), 9 survivors (9216K)
 Metaspace       used 131927K, capacity 136437K, committed 136780K, reserved 1169408K
  class space    used 15983K, capacity 17584K, committed 17740K, reserved 1048576K
}
Event: 5506.645 GC heap after
{Heap after GC invocations=86 (full 0):
 garbage-first heap   total 301056K, used 104024K [0x0000000080000000, 0x0000000100000000)
  region size 1024K, 11 young (11264K), 11 survivors (11264K)
 Metaspace       used 131927K, capacity 136437K, committed 136780K, reserved 1169408K
  class space    used 15983K, capacity 17584K, committed 17740K, reserved 1048576K
}
Event: 5506.662 GC heap before
{Heap before GC invocations=86 (full 0):
 garbage-first heap   total 301056K, used 107096K [0x0000000080000000, 0x0000000100000000)
  region size 1024K, 14 young (14336K), 11 survivors (11264K)
 Metaspace       used 131927K, capacity 136437K, committed 136780K, reserved 1169408K
  class space    used 15983K, capacity 17584K, committed 17740K, reserved 1048576K
}
Event: 5506.692 GC heap after
{Heap after GC invocations=87 (full 0):
 garbage-first heap   total 301056K, used 101734K [0x0000000080000000, 0x0000000100000000)
  region size 1024K, 2 young (2048K), 2 survivors (2048K)
 Metaspace       used 131927K, capacity 136437K, committed 136780K, reserved 1169408K
  class space    used 15983K, capacity 17584K, committed 17740K, reserved 1048576K
}

