# JRE version: OpenJDK Runtime Environment (11.0.11+9) (build 11.0.11+9-b60-7590822)
# Java VM: OpenJDK 64-Bit Server VM (11.0.11+9-b60-7590822, mixed mode, tiered, compressed oops, g1 gc, windows-amd64)
Heap:
 garbage-first heap   total 248832K, used 105100K [0x0000000080000000, 0x0000000100000000)
  region size 1024K, 2 young (2048K), 2 survivors (2048K)
 Metaspace       used 95752K, capacity 97929K, committed 98072K, reserved 1134592K
  class space    used 12230K, capacity 13047K, committed 13080K, reserved 1048576K
GC Heap History (20 events):
Event: 20.226 GC heap after
{Heap after GC invocations=26 (full 0):
 garbage-first heap   total 138240K, used 60149K [0x0000000080000000, 0x0000000100000000)
  region size 1024K, 6 young (6144K), 6 survivors (6144K)
 Metaspace       used 75150K, capacity 76876K, committed 76952K, reserved 1116160K
  class space    used 9721K, capacity 10342K, committed 10392K, reserved 1048576K
}
Event: 21.491 GC heap before
{Heap before GC invocations=26 (full 0):
 garbage-first heap   total 138240K, used 101109K [0x0000000080000000, 0x0000000100000000)
  region size 1024K, 47 young (48128K), 6 survivors (6144K)
 Metaspace       used 79862K, capacity 81640K, committed 81816K, reserved 1120256K
  class space    used 10340K, capacity 11041K, committed 11160K, reserved 1048576K
}
Event: 21.513 GC heap after
{Heap after GC invocations=27 (full 0):
 garbage-first heap   total 165888K, used 63729K [0x0000000080000000, 0x0000000100000000)
  region size 1024K, 6 young (6144K), 6 survivors (6144K)
 Metaspace       used 79862K, capacity 81640K, committed 81816K, reserved 1120256K
  class space    used 10340K, capacity 11041K, committed 11160K, reserved 1048576K
}
Event: 23.536 GC heap before
{Heap before GC invocations=27 (full 0):
 garbage-first heap   total 165888K, used 114929K [0x0000000080000000, 0x0000000100000000)
  region size 1024K, 57 young (58368K), 6 survivors (6144K)
 Metaspace       used 83089K, capacity 85052K, committed 85272K, reserved 1122304K
  class space    used 10741K, capacity 11488K, committed 11544K, reserved 1048576K
}
Event: 23.562 GC heap after
{Heap after GC invocations=28 (full 0):
 garbage-first heap   total 165888K, used 68583K [0x0000000080000000, 0x0000000100000000)
  region size 1024K, 8 young (8192K), 8 survivors (8192K)
 Metaspace       used 83089K, capacity 85052K, committed 85272K, reserved 1122304K
  class space    used 10741K, capacity 11488K, committed 11544K, reserved 1048576K
}
Event: 25.074 GC heap before
{Heap before GC invocations=28 (full 0):
 garbage-first heap   total 165888K, used 120807K [0x0000000080000000, 0x0000000100000000)
  region size 1024K, 58 young (59392K), 8 survivors (8192K)
 Metaspace       used 84482K, capacity 86479K, committed 86808K, reserved 1124352K
  class space    used 10905K, capacity 11660K, committed 11800K, reserved 1048576K
}
Event: 25.126 GC heap after
{Heap after GC invocations=29 (full 0):
 garbage-first heap   total 165888K, used 83818K [0x0000000080000000, 0x0000000100000000)
  region size 1024K, 8 young (8192K), 8 survivors (8192K)
 Metaspace       used 84482K, capacity 86479K, committed 86808K, reserved 1124352K
  class space    used 10905K, capacity 11660K, committed 11800K, reserved 1048576K
}
Event: 26.186 GC heap before
{Heap before GC invocations=29 (full 0):
 garbage-first heap   total 165888K, used 101226K [0x0000000080000000, 0x0000000100000000)
  region size 1024K, 26 young (26624K), 8 survivors (8192K)
 Metaspace       used 84845K, capacity 86834K, committed 87064K, reserved 1124352K
  class space    used 10937K, capacity 11693K, committed 11800K, reserved 1048576K
}
Event: 26.233 GC heap after
{Heap after GC invocations=30 (full 0):
 garbage-first heap   total 165888K, used 91136K [0x0000000080000000, 0x0000000100000000)
  region size 1024K, 6 young (6144K), 6 survivors (6144K)
 Metaspace       used 84845K, capacity 86834K, committed 87064K, reserved 1124352K
  class space    used 10937K, capacity 11693K, committed 11800K, reserved 1048576K
}
Event: 27.665 GC heap before
{Heap before GC invocations=31 (full 0):
 garbage-first heap   total 165888K, used 133120K [0x0000000080000000, 0x0000000100000000)
  region size 1024K, 33 young (33792K), 6 survivors (6144K)
 Metaspace       used 87856K, capacity 89992K, committed 90264K, reserved 1128448K
  class space    used 11267K, capacity 12068K, committed 12184K, reserved 1048576K
}
Event: 27.693 GC heap after
{Heap after GC invocations=32 (full 0):
 garbage-first heap   total 206848K, used 93476K [0x0000000080000000, 0x0000000100000000)
  region size 1024K, 3 young (3072K), 3 survivors (3072K)
 Metaspace       used 87856K, capacity 89992K, committed 90264K, reserved 1128448K
  class space    used 11267K, capacity 12068K, committed 12184K, reserved 1048576K
}
Event: 29.193 GC heap before
{Heap before GC invocations=32 (full 0):
 garbage-first heap   total 206848K, used 134436K [0x0000000080000000, 0x0000000100000000)
  region size 1024K, 44 young (45056K), 3 survivors (3072K)
 Metaspace       used 88958K, capacity 91085K, committed 91416K, reserved 1128448K
  class space    used 11353K, capacity 12188K, committed 12312K, reserved 1048576K
}
Event: 29.208 GC heap after
{Heap after GC invocations=33 (full 0):
 garbage-first heap   total 206848K, used 95152K [0x0000000080000000, 0x0000000100000000)
  region size 1024K, 4 young (4096K), 4 survivors (4096K)
 Metaspace       used 88958K, capacity 91085K, committed 91416K, reserved 1128448K
  class space    used 11353K, capacity 12188K, committed 12312K, reserved 1048576K
}
Event: 30.139 GC heap before
{Heap before GC invocations=33 (full 0):
 garbage-first heap   total 206848K, used 139184K [0x0000000080000000, 0x0000000100000000)
  region size 1024K, 48 young (49152K), 4 survivors (4096K)
 Metaspace       used 90310K, capacity 92440K, committed 92568K, reserved 1130496K
  class space    used 11537K, capacity 12355K, committed 12440K, reserved 1048576K
}
Event: 30.160 GC heap after
{Heap after GC invocations=34 (full 0):
 garbage-first heap   total 206848K, used 97381K [0x0000000080000000, 0x0000000100000000)
  region size 1024K, 6 young (6144K), 6 survivors (6144K)
 Metaspace       used 90310K, capacity 92440K, committed 92568K, reserved 1130496K
  class space    used 11537K, capacity 12355K, committed 12440K, reserved 1048576K
}
Event: 30.609 GC heap before
{Heap before GC invocations=34 (full 0):
 garbage-first heap   total 206848K, used 112741K [0x0000000080000000, 0x0000000100000000)
  region size 1024K, 23 young (23552K), 6 survivors (6144K)
 Metaspace       used 91128K, capacity 93268K, committed 93464K, reserved 1130496K
  class space    used 11626K, capacity 12429K, committed 12568K, reserved 1048576K
}
Event: 30.632 GC heap after
{Heap after GC invocations=35 (full 0):
 garbage-first heap   total 206848K, used 98069K [0x0000000080000000, 0x0000000100000000)
  region size 1024K, 3 young (3072K), 3 survivors (3072K)
 Metaspace       used 91128K, capacity 93268K, committed 93464K, reserved 1130496K
  class space    used 11626K, capacity 12429K, committed 12568K, reserved 1048576K
}
Event: 32.264 GC heap before
{Heap before GC invocations=36 (full 0):
 garbage-first heap   total 206848K, used 154389K [0x0000000080000000, 0x0000000100000000)
  region size 1024K, 53 young (54272K), 3 survivors (3072K)
 Metaspace       used 95614K, capacity 97777K, committed 98072K, reserved 1134592K
  class space    used 12213K, capacity 13038K, committed 13080K, reserved 1048576K
}
Event: 32.290 GC heap after
{Heap after GC invocations=37 (full 0):
 garbage-first heap   total 206848K, used 109032K [0x0000000080000000, 0x0000000100000000)
  region size 1024K, 7 young (7168K), 7 survivors (7168K)
 Metaspace       used 95614K, capacity 97777K, committed 98072K, reserved 1134592K
  class space    used 12213K, capacity 13038K, committed 13080K, reserved 1048576K
}
Event: 32.416 GC heap before
{Heap before GC invocations=37 (full 0):
 garbage-first heap   total 206848K, used 112104K [0x0000000080000000, 0x0000000100000000)
  region size 1024K, 10 young (10240K), 7 survivors (7168K)
 Metaspace       used 95752K, capacity 97929K, committed 98072K, reserved 1134592K
  class space    used 12230K, capacity 13047K, committed 13080K, reserved 1048576K
}

