# JRE version: OpenJDK Runtime Environment (11.0.11+9) (build 11.0.11+9-b60-7590822)
# Java VM: OpenJDK 64-Bit Server VM (11.0.11+9-b60-7590822, mixed mode, tiered, compressed oops, g1 gc, windows-amd64)
Heap:
 garbage-first heap   total 199680K, used 132953K [0x0000000080000000, 0x0000000100000000)
  region size 1024K, 47 young (48128K), 9 survivors (9216K)
 Metaspace       used 93717K, capacity 95978K, committed 96152K, reserved 1132544K
  class space    used 12263K, capacity 13096K, committed 13208K, reserved 1048576K
GC Heap History (20 events):
Event: 17.282 GC heap before
{Heap before GC invocations=22 (full 0):
 garbage-first heap   total 114688K, used 91109K [0x0000000080000000, 0x0000000100000000)
  region size 1024K, 45 young (46080K), 6 survivors (6144K)
 Metaspace       used 65618K, capacity 67138K, committed 67352K, reserved 1107968K
  class space    used 8293K, capacity 8844K, committed 8984K, reserved 1048576K
}
Event: 17.316 GC heap after
{Heap after GC invocations=23 (full 0):
 garbage-first heap   total 138240K, used 54302K [0x0000000080000000, 0x0000000100000000)
  region size 1024K, 3 young (3072K), 3 survivors (3072K)
 Metaspace       used 65618K, capacity 67138K, committed 67352K, reserved 1107968K
  class space    used 8293K, capacity 8844K, committed 8984K, reserved 1048576K
}
Event: 18.456 GC heap before
{Heap before GC invocations=23 (full 0):
 garbage-first heap   total 138240K, used 100382K [0x0000000080000000, 0x0000000100000000)
  region size 1024K, 48 young (49152K), 3 survivors (3072K)
 Metaspace       used 69297K, capacity 70848K, committed 70936K, reserved 1110016K
  class space    used 8870K, capacity 9463K, committed 9496K, reserved 1048576K
}
Event: 18.473 GC heap after
{Heap after GC invocations=24 (full 0):
 garbage-first heap   total 138240K, used 57139K [0x0000000080000000, 0x0000000100000000)
  region size 1024K, 6 young (6144K), 6 survivors (6144K)
 Metaspace       used 69297K, capacity 70848K, committed 70936K, reserved 1110016K
  class space    used 8870K, capacity 9463K, committed 9496K, reserved 1048576K
}
Event: 19.807 GC heap before
{Heap before GC invocations=24 (full 0):
 garbage-first heap   total 138240K, used 104243K [0x0000000080000000, 0x0000000100000000)
  region size 1024K, 52 young (53248K), 6 survivors (6144K)
 Metaspace       used 73530K, capacity 75182K, committed 75288K, reserved 1114112K
  class space    used 9519K, capacity 10161K, committed 10264K, reserved 1048576K
}
Event: 19.827 GC heap after
{Heap after GC invocations=25 (full 0):
 garbage-first heap   total 138240K, used 60207K [0x0000000080000000, 0x0000000100000000)
  region size 1024K, 7 young (7168K), 7 survivors (7168K)
 Metaspace       used 73530K, capacity 75182K, committed 75288K, reserved 1114112K
  class space    used 9519K, capacity 10161K, committed 10264K, reserved 1048576K
}
Event: 21.162 GC heap before
{Heap before GC invocations=25 (full 0):
 garbage-first heap   total 138240K, used 107311K [0x0000000080000000, 0x0000000100000000)
  region size 1024K, 53 young (54272K), 7 survivors (7168K)
 Metaspace       used 78956K, capacity 80769K, committed 80920K, reserved 1120256K
  class space    used 10237K, capacity 10897K, committed 11032K, reserved 1048576K
}
Event: 21.182 GC heap after
{Heap after GC invocations=26 (full 0):
 garbage-first heap   total 138240K, used 63102K [0x0000000080000000, 0x0000000100000000)
  region size 1024K, 6 young (6144K), 6 survivors (6144K)
 Metaspace       used 78956K, capacity 80769K, committed 80920K, reserved 1120256K
  class space    used 10237K, capacity 10897K, committed 11032K, reserved 1048576K
}
Event: 23.041 GC heap before
{Heap before GC invocations=26 (full 0):
 garbage-first heap   total 138240K, used 109182K [0x0000000080000000, 0x0000000100000000)
  region size 1024K, 52 young (53248K), 6 survivors (6144K)
 Metaspace       used 82906K, capacity 84891K, committed 85016K, reserved 1122304K
  class space    used 10732K, capacity 11478K, committed 11544K, reserved 1048576K
}
Event: 23.068 GC heap after
{Heap after GC invocations=27 (full 0):
 garbage-first heap   total 165888K, used 68263K [0x0000000080000000, 0x0000000100000000)
  region size 1024K, 7 young (7168K), 7 survivors (7168K)
 Metaspace       used 82906K, capacity 84891K, committed 85016K, reserved 1122304K
  class space    used 10732K, capacity 11478K, committed 11544K, reserved 1048576K
}
Event: 24.942 GC heap before
{Heap before GC invocations=27 (full 0):
 garbage-first heap   total 165888K, used 122535K [0x0000000080000000, 0x0000000100000000)
  region size 1024K, 61 young (62464K), 7 survivors (7168K)
 Metaspace       used 83731K, capacity 85799K, committed 85912K, reserved 1124352K
  class space    used 10802K, capacity 11586K, committed 11672K, reserved 1048576K
}
Event: 24.975 GC heap after
{Heap after GC invocations=28 (full 0):
 garbage-first heap   total 165888K, used 73024K [0x0000000080000000, 0x0000000100000000)
  region size 1024K, 5 young (5120K), 5 survivors (5120K)
 Metaspace       used 83731K, capacity 85799K, committed 85912K, reserved 1124352K
  class space    used 10802K, capacity 11586K, committed 11672K, reserved 1048576K
}
Event: 26.376 GC heap before
{Heap before GC invocations=28 (full 0):
 garbage-first heap   total 165888K, used 127296K [0x0000000080000000, 0x0000000100000000)
  region size 1024K, 59 young (60416K), 5 survivors (5120K)
 Metaspace       used 85330K, capacity 87474K, committed 87704K, reserved 1124352K
  class space    used 10989K, capacity 11779K, committed 11928K, reserved 1048576K
}
Event: 26.403 GC heap after
{Heap after GC invocations=29 (full 0):
 garbage-first heap   total 165888K, used 75640K [0x0000000080000000, 0x0000000100000000)
  region size 1024K, 7 young (7168K), 7 survivors (7168K)
 Metaspace       used 85330K, capacity 87474K, committed 87704K, reserved 1124352K
  class space    used 10989K, capacity 11779K, committed 11928K, reserved 1048576K
}
Event: 27.763 GC heap before
{Heap before GC invocations=29 (full 0):
 garbage-first heap   total 165888K, used 129912K [0x0000000080000000, 0x0000000100000000)
  region size 1024K, 61 young (62464K), 7 survivors (7168K)
 Metaspace       used 87375K, capacity 89471K, committed 89752K, reserved 1126400K
  class space    used 11242K, capacity 12046K, committed 12184K, reserved 1048576K
}
Event: 27.793 GC heap after
{Heap after GC invocations=30 (full 0):
 garbage-first heap   total 165888K, used 77972K [0x0000000080000000, 0x0000000100000000)
  region size 1024K, 6 young (6144K), 6 survivors (6144K)
 Metaspace       used 87375K, capacity 89471K, committed 89752K, reserved 1126400K
  class space    used 11242K, capacity 12046K, committed 12184K, reserved 1048576K
}
Event: 27.906 GC heap before
{Heap before GC invocations=30 (full 0):
 garbage-first heap   total 165888K, used 82068K [0x0000000080000000, 0x0000000100000000)
  region size 1024K, 9 young (9216K), 6 survivors (6144K)
 Metaspace       used 87642K, capacity 89765K, committed 90008K, reserved 1126400K
  class space    used 11270K, capacity 12079K, committed 12184K, reserved 1048576K
}
Event: 27.923 GC heap after
{Heap after GC invocations=31 (full 0):
 garbage-first heap   total 199680K, used 80413K [0x0000000080000000, 0x0000000100000000)
  region size 1024K, 3 young (3072K), 3 survivors (3072K)
 Metaspace       used 87642K, capacity 89765K, committed 90008K, reserved 1126400K
  class space    used 11270K, capacity 12079K, committed 12184K, reserved 1048576K
}
Event: 29.164 GC heap before
{Heap before GC invocations=32 (full 0):
 garbage-first heap   total 199680K, used 121373K [0x0000000080000000, 0x0000000100000000)
  region size 1024K, 34 young (34816K), 3 survivors (3072K)
 Metaspace       used 91351K, capacity 93549K, committed 93848K, reserved 1130496K
  class space    used 11762K, capacity 12557K, committed 12696K, reserved 1048576K
}
Event: 29.187 GC heap after
{Heap after GC invocations=33 (full 0):
 garbage-first heap   total 199680K, used 94041K [0x0000000080000000, 0x0000000100000000)
  region size 1024K, 9 young (9216K), 9 survivors (9216K)
 Metaspace       used 91351K, capacity 93549K, committed 93848K, reserved 1130496K
  class space    used 11762K, capacity 12557K, committed 12696K, reserved 1048576K
}

