# JRE version: OpenJDK Runtime Environment (11.0.11+9) (build 11.0.11+9-b60-7590822)
# Java VM: OpenJDK 64-Bit Server VM (11.0.11+9-b60-7590822, mixed mode, tiered, compressed oops, g1 gc, windows-amd64)
Heap:
 garbage-first heap   total 448512K, used 330200K [0x0000000080000000, 0x0000000100000000)
  region size 1024K, 99 young (101376K), 6 survivors (6144K)
 Metaspace       used 142563K, capacity 147076K, committed 147328K, reserved 1177600K
  class space    used 17569K, capacity 19208K, committed 19328K, reserved 1048576K
GC Heap History (20 events):
Event: 504.317 GC heap before
{Heap before GC invocations=113 (full 0):
 garbage-first heap   total 435200K, used 346264K [0x0000000080000000, 0x0000000100000000)
  region size 1024K, 151 young (154624K), 9 survivors (9216K)
 Metaspace       used 134037K, capacity 137736K, committed 137984K, reserved 1169408K
  class space    used 16545K, capacity 17896K, committed 17920K, reserved 1048576K
}
Event: 504.377 GC heap after
{Heap after GC invocations=114 (full 0):
 garbage-first heap   total 435200K, used 201258K [0x0000000080000000, 0x0000000100000000)
  region size 1024K, 9 young (9216K), 9 survivors (9216K)
 Metaspace       used 134037K, capacity 137736K, committed 137984K, reserved 1169408K
  class space    used 16545K, capacity 17896K, committed 17920K, reserved 1048576K
}
Event: 506.088 GC heap before
{Heap before GC invocations=114 (full 0):
 garbage-first heap   total 435200K, used 374314K [0x0000000080000000, 0x0000000100000000)
  region size 1024K, 178 young (182272K), 9 survivors (9216K)
 Metaspace       used 134074K, capacity 137801K, committed 137984K, reserved 1169408K
  class space    used 16545K, capacity 17896K, committed 17920K, reserved 1048576K
}
Event: 506.121 GC heap after
{Heap after GC invocations=115 (full 0):
 garbage-first heap   total 435200K, used 202357K [0x0000000080000000, 0x0000000100000000)
  region size 1024K, 10 young (10240K), 10 survivors (10240K)
 Metaspace       used 134074K, capacity 137801K, committed 137984K, reserved 1169408K
  class space    used 16545K, capacity 17896K, committed 17920K, reserved 1048576K
}
Event: 508.157 GC heap before
{Heap before GC invocations=115 (full 0):
 garbage-first heap   total 435200K, used 376437K [0x0000000080000000, 0x0000000100000000)
  region size 1024K, 180 young (184320K), 10 survivors (10240K)
 Metaspace       used 135491K, capacity 139315K, committed 139520K, reserved 1171456K
  class space    used 16722K, capacity 18129K, committed 18176K, reserved 1048576K
}
Event: 508.196 GC heap after
{Heap after GC invocations=116 (full 0):
 garbage-first heap   total 435200K, used 206667K [0x0000000080000000, 0x0000000100000000)
  region size 1024K, 14 young (14336K), 14 survivors (14336K)
 Metaspace       used 135491K, capacity 139315K, committed 139520K, reserved 1171456K
  class space    used 16722K, capacity 18129K, committed 18176K, reserved 1048576K
}
Event: 510.215 GC heap before
{Heap before GC invocations=116 (full 0):
 garbage-first heap   total 435200K, used 393035K [0x0000000080000000, 0x0000000100000000)
  region size 1024K, 180 young (184320K), 14 survivors (14336K)
 Metaspace       used 138109K, capacity 142157K, committed 142464K, reserved 1173504K
  class space    used 17002K, capacity 18478K, committed 18560K, reserved 1048576K
}
Event: 510.386 GC heap after
{Heap after GC invocations=117 (full 0):
 garbage-first heap   total 448512K, used 251168K [0x0000000080000000, 0x0000000100000000)
  region size 1024K, 23 young (23552K), 23 survivors (23552K)
 Metaspace       used 138109K, capacity 142157K, committed 142464K, reserved 1173504K
  class space    used 17002K, capacity 18478K, committed 18560K, reserved 1048576K
}
Event: 510.698 GC heap before
{Heap before GC invocations=117 (full 0):
 garbage-first heap   total 448512K, used 268576K [0x0000000080000000, 0x0000000100000000)
  region size 1024K, 40 young (40960K), 23 survivors (23552K)
 Metaspace       used 138407K, capacity 142538K, committed 142848K, reserved 1173504K
  class space    used 17058K, capacity 18584K, committed 18688K, reserved 1048576K
}
Event: 510.911 GC heap after
{Heap after GC invocations=118 (full 0):
 garbage-first heap   total 448512K, used 254976K [0x0000000080000000, 0x0000000100000000)
  region size 1024K, 3 young (3072K), 3 survivors (3072K)
 Metaspace       used 138407K, capacity 142538K, committed 142848K, reserved 1173504K
  class space    used 17058K, capacity 18584K, committed 18688K, reserved 1048576K
}
Event: 512.641 GC heap before
{Heap before GC invocations=119 (full 0):
 garbage-first heap   total 448512K, used 313344K [0x0000000080000000, 0x0000000100000000)
  region size 1024K, 73 young (74752K), 3 survivors (3072K)
 Metaspace       used 138488K, capacity 142644K, committed 142848K, reserved 1173504K
  class space    used 17065K, capacity 18596K, committed 18688K, reserved 1048576K
}
Event: 512.678 GC heap after
{Heap after GC invocations=120 (full 0):
 garbage-first heap   total 448512K, used 247108K [0x0000000080000000, 0x0000000100000000)
  region size 1024K, 8 young (8192K), 8 survivors (8192K)
 Metaspace       used 138488K, capacity 142644K, committed 142848K, reserved 1173504K
  class space    used 17065K, capacity 18596K, committed 18688K, reserved 1048576K
}
Event: 513.026 GC heap before
{Heap before GC invocations=120 (full 0):
 garbage-first heap   total 448512K, used 260420K [0x0000000080000000, 0x0000000100000000)
  region size 1024K, 21 young (21504K), 8 survivors (8192K)
 Metaspace       used 138488K, capacity 142644K, committed 142848K, reserved 1173504K
  class space    used 17065K, capacity 18596K, committed 18688K, reserved 1048576K
}
Event: 513.058 GC heap after
{Heap after GC invocations=121 (full 0):
 garbage-first heap   total 448512K, used 238438K [0x0000000080000000, 0x0000000100000000)
  region size 1024K, 3 young (3072K), 3 survivors (3072K)
 Metaspace       used 138488K, capacity 142644K, committed 142848K, reserved 1173504K
  class space    used 17065K, capacity 18596K, committed 18688K, reserved 1048576K
}
Event: 513.241 GC heap before
{Heap before GC invocations=121 (full 0):
 garbage-first heap   total 448512K, used 256870K [0x0000000080000000, 0x0000000100000000)
  region size 1024K, 21 young (21504K), 3 survivors (3072K)
 Metaspace       used 138533K, capacity 142723K, committed 142848K, reserved 1173504K
  class space    used 17074K, capacity 18599K, committed 18688K, reserved 1048576K
}
Event: 513.258 GC heap after
{Heap after GC invocations=122 (full 0):
 garbage-first heap   total 448512K, used 219585K [0x0000000080000000, 0x0000000100000000)
  region size 1024K, 2 young (2048K), 2 survivors (2048K)
 Metaspace       used 138533K, capacity 142723K, committed 142848K, reserved 1173504K
  class space    used 17074K, capacity 18599K, committed 18688K, reserved 1048576K
}
Event: 514.014 GC heap before
{Heap before GC invocations=122 (full 0):
 garbage-first heap   total 448512K, used 321985K [0x0000000080000000, 0x0000000100000000)
  region size 1024K, 93 young (95232K), 2 survivors (2048K)
 Metaspace       used 138561K, capacity 142726K, committed 142848K, reserved 1173504K
  class space    used 17074K, capacity 18599K, committed 18688K, reserved 1048576K
}
Event: 514.029 GC heap after
{Heap after GC invocations=123 (full 0):
 garbage-first heap   total 448512K, used 237046K [0x0000000080000000, 0x0000000100000000)
  region size 1024K, 9 young (9216K), 9 survivors (9216K)
 Metaspace       used 138561K, capacity 142726K, committed 142848K, reserved 1173504K
  class space    used 17074K, capacity 18599K, committed 18688K, reserved 1048576K
}
Event: 557.858 GC heap before
{Heap before GC invocations=123 (full 0):
 garbage-first heap   total 448512K, used 328182K [0x0000000080000000, 0x0000000100000000)
  region size 1024K, 99 young (101376K), 9 survivors (9216K)
 Metaspace       used 142171K, capacity 146592K, committed 146688K, reserved 1177600K
  class space    used 17521K, capacity 19135K, committed 19200K, reserved 1048576K
}
Event: 557.900 GC heap after
{Heap after GC invocations=124 (full 0):
 garbage-first heap   total 448512K, used 235992K [0x0000000080000000, 0x0000000100000000)
  region size 1024K, 6 young (6144K), 6 survivors (6144K)
 Metaspace       used 142171K, capacity 146592K, committed 146688K, reserved 1177600K
  class space    used 17521K, capacity 19135K, committed 19200K, reserved 1048576K
}

