# JRE version: OpenJDK Runtime Environment (11.0.11+9) (build 11.0.11+9-b60-7590822)
# Java VM: OpenJDK 64-Bit Server VM (11.0.11+9-b60-7590822, mixed mode, tiered, compressed oops, g1 gc, windows-amd64)
Heap:
 garbage-first heap   total 138240K, used 49837K [0x0000000080000000, 0x0000000100000000)
  region size 1024K, 4 young (4096K), 4 survivors (4096K)
 Metaspace       used 61266K, capacity 62711K, committed 62848K, reserved 1103872K
  class space    used 7719K, capacity 8301K, committed 8320K, reserved 1048576K
GC Heap History (20 events):
Event: 4.941 GC heap after
{Heap after GC invocations=8 (full 0):
 garbage-first heap   total 78848K, used 18307K [0x0000000080000000, 0x0000000100000000)
  region size 1024K, 2 young (2048K), 2 survivors (2048K)
 Metaspace       used 23798K, capacity 24332K, committed 24576K, reserved 1071104K
  class space    used 3023K, capacity 3228K, committed 3328K, reserved 1048576K
}
Event: 5.527 GC heap before
{Heap before GC invocations=9 (full 0):
 garbage-first heap   total 78848K, used 50051K [0x0000000080000000, 0x0000000100000000)
  region size 1024K, 33 young (33792K), 2 survivors (2048K)
 Metaspace       used 26618K, capacity 27151K, committed 27392K, reserved 1073152K
  class space    used 3497K, capacity 3725K, committed 3840K, reserved 1048576K
}
Event: 5.535 GC heap after
{Heap after GC invocations=10 (full 0):
 garbage-first heap   total 78848K, used 19550K [0x0000000080000000, 0x0000000100000000)
  region size 1024K, 3 young (3072K), 3 survivors (3072K)
 Metaspace       used 26618K, capacity 27151K, committed 27392K, reserved 1073152K
  class space    used 3497K, capacity 3725K, committed 3840K, reserved 1048576K
}
Event: 6.172 GC heap before
{Heap before GC invocations=10 (full 0):
 garbage-first heap   total 78848K, used 52318K [0x0000000080000000, 0x0000000100000000)
  region size 1024K, 35 young (35840K), 3 survivors (3072K)
 Metaspace       used 29824K, capacity 30500K, committed 30720K, reserved 1075200K
  class space    used 3998K, capacity 4269K, committed 4352K, reserved 1048576K
}
Event: 6.183 GC heap after
{Heap after GC invocations=11 (full 0):
 garbage-first heap   total 95232K, used 20546K [0x0000000080000000, 0x0000000100000000)
  region size 1024K, 4 young (4096K), 4 survivors (4096K)
 Metaspace       used 29824K, capacity 30500K, committed 30720K, reserved 1075200K
  class space    used 3998K, capacity 4269K, committed 4352K, reserved 1048576K
}
Event: 7.257 GC heap before
{Heap before GC invocations=11 (full 0):
 garbage-first heap   total 95232K, used 57410K [0x0000000080000000, 0x0000000100000000)
  region size 1024K, 41 young (41984K), 4 survivors (4096K)
 Metaspace       used 36455K, capacity 37325K, committed 37632K, reserved 1081344K
  class space    used 4687K, capacity 5011K, committed 5120K, reserved 1048576K
}
Event: 7.273 GC heap after
{Heap after GC invocations=12 (full 0):
 garbage-first heap   total 95232K, used 25098K [0x0000000080000000, 0x0000000100000000)
  region size 1024K, 6 young (6144K), 6 survivors (6144K)
 Metaspace       used 36455K, capacity 37325K, committed 37632K, reserved 1081344K
  class space    used 4687K, capacity 5011K, committed 5120K, reserved 1048576K
}
Event: 8.054 GC heap before
{Heap before GC invocations=12 (full 0):
 garbage-first heap   total 95232K, used 71178K [0x0000000080000000, 0x0000000100000000)
  region size 1024K, 48 young (49152K), 6 survivors (6144K)
 Metaspace       used 39713K, capacity 40619K, committed 40832K, reserved 1085440K
  class space    used 5064K, capacity 5401K, committed 5504K, reserved 1048576K
}
Event: 8.073 GC heap after
{Heap after GC invocations=13 (full 0):
 garbage-first heap   total 95232K, used 28287K [0x0000000080000000, 0x0000000100000000)
  region size 1024K, 4 young (4096K), 4 survivors (4096K)
 Metaspace       used 39713K, capacity 40619K, committed 40832K, reserved 1085440K
  class space    used 5064K, capacity 5401K, committed 5504K, reserved 1048576K
}
Event: 8.111 GC heap before
{Heap before GC invocations=13 (full 0):
 garbage-first heap   total 95232K, used 30335K [0x0000000080000000, 0x0000000100000000)
  region size 1024K, 7 young (7168K), 4 survivors (4096K)
 Metaspace       used 39939K, capacity 40820K, committed 40960K, reserved 1085440K
  class space    used 5091K, capacity 5404K, committed 5504K, reserved 1048576K
}
Event: 8.119 GC heap after
{Heap after GC invocations=14 (full 0):
 garbage-first heap   total 95232K, used 28821K [0x0000000080000000, 0x0000000100000000)
  region size 1024K, 1 young (1024K), 1 survivors (1024K)
 Metaspace       used 39939K, capacity 40820K, committed 40960K, reserved 1085440K
  class space    used 5091K, capacity 5404K, committed 5504K, reserved 1048576K
}
Event: 8.794 GC heap before
{Heap before GC invocations=15 (full 0):
 garbage-first heap   total 95232K, used 66709K [0x0000000080000000, 0x0000000100000000)
  region size 1024K, 38 young (38912K), 1 survivors (1024K)
 Metaspace       used 43732K, capacity 44826K, committed 44928K, reserved 1087488K
  class space    used 5582K, capacity 5983K, committed 6016K, reserved 1048576K
}
Event: 8.803 GC heap after
{Heap after GC invocations=16 (full 0):
 garbage-first heap   total 114688K, used 29617K [0x0000000080000000, 0x0000000100000000)
  region size 1024K, 2 young (2048K), 2 survivors (2048K)
 Metaspace       used 43732K, capacity 44826K, committed 44928K, reserved 1087488K
  class space    used 5582K, capacity 5983K, committed 6016K, reserved 1048576K
}
Event: 9.754 GC heap before
{Heap before GC invocations=16 (full 0):
 garbage-first heap   total 114688K, used 76721K [0x0000000080000000, 0x0000000100000000)
  region size 1024K, 48 young (49152K), 2 survivors (2048K)
 Metaspace       used 46960K, capacity 48149K, committed 48256K, reserved 1091584K
  class space    used 6021K, capacity 6474K, committed 6528K, reserved 1048576K
}
Event: 9.765 GC heap after
{Heap after GC invocations=17 (full 0):
 garbage-first heap   total 114688K, used 32011K [0x0000000080000000, 0x0000000100000000)
  region size 1024K, 4 young (4096K), 4 survivors (4096K)
 Metaspace       used 46960K, capacity 48149K, committed 48256K, reserved 1091584K
  class space    used 6021K, capacity 6474K, committed 6528K, reserved 1048576K
}
Event: 11.034 GC heap before
{Heap before GC invocations=17 (full 0):
 garbage-first heap   total 114688K, used 85259K [0x0000000080000000, 0x0000000100000000)
  region size 1024K, 52 young (53248K), 4 survivors (4096K)
 Metaspace       used 48976K, capacity 50184K, committed 50304K, reserved 1093632K
  class space    used 6257K, capacity 6732K, committed 6784K, reserved 1048576K
}
Event: 11.053 GC heap after
{Heap after GC invocations=18 (full 0):
 garbage-first heap   total 114688K, used 45391K [0x0000000080000000, 0x0000000100000000)
  region size 1024K, 7 young (7168K), 7 survivors (7168K)
 Metaspace       used 48976K, capacity 50184K, committed 50304K, reserved 1093632K
  class space    used 6257K, capacity 6732K, committed 6784K, reserved 1048576K
}
Event: 12.007 GC heap before
{Heap before GC invocations=18 (full 0):
 garbage-first heap   total 114688K, used 85327K [0x0000000080000000, 0x0000000100000000)
  region size 1024K, 46 young (47104K), 7 survivors (7168K)
 Metaspace       used 54581K, capacity 55967K, committed 56192K, reserved 1097728K
  class space    used 6937K, capacity 7443K, committed 7552K, reserved 1048576K
}
Event: 12.023 GC heap after
{Heap after GC invocations=19 (full 0):
 garbage-first heap   total 114688K, used 47589K [0x0000000080000000, 0x0000000100000000)
  region size 1024K, 2 young (2048K), 2 survivors (2048K)
 Metaspace       used 54581K, capacity 55967K, committed 56192K, reserved 1097728K
  class space    used 6937K, capacity 7443K, committed 7552K, reserved 1048576K
}
Event: 13.110 GC heap before
{Heap before GC invocations=19 (full 0):
 garbage-first heap   total 114688K, used 87525K [0x0000000080000000, 0x0000000100000000)
  region size 1024K, 41 young (41984K), 2 survivors (2048K)
 Metaspace       used 61266K, capacity 62711K, committed 62848K, reserved 1103872K
  class space    used 7719K, capacity 8301K, committed 8320K, reserved 1048576K
}

