# JRE version: OpenJDK Runtime Environment (11.0.11+9) (build 11.0.11+9-b60-7590822)
# Java VM: OpenJDK 64-Bit Server VM (11.0.11+9-b60-7590822, mixed mode, tiered, compressed oops, g1 gc, windows-amd64)
Heap:
 garbage-first heap   total 138240K, used 51458K [0x0000000080000000, 0x0000000100000000)
  region size 1024K, 6 young (6144K), 6 survivors (6144K)
 Metaspace       used 63365K, capacity 64838K, committed 64920K, reserved 1105920K
  class space    used 7987K, capacity 8537K, committed 8600K, reserved 1048576K
GC Heap History (20 events):
Event: 4.647 GC heap after
{Heap after GC invocations=8 (full 0):
 garbage-first heap   total 78848K, used 18266K [0x0000000080000000, 0x0000000100000000)
  region size 1024K, 2 young (2048K), 2 survivors (2048K)
 Metaspace       used 23791K, capacity 24328K, committed 24576K, reserved 1071104K
  class space    used 3024K, capacity 3228K, committed 3328K, reserved 1048576K
}
Event: 5.290 GC heap before
{Heap before GC invocations=8 (full 0):
 garbage-first heap   total 78848K, used 55130K [0x0000000080000000, 0x0000000100000000)
  region size 1024K, 38 young (38912K), 2 survivors (2048K)
 Metaspace       used 26903K, capacity 27467K, committed 27648K, reserved 1073152K
  class space    used 3543K, capacity 3769K, committed 3840K, reserved 1048576K
}
Event: 5.305 GC heap after
{Heap after GC invocations=9 (full 0):
 garbage-first heap   total 78848K, used 19409K [0x0000000080000000, 0x0000000100000000)
  region size 1024K, 3 young (3072K), 3 survivors (3072K)
 Metaspace       used 26903K, capacity 27467K, committed 27648K, reserved 1073152K
  class space    used 3543K, capacity 3769K, committed 3840K, reserved 1048576K
}
Event: 6.385 GC heap before
{Heap before GC invocations=9 (full 0):
 garbage-first heap   total 78848K, used 56273K [0x0000000080000000, 0x0000000100000000)
  region size 1024K, 39 young (39936K), 3 survivors (3072K)
 Metaspace       used 31557K, capacity 32278K, committed 32512K, reserved 1077248K
  class space    used 4213K, capacity 4502K, committed 4608K, reserved 1048576K
}
Event: 6.395 GC heap after
{Heap after GC invocations=10 (full 0):
 garbage-first heap   total 95232K, used 21319K [0x0000000080000000, 0x0000000100000000)
  region size 1024K, 5 young (5120K), 5 survivors (5120K)
 Metaspace       used 31557K, capacity 32278K, committed 32512K, reserved 1077248K
  class space    used 4213K, capacity 4502K, committed 4608K, reserved 1048576K
}
Event: 6.739 GC heap before
{Heap before GC invocations=10 (full 0):
 garbage-first heap   total 95232K, used 29511K [0x0000000080000000, 0x0000000100000000)
  region size 1024K, 14 young (14336K), 5 survivors (5120K)
 Metaspace       used 34982K, capacity 35786K, committed 35840K, reserved 1081344K
  class space    used 4541K, capacity 4863K, committed 4864K, reserved 1048576K
}
Event: 6.754 GC heap after
{Heap after GC invocations=11 (full 0):
 garbage-first heap   total 95232K, used 23082K [0x0000000080000000, 0x0000000100000000)
  region size 1024K, 5 young (5120K), 5 survivors (5120K)
 Metaspace       used 34982K, capacity 35786K, committed 35840K, reserved 1081344K
  class space    used 4541K, capacity 4863K, committed 4864K, reserved 1048576K
}
Event: 7.599 GC heap before
{Heap before GC invocations=12 (full 0):
 garbage-first heap   total 95232K, used 67114K [0x0000000080000000, 0x0000000100000000)
  region size 1024K, 46 young (47104K), 5 survivors (5120K)
 Metaspace       used 38730K, capacity 39607K, committed 39884K, reserved 1083392K
  class space    used 4941K, capacity 5280K, committed 5324K, reserved 1048576K
}
Event: 7.617 GC heap after
{Heap after GC invocations=13 (full 0):
 garbage-first heap   total 95232K, used 26692K [0x0000000080000000, 0x0000000100000000)
  region size 1024K, 6 young (6144K), 6 survivors (6144K)
 Metaspace       used 38730K, capacity 39607K, committed 39884K, reserved 1083392K
  class space    used 4941K, capacity 5280K, committed 5324K, reserved 1048576K
}
Event: 8.305 GC heap before
{Heap before GC invocations=13 (full 0):
 garbage-first heap   total 95232K, used 68676K [0x0000000080000000, 0x0000000100000000)
  region size 1024K, 47 young (48128K), 6 survivors (6144K)
 Metaspace       used 41703K, capacity 42615K, committed 42956K, reserved 1087488K
  class space    used 5379K, capacity 5718K, committed 5836K, reserved 1048576K
}
Event: 8.319 GC heap after
{Heap after GC invocations=14 (full 0):
 garbage-first heap   total 95232K, used 28298K [0x0000000080000000, 0x0000000100000000)
  region size 1024K, 3 young (3072K), 3 survivors (3072K)
 Metaspace       used 41703K, capacity 42615K, committed 42956K, reserved 1087488K
  class space    used 5379K, capacity 5718K, committed 5836K, reserved 1048576K
}
Event: 8.970 GC heap before
{Heap before GC invocations=14 (full 0):
 garbage-first heap   total 95232K, used 70282K [0x0000000080000000, 0x0000000100000000)
  region size 1024K, 44 young (45056K), 3 survivors (3072K)
 Metaspace       used 45372K, capacity 46457K, committed 46668K, reserved 1089536K
  class space    used 5819K, capacity 6209K, committed 6220K, reserved 1048576K
}
Event: 8.980 GC heap after
{Heap after GC invocations=15 (full 0):
 garbage-first heap   total 114688K, used 29586K [0x0000000080000000, 0x0000000100000000)
  region size 1024K, 4 young (4096K), 4 survivors (4096K)
 Metaspace       used 45372K, capacity 46457K, committed 46668K, reserved 1089536K
  class space    used 5819K, capacity 6209K, committed 6220K, reserved 1048576K
}
Event: 10.436 GC heap before
{Heap before GC invocations=15 (full 0):
 garbage-first heap   total 114688K, used 83858K [0x0000000080000000, 0x0000000100000000)
  region size 1024K, 55 young (56320K), 4 survivors (4096K)
 Metaspace       used 47842K, capacity 49109K, committed 49356K, reserved 1091584K
  class space    used 6100K, capacity 6577K, committed 6604K, reserved 1048576K
}
Event: 10.452 GC heap after
{Heap after GC invocations=16 (full 0):
 garbage-first heap   total 114688K, used 35508K [0x0000000080000000, 0x0000000100000000)
  region size 1024K, 7 young (7168K), 7 survivors (7168K)
 Metaspace       used 47842K, capacity 49109K, committed 49356K, reserved 1091584K
  class space    used 6100K, capacity 6577K, committed 6604K, reserved 1048576K
}
Event: 11.737 GC heap before
{Heap before GC invocations=16 (full 0):
 garbage-first heap   total 114688K, used 90804K [0x0000000080000000, 0x0000000100000000)
  region size 1024K, 58 young (59392K), 7 survivors (7168K)
 Metaspace       used 53228K, capacity 54586K, committed 54732K, reserved 1097728K
  class space    used 6775K, capacity 7304K, committed 7372K, reserved 1048576K
}
Event: 11.760 GC heap after
{Heap after GC invocations=17 (full 0):
 garbage-first heap   total 114688K, used 45776K [0x0000000080000000, 0x0000000100000000)
  region size 1024K, 8 young (8192K), 8 survivors (8192K)
 Metaspace       used 53228K, capacity 54586K, committed 54732K, reserved 1097728K
  class space    used 6775K, capacity 7304K, committed 7372K, reserved 1048576K
}
Event: 12.689 GC heap before
{Heap before GC invocations=17 (full 0):
 garbage-first heap   total 114688K, used 81616K [0x0000000080000000, 0x0000000100000000)
  region size 1024K, 44 young (45056K), 8 survivors (8192K)
 Metaspace       used 58805K, capacity 60160K, committed 60236K, reserved 1101824K
  class space    used 7424K, capacity 7942K, committed 8012K, reserved 1048576K
}
Event: 12.706 GC heap after
{Heap after GC invocations=18 (full 0):
 garbage-first heap   total 114688K, used 48030K [0x0000000080000000, 0x0000000100000000)
  region size 1024K, 2 young (2048K), 2 survivors (2048K)
 Metaspace       used 58805K, capacity 60160K, committed 60236K, reserved 1101824K
  class space    used 7424K, capacity 7942K, committed 8012K, reserved 1048576K
}
Event: 13.630 GC heap before
{Heap before GC invocations=19 (full 0):
 garbage-first heap   total 114688K, used 87966K [0x0000000080000000, 0x0000000100000000)
  region size 1024K, 42 young (43008K), 2 survivors (2048K)
 Metaspace       used 63365K, capacity 64838K, committed 64920K, reserved 1105920K
  class space    used 7987K, capacity 8537K, committed 8600K, reserved 1048576K
}

