# JRE version: OpenJDK Runtime Environment (11.0.11+9) (build 11.0.11+9-b60-7590822)
# Java VM: OpenJDK 64-Bit Server VM (11.0.11+9-b60-7590822, mixed mode, tiered, compressed oops, g1 gc, windows-amd64)
Heap:
 garbage-first heap   total 138240K, used 51702K [0x0000000080000000, 0x0000000100000000)
  region size 1024K, 6 young (6144K), 6 survivors (6144K)
 Metaspace       used 63491K, capacity 64995K, committed 65244K, reserved 1105920K
  class space    used 7985K, capacity 8563K, committed 8576K, reserved 1048576K
GC Heap History (20 events):
Event: 4.912 GC heap after
{Heap after GC invocations=8 (full 0):
 garbage-first heap   total 78848K, used 18199K [0x0000000080000000, 0x0000000100000000)
  region size 1024K, 3 young (3072K), 3 survivors (3072K)
 Metaspace       used 23883K, capacity 24398K, committed 24576K, reserved 1071104K
  class space    used 3036K, capacity 3229K, committed 3328K, reserved 1048576K
}
Event: 5.531 GC heap before
{Heap before GC invocations=8 (full 0):
 garbage-first heap   total 78848K, used 50967K [0x0000000080000000, 0x0000000100000000)
  region size 1024K, 35 young (35840K), 3 survivors (3072K)
 Metaspace       used 26782K, capacity 27434K, committed 27648K, reserved 1073152K
  class space    used 3521K, capacity 3735K, committed 3840K, reserved 1048576K
}
Event: 5.542 GC heap after
{Heap after GC invocations=9 (full 0):
 garbage-first heap   total 78848K, used 19446K [0x0000000080000000, 0x0000000100000000)
  region size 1024K, 3 young (3072K), 3 survivors (3072K)
 Metaspace       used 26782K, capacity 27434K, committed 27648K, reserved 1073152K
  class space    used 3521K, capacity 3735K, committed 3840K, reserved 1048576K
}
Event: 6.301 GC heap before
{Heap before GC invocations=9 (full 0):
 garbage-first heap   total 78848K, used 52214K [0x0000000080000000, 0x0000000100000000)
  region size 1024K, 35 young (35840K), 3 survivors (3072K)
 Metaspace       used 30153K, capacity 30859K, committed 30976K, reserved 1075200K
  class space    used 4038K, capacity 4304K, committed 4352K, reserved 1048576K
}
Event: 6.311 GC heap after
{Heap after GC invocations=10 (full 0):
 garbage-first heap   total 95232K, used 20689K [0x0000000080000000, 0x0000000100000000)
  region size 1024K, 4 young (4096K), 4 survivors (4096K)
 Metaspace       used 30153K, capacity 30859K, committed 30976K, reserved 1075200K
  class space    used 4038K, capacity 4304K, committed 4352K, reserved 1048576K
}
Event: 6.996 GC heap before
{Heap before GC invocations=10 (full 0):
 garbage-first heap   total 95232K, used 36049K [0x0000000080000000, 0x0000000100000000)
  region size 1024K, 20 young (20480K), 4 survivors (4096K)
 Metaspace       used 35079K, capacity 35918K, committed 36048K, reserved 1081344K
  class space    used 4556K, capacity 4863K, committed 4864K, reserved 1048576K
}
Event: 7.019 GC heap after
{Heap after GC invocations=11 (full 0):
 garbage-first heap   total 95232K, used 23070K [0x0000000080000000, 0x0000000100000000)
  region size 1024K, 5 young (5120K), 5 survivors (5120K)
 Metaspace       used 35079K, capacity 35918K, committed 36048K, reserved 1081344K
  class space    used 4556K, capacity 4863K, committed 4864K, reserved 1048576K
}
Event: 7.726 GC heap before
{Heap before GC invocations=12 (full 0):
 garbage-first heap   total 95232K, used 58910K [0x0000000080000000, 0x0000000100000000)
  region size 1024K, 41 young (41984K), 5 survivors (5120K)
 Metaspace       used 37801K, capacity 38701K, committed 38940K, reserved 1083392K
  class space    used 4887K, capacity 5211K, committed 5248K, reserved 1048576K
}
Event: 7.742 GC heap after
{Heap after GC invocations=13 (full 0):
 garbage-first heap   total 95232K, used 25905K [0x0000000080000000, 0x0000000100000000)
  region size 1024K, 6 young (6144K), 6 survivors (6144K)
 Metaspace       used 37801K, capacity 38701K, committed 38940K, reserved 1083392K
  class space    used 4887K, capacity 5211K, committed 5248K, reserved 1048576K
}
Event: 8.474 GC heap before
{Heap before GC invocations=13 (full 0):
 garbage-first heap   total 95232K, used 66865K [0x0000000080000000, 0x0000000100000000)
  region size 1024K, 44 young (45056K), 6 survivors (6144K)
 Metaspace       used 40947K, capacity 41894K, committed 42140K, reserved 1085440K
  class space    used 5251K, capacity 5583K, committed 5632K, reserved 1048576K
}
Event: 8.490 GC heap after
{Heap after GC invocations=14 (full 0):
 garbage-first heap   total 95232K, used 28221K [0x0000000080000000, 0x0000000100000000)
  region size 1024K, 6 young (6144K), 6 survivors (6144K)
 Metaspace       used 40947K, capacity 41894K, committed 42140K, reserved 1085440K
  class space    used 5251K, capacity 5583K, committed 5632K, reserved 1048576K
}
Event: 9.148 GC heap before
{Heap before GC invocations=14 (full 0):
 garbage-first heap   total 95232K, used 70205K [0x0000000080000000, 0x0000000100000000)
  region size 1024K, 47 young (48128K), 6 survivors (6144K)
 Metaspace       used 44697K, capacity 45790K, committed 45980K, reserved 1089536K
  class space    used 5736K, capacity 6092K, committed 6144K, reserved 1048576K
}
Event: 9.162 GC heap after
{Heap after GC invocations=15 (full 0):
 garbage-first heap   total 114688K, used 29783K [0x0000000080000000, 0x0000000100000000)
  region size 1024K, 5 young (5120K), 5 survivors (5120K)
 Metaspace       used 44697K, capacity 45790K, committed 45980K, reserved 1089536K
  class space    used 5736K, capacity 6092K, committed 6144K, reserved 1048576K
}
Event: 12.774 GC heap before
{Heap before GC invocations=15 (full 0):
 garbage-first heap   total 114688K, used 87127K [0x0000000080000000, 0x0000000100000000)
  region size 1024K, 61 young (62464K), 5 survivors (5120K)
 Metaspace       used 47857K, capacity 49051K, committed 49308K, reserved 1091584K
  class space    used 6089K, capacity 6535K, committed 6656K, reserved 1048576K
}
Event: 12.794 GC heap after
{Heap after GC invocations=16 (full 0):
 garbage-first heap   total 114688K, used 33223K [0x0000000080000000, 0x0000000100000000)
  region size 1024K, 8 young (8192K), 8 survivors (8192K)
 Metaspace       used 47857K, capacity 49051K, committed 49308K, reserved 1091584K
  class space    used 6089K, capacity 6535K, committed 6656K, reserved 1048576K
}
Event: 15.472 GC heap before
{Heap before GC invocations=16 (full 0):
 garbage-first heap   total 114688K, used 93639K [0x0000000080000000, 0x0000000100000000)
  region size 1024K, 63 young (64512K), 8 survivors (8192K)
 Metaspace       used 53380K, capacity 54708K, committed 54940K, reserved 1097728K
  class space    used 6780K, capacity 7298K, committed 7424K, reserved 1048576K
}
Event: 15.497 GC heap after
{Heap after GC invocations=17 (full 0):
 garbage-first heap   total 114688K, used 45793K [0x0000000080000000, 0x0000000100000000)
  region size 1024K, 8 young (8192K), 8 survivors (8192K)
 Metaspace       used 53380K, capacity 54708K, committed 54940K, reserved 1097728K
  class space    used 6780K, capacity 7298K, committed 7424K, reserved 1048576K
}
Event: 16.515 GC heap before
{Heap before GC invocations=17 (full 0):
 garbage-first heap   total 114688K, used 81633K [0x0000000080000000, 0x0000000100000000)
  region size 1024K, 44 young (45056K), 8 survivors (8192K)
 Metaspace       used 59180K, capacity 60519K, committed 60636K, reserved 1101824K
  class space    used 7454K, capacity 7972K, committed 8064K, reserved 1048576K
}
Event: 16.534 GC heap after
{Heap after GC invocations=18 (full 0):
 garbage-first heap   total 114688K, used 48062K [0x0000000080000000, 0x0000000100000000)
  region size 1024K, 2 young (2048K), 2 survivors (2048K)
 Metaspace       used 59180K, capacity 60519K, committed 60636K, reserved 1101824K
  class space    used 7454K, capacity 7972K, committed 8064K, reserved 1048576K
}
Event: 17.616 GC heap before
{Heap before GC invocations=19 (full 0):
 garbage-first heap   total 114688K, used 87998K [0x0000000080000000, 0x0000000100000000)
  region size 1024K, 42 young (43008K), 2 survivors (2048K)
 Metaspace       used 63491K, capacity 64995K, committed 65244K, reserved 1105920K
  class space    used 7985K, capacity 8563K, committed 8576K, reserved 1048576K
}

