# JRE version: OpenJDK Runtime Environment (11.0.11+9) (build 11.0.11+9-b60-7590822)
# Java VM: OpenJDK 64-Bit Server VM (11.0.11+9-b60-7590822, mixed mode, tiered, compressed oops, g1 gc, windows-amd64)
Heap:
 garbage-first heap   total 115712K, used 56443K [0x0000000080000000, 0x0000000100000000)
  region size 1024K, 19 young (19456K), 7 survivors (7168K)
 Metaspace       used 51915K, capacity 53196K, committed 53404K, reserved 1095680K
  class space    used 6606K, capacity 7115K, committed 7168K, reserved 1048576K
GC Heap History (20 events):
Event: 4.324 GC heap before
{Heap before GC invocations=5 (full 0):
 garbage-first heap   total 78848K, used 36650K [0x0000000080000000, 0x0000000100000000)
  region size 1024K, 24 young (24576K), 3 survivors (3072K)
 Metaspace       used 20672K, capacity 21102K, committed 21296K, reserved 1069056K
  class space    used 2529K, capacity 2658K, committed 2688K, reserved 1048576K
}
Event: 4.332 GC heap after
{Heap after GC invocations=6 (full 0):
 garbage-first heap   total 78848K, used 16907K [0x0000000080000000, 0x0000000100000000)
  region size 1024K, 1 young (1024K), 1 survivors (1024K)
 Metaspace       used 20672K, capacity 21102K, committed 21296K, reserved 1069056K
  class space    used 2529K, capacity 2658K, committed 2688K, reserved 1048576K
}
Event: 4.911 GC heap before
{Heap before GC invocations=7 (full 0):
 garbage-first heap   total 78848K, used 47627K [0x0000000080000000, 0x0000000100000000)
  region size 1024K, 31 young (31744K), 1 survivors (1024K)
 Metaspace       used 23818K, capacity 24334K, committed 24576K, reserved 1071104K
  class space    used 3029K, capacity 3229K, committed 3328K, reserved 1048576K
}
Event: 4.917 GC heap after
{Heap after GC invocations=8 (full 0):
 garbage-first heap   total 78848K, used 17935K [0x0000000080000000, 0x0000000100000000)
  region size 1024K, 2 young (2048K), 2 survivors (2048K)
 Metaspace       used 23818K, capacity 24334K, committed 24576K, reserved 1071104K
  class space    used 3029K, capacity 3229K, committed 3328K, reserved 1048576K
}
Event: 5.425 GC heap before
{Heap before GC invocations=8 (full 0):
 garbage-first heap   total 78848K, used 50703K [0x0000000080000000, 0x0000000100000000)
  region size 1024K, 34 young (34816K), 2 survivors (2048K)
 Metaspace       used 26709K, capacity 27306K, committed 27648K, reserved 1073152K
  class space    used 3516K, capacity 3735K, committed 3840K, reserved 1048576K
}
Event: 5.432 GC heap after
{Heap after GC invocations=9 (full 0):
 garbage-first heap   total 78848K, used 19078K [0x0000000080000000, 0x0000000100000000)
  region size 1024K, 3 young (3072K), 3 survivors (3072K)
 Metaspace       used 26709K, capacity 27306K, committed 27648K, reserved 1073152K
  class space    used 3516K, capacity 3735K, committed 3840K, reserved 1048576K
}
Event: 6.108 GC heap before
{Heap before GC invocations=9 (full 0):
 garbage-first heap   total 78848K, used 52870K [0x0000000080000000, 0x0000000100000000)
  region size 1024K, 36 young (36864K), 3 survivors (3072K)
 Metaspace       used 30289K, capacity 30923K, committed 30976K, reserved 1075200K
  class space    used 4058K, capacity 4304K, committed 4352K, reserved 1048576K
}
Event: 6.117 GC heap after
{Heap after GC invocations=10 (full 0):
 garbage-first heap   total 78848K, used 20045K [0x0000000080000000, 0x0000000100000000)
  region size 1024K, 4 young (4096K), 4 survivors (4096K)
 Metaspace       used 30289K, capacity 30923K, committed 30976K, reserved 1075200K
  class space    used 4058K, capacity 4304K, committed 4352K, reserved 1048576K
}
Event: 6.707 GC heap before
{Heap before GC invocations=10 (full 0):
 garbage-first heap   total 78848K, used 35405K [0x0000000080000000, 0x0000000100000000)
  region size 1024K, 20 young (20480K), 4 survivors (4096K)
 Metaspace       used 35057K, capacity 35854K, committed 36048K, reserved 1081344K
  class space    used 4557K, capacity 4863K, committed 4864K, reserved 1048576K
}
Event: 6.727 GC heap after
{Heap after GC invocations=11 (full 0):
 garbage-first heap   total 95232K, used 22569K [0x0000000080000000, 0x0000000100000000)
  region size 1024K, 5 young (5120K), 5 survivors (5120K)
 Metaspace       used 35057K, capacity 35854K, committed 36048K, reserved 1081344K
  class space    used 4557K, capacity 4863K, committed 4864K, reserved 1048576K
}
Event: 7.517 GC heap before
{Heap before GC invocations=12 (full 0):
 garbage-first heap   total 95232K, used 62505K [0x0000000080000000, 0x0000000100000000)
  region size 1024K, 42 young (43008K), 5 survivors (5120K)
 Metaspace       used 38410K, capacity 39276K, committed 39452K, reserved 1083392K
  class space    used 4892K, capacity 5211K, committed 5248K, reserved 1048576K
}
Event: 7.540 GC heap after
{Heap after GC invocations=13 (full 0):
 garbage-first heap   total 95232K, used 25840K [0x0000000080000000, 0x0000000100000000)
  region size 1024K, 6 young (6144K), 6 survivors (6144K)
 Metaspace       used 38410K, capacity 39276K, committed 39452K, reserved 1083392K
  class space    used 4892K, capacity 5211K, committed 5248K, reserved 1048576K
}
Event: 8.196 GC heap before
{Heap before GC invocations=13 (full 0):
 garbage-first heap   total 95232K, used 64752K [0x0000000080000000, 0x0000000100000000)
  region size 1024K, 44 young (45056K), 6 survivors (6144K)
 Metaspace       used 40990K, capacity 42022K, committed 42268K, reserved 1085440K
  class space    used 5264K, capacity 5647K, committed 5760K, reserved 1048576K
}
Event: 8.212 GC heap after
{Heap after GC invocations=14 (full 0):
 garbage-first heap   total 95232K, used 28113K [0x0000000080000000, 0x0000000100000000)
  region size 1024K, 6 young (6144K), 6 survivors (6144K)
 Metaspace       used 40990K, capacity 42022K, committed 42268K, reserved 1085440K
  class space    used 5264K, capacity 5647K, committed 5760K, reserved 1048576K
}
Event: 8.885 GC heap before
{Heap before GC invocations=14 (full 0):
 garbage-first heap   total 95232K, used 71121K [0x0000000080000000, 0x0000000100000000)
  region size 1024K, 48 young (49152K), 6 survivors (6144K)
 Metaspace       used 44831K, capacity 45864K, committed 45980K, reserved 1089536K
  class space    used 5749K, capacity 6096K, committed 6144K, reserved 1048576K
}
Event: 8.899 GC heap after
{Heap after GC invocations=15 (full 0):
 garbage-first heap   total 95232K, used 29430K [0x0000000080000000, 0x0000000100000000)
  region size 1024K, 4 young (4096K), 4 survivors (4096K)
 Metaspace       used 44831K, capacity 45864K, committed 45980K, reserved 1089536K
  class space    used 5749K, capacity 6096K, committed 6144K, reserved 1048576K
}
Event: 9.797 GC heap before
{Heap before GC invocations=15 (full 0):
 garbage-first heap   total 95232K, used 73462K [0x0000000080000000, 0x0000000100000000)
  region size 1024K, 47 young (48128K), 4 survivors (4096K)
 Metaspace       used 47427K, capacity 48656K, committed 48796K, reserved 1091584K
  class space    used 6072K, capacity 6537K, committed 6656K, reserved 1048576K
}
Event: 9.813 GC heap after
{Heap after GC invocations=16 (full 0):
 garbage-first heap   total 115712K, used 32092K [0x0000000080000000, 0x0000000100000000)
  region size 1024K, 4 young (4096K), 4 survivors (4096K)
 Metaspace       used 47427K, capacity 48656K, committed 48796K, reserved 1091584K
  class space    used 6072K, capacity 6537K, committed 6656K, reserved 1048576K
}
Event: 11.017 GC heap before
{Heap before GC invocations=16 (full 0):
 garbage-first heap   total 115712K, used 84316K [0x0000000080000000, 0x0000000100000000)
  region size 1024K, 51 young (52224K), 4 survivors (4096K)
 Metaspace       used 50331K, capacity 51618K, committed 51868K, reserved 1093632K
  class space    used 6408K, capacity 6912K, committed 6912K, reserved 1048576K
}
Event: 11.034 GC heap after
{Heap after GC invocations=17 (full 0):
 garbage-first heap   total 115712K, used 45179K [0x0000000080000000, 0x0000000100000000)
  region size 1024K, 7 young (7168K), 7 survivors (7168K)
 Metaspace       used 50331K, capacity 51618K, committed 51868K, reserved 1093632K
  class space    used 6408K, capacity 6912K, committed 6912K, reserved 1048576K
}

