# JRE version: OpenJDK Runtime Environment (11.0.11+9) (build 11.0.11+9-b60-7590822)
# Java VM: OpenJDK 64-Bit Server VM (11.0.11+9-b60-7590822, mixed mode, tiered, compressed oops, g1 gc, windows-amd64)
Heap:
 garbage-first heap   total 114688K, used 43712K [0x0000000080000000, 0x0000000100000000)
  region size 1024K, 6 young (6144K), 6 survivors (6144K)
 Metaspace       used 47845K, capacity 49042K, committed 49152K, reserved 1091584K
  class space    used 6099K, capacity 6575K, committed 6656K, reserved 1048576K
GC Heap History (20 events):
Event: 2.355 GC heap after
{Heap after GC invocations=4 (full 0):
 garbage-first heap   total 65536K, used 14050K [0x0000000080000000, 0x0000000100000000)
  region size 1024K, 4 young (4096K), 4 survivors (4096K)
 Metaspace       used 11293K, capacity 11577K, committed 11904K, reserved 1060864K
  class space    used 1228K, capacity 1311K, committed 1408K, reserved 1048576K
}
Event: 3.934 GC heap before
{Heap before GC invocations=4 (full 0):
 garbage-first heap   total 65536K, used 38626K [0x0000000080000000, 0x0000000100000000)
  region size 1024K, 29 young (29696K), 4 survivors (4096K)
 Metaspace       used 17734K, capacity 18123K, committed 18432K, reserved 1064960K
  class space    used 2098K, capacity 2219K, committed 2304K, reserved 1048576K
}
Event: 3.943 GC heap after
{Heap after GC invocations=5 (full 0):
 garbage-first heap   total 65536K, used 16228K [0x0000000080000000, 0x0000000100000000)
  region size 1024K, 3 young (3072K), 3 survivors (3072K)
 Metaspace       used 17734K, capacity 18123K, committed 18432K, reserved 1064960K
  class space    used 2098K, capacity 2219K, committed 2304K, reserved 1048576K
}
Event: 4.441 GC heap before
{Heap before GC invocations=5 (full 0):
 garbage-first heap   total 65536K, used 39780K [0x0000000080000000, 0x0000000100000000)
  region size 1024K, 27 young (27648K), 3 survivors (3072K)
 Metaspace       used 20715K, capacity 21079K, committed 21248K, reserved 1067008K
  class space    used 2540K, capacity 2693K, committed 2816K, reserved 1048576K
}
Event: 4.452 GC heap after
{Heap after GC invocations=6 (full 0):
 garbage-first heap   total 78848K, used 17153K [0x0000000080000000, 0x0000000100000000)
  region size 1024K, 1 young (1024K), 1 survivors (1024K)
 Metaspace       used 20715K, capacity 21079K, committed 21248K, reserved 1067008K
  class space    used 2540K, capacity 2693K, committed 2816K, reserved 1048576K
}
Event: 5.029 GC heap before
{Heap before GC invocations=7 (full 0):
 garbage-first heap   total 78848K, used 48897K [0x0000000080000000, 0x0000000100000000)
  region size 1024K, 32 young (32768K), 1 survivors (1024K)
 Metaspace       used 23850K, capacity 24430K, committed 24576K, reserved 1071104K
  class space    used 3040K, capacity 3261K, committed 3328K, reserved 1048576K
}
Event: 5.037 GC heap after
{Heap after GC invocations=8 (full 0):
 garbage-first heap   total 78848K, used 18105K [0x0000000080000000, 0x0000000100000000)
  region size 1024K, 2 young (2048K), 2 survivors (2048K)
 Metaspace       used 23850K, capacity 24430K, committed 24576K, reserved 1071104K
  class space    used 3040K, capacity 3261K, committed 3328K, reserved 1048576K
}
Event: 5.611 GC heap before
{Heap before GC invocations=9 (full 0):
 garbage-first heap   total 78848K, used 51897K [0x0000000080000000, 0x0000000100000000)
  region size 1024K, 35 young (35840K), 2 survivors (2048K)
 Metaspace       used 26842K, capacity 27375K, committed 27648K, reserved 1073152K
  class space    used 3536K, capacity 3737K, committed 3840K, reserved 1048576K
}
Event: 5.618 GC heap after
{Heap after GC invocations=10 (full 0):
 garbage-first heap   total 78848K, used 19438K [0x0000000080000000, 0x0000000100000000)
  region size 1024K, 4 young (4096K), 4 survivors (4096K)
 Metaspace       used 26842K, capacity 27375K, committed 27648K, reserved 1073152K
  class space    used 3536K, capacity 3737K, committed 3840K, reserved 1048576K
}
Event: 6.342 GC heap before
{Heap before GC invocations=10 (full 0):
 garbage-first heap   total 78848K, used 54254K [0x0000000080000000, 0x0000000100000000)
  region size 1024K, 38 young (38912K), 4 survivors (4096K)
 Metaspace       used 30910K, capacity 31531K, committed 31616K, reserved 1077248K
  class space    used 4147K, capacity 4400K, committed 4480K, reserved 1048576K
}
Event: 6.351 GC heap after
{Heap after GC invocations=11 (full 0):
 garbage-first heap   total 78848K, used 20585K [0x0000000080000000, 0x0000000100000000)
  region size 1024K, 4 young (4096K), 4 survivors (4096K)
 Metaspace       used 30910K, capacity 31531K, committed 31616K, reserved 1077248K
  class space    used 4147K, capacity 4400K, committed 4480K, reserved 1048576K
}
Event: 7.290 GC heap before
{Heap before GC invocations=11 (full 0):
 garbage-first heap   total 78848K, used 57449K [0x0000000080000000, 0x0000000100000000)
  region size 1024K, 41 young (41984K), 4 survivors (4096K)
 Metaspace       used 36588K, capacity 37437K, committed 37632K, reserved 1081344K
  class space    used 4708K, capacity 5046K, committed 5120K, reserved 1048576K
}
Event: 7.306 GC heap after
{Heap after GC invocations=12 (full 0):
 garbage-first heap   total 95232K, used 25047K [0x0000000080000000, 0x0000000100000000)
  region size 1024K, 6 young (6144K), 6 survivors (6144K)
 Metaspace       used 36588K, capacity 37437K, committed 37632K, reserved 1081344K
  class space    used 4708K, capacity 5046K, committed 5120K, reserved 1048576K
}
Event: 8.064 GC heap before
{Heap before GC invocations=12 (full 0):
 garbage-first heap   total 95232K, used 64983K [0x0000000080000000, 0x0000000100000000)
  region size 1024K, 44 young (45056K), 6 survivors (6144K)
 Metaspace       used 39875K, capacity 40849K, committed 40960K, reserved 1085440K
  class space    used 5083K, capacity 5435K, committed 5504K, reserved 1048576K
}
Event: 8.097 GC heap after
{Heap after GC invocations=13 (full 0):
 garbage-first heap   total 95232K, used 28266K [0x0000000080000000, 0x0000000100000000)
  region size 1024K, 4 young (4096K), 4 survivors (4096K)
 Metaspace       used 39875K, capacity 40849K, committed 40960K, reserved 1085440K
  class space    used 5083K, capacity 5435K, committed 5504K, reserved 1048576K
}
Event: 8.827 GC heap before
{Heap before GC invocations=14 (full 0):
 garbage-first heap   total 95232K, used 67178K [0x0000000080000000, 0x0000000100000000)
  region size 1024K, 42 young (43008K), 4 survivors (4096K)
 Metaspace       used 43750K, capacity 44826K, committed 44928K, reserved 1087488K
  class space    used 5586K, capacity 5983K, committed 6016K, reserved 1048576K
}
Event: 8.838 GC heap after
{Heap after GC invocations=15 (full 0):
 garbage-first heap   total 95232K, used 29537K [0x0000000080000000, 0x0000000100000000)
  region size 1024K, 5 young (5120K), 5 survivors (5120K)
 Metaspace       used 43750K, capacity 44826K, committed 44928K, reserved 1087488K
  class space    used 5586K, capacity 5983K, committed 6016K, reserved 1048576K
}
Event: 9.490 GC heap before
{Heap before GC invocations=15 (full 0):
 garbage-first heap   total 95232K, used 69473K [0x0000000080000000, 0x0000000100000000)
  region size 1024K, 44 young (45056K), 5 survivors (5120K)
 Metaspace       used 46613K, capacity 47769K, committed 48000K, reserved 1091584K
  class space    used 6005K, capacity 6435K, committed 6528K, reserved 1048576K
}
Event: 9.503 GC heap after
{Heap after GC invocations=16 (full 0):
 garbage-first heap   total 95232K, used 30647K [0x0000000080000000, 0x0000000100000000)
  region size 1024K, 3 young (3072K), 3 survivors (3072K)
 Metaspace       used 46613K, capacity 47769K, committed 48000K, reserved 1091584K
  class space    used 6005K, capacity 6435K, committed 6528K, reserved 1048576K
}
Event: 10.786 GC heap before
{Heap before GC invocations=16 (full 0):
 garbage-first heap   total 95232K, used 77751K [0x0000000080000000, 0x0000000100000000)
  region size 1024K, 44 young (45056K), 3 survivors (3072K)
 Metaspace       used 47845K, capacity 49042K, committed 49152K, reserved 1091584K
  class space    used 6099K, capacity 6575K, committed 6656K, reserved 1048576K
}

