# JRE version: OpenJDK Runtime Environment (11.0.11+9) (build 11.0.11+9-b60-7590822)
# Java VM: OpenJDK 64-Bit Server VM (11.0.11+9-b60-7590822, mixed mode, tiered, compressed oops, g1 gc, windows-amd64)
Heap:
 garbage-first heap   total 95232K, used 20262K [0x0000000080000000, 0x0000000100000000)
  region size 1024K, 3 young (3072K), 3 survivors (3072K)
 Metaspace       used 28632K, capacity 29261K, committed 29440K, reserved 1075200K
  class space    used 3807K, capacity 4027K, committed 4096K, reserved 1048576K
GC Heap History (19 events):
Event: 0.991 GC heap before
{Heap before GC invocations=0 (full 0):
 garbage-first heap   total 65536K, used 19456K [0x0000000080000000, 0x0000000100000000)
  region size 1024K, 14 young (14336K), 0 survivors (0K)
 Metaspace       used 6729K, capacity 6925K, committed 7168K, reserved 1056768K
  class space    used 582K, capacity 650K, committed 768K, reserved 1048576K
}
Event: 0.999 GC heap after
{Heap after GC invocations=1 (full 0):
 garbage-first heap   total 65536K, used 7731K [0x0000000080000000, 0x0000000100000000)
  region size 1024K, 2 young (2048K), 2 survivors (2048K)
 Metaspace       used 6729K, capacity 6925K, committed 7168K, reserved 1056768K
  class space    used 582K, capacity 650K, committed 768K, reserved 1048576K
}
Event: 1.180 GC heap before
{Heap before GC invocations=1 (full 0):
 garbage-first heap   total 65536K, used 11827K [0x0000000080000000, 0x0000000100000000)
  region size 1024K, 6 young (6144K), 2 survivors (2048K)
 Metaspace       used 7819K, capacity 7979K, committed 8320K, reserved 1056768K
  class space    used 736K, capacity 791K, committed 896K, reserved 1048576K
}
Event: 1.185 GC heap after
{Heap after GC invocations=2 (full 0):
 garbage-first heap   total 65536K, used 8878K [0x0000000080000000, 0x0000000100000000)
  region size 1024K, 1 young (1024K), 1 survivors (1024K)
 Metaspace       used 7819K, capacity 7979K, committed 8320K, reserved 1056768K
  class space    used 736K, capacity 791K, committed 896K, reserved 1048576K
}
Event: 2.201 GC heap before
{Heap before GC invocations=2 (full 0):
 garbage-first heap   total 65536K, used 29358K [0x0000000080000000, 0x0000000100000000)
  region size 1024K, 21 young (21504K), 1 survivors (1024K)
 Metaspace       used 10795K, capacity 11009K, committed 11264K, reserved 1058816K
  class space    used 1130K, capacity 1207K, committed 1280K, reserved 1048576K
}
Event: 2.207 GC heap after
{Heap after GC invocations=3 (full 0):
 garbage-first heap   total 65536K, used 9749K [0x0000000080000000, 0x0000000100000000)
  region size 1024K, 2 young (2048K), 2 survivors (2048K)
 Metaspace       used 10795K, capacity 11009K, committed 11264K, reserved 1058816K
  class space    used 1130K, capacity 1207K, committed 1280K, reserved 1048576K
}
Event: 2.668 GC heap before
{Heap before GC invocations=3 (full 0):
 garbage-first heap   total 65536K, used 32277K [0x0000000080000000, 0x0000000100000000)
  region size 1024K, 24 young (24576K), 2 survivors (2048K)
 Metaspace       used 10917K, capacity 11137K, committed 11264K, reserved 1058816K
  class space    used 1133K, capacity 1207K, committed 1280K, reserved 1048576K
}
Event: 2.677 GC heap after
{Heap after GC invocations=4 (full 0):
 garbage-first heap   total 65536K, used 13602K [0x0000000080000000, 0x0000000100000000)
  region size 1024K, 3 young (3072K), 3 survivors (3072K)
 Metaspace       used 10917K, capacity 11137K, committed 11264K, reserved 1058816K
  class space    used 1133K, capacity 1207K, committed 1280K, reserved 1048576K
}
Event: 4.150 GC heap before
{Heap before GC invocations=4 (full 0):
 garbage-first heap   total 65536K, used 36130K [0x0000000080000000, 0x0000000100000000)
  region size 1024K, 25 young (25600K), 3 survivors (3072K)
 Metaspace       used 15131K, capacity 15494K, committed 15744K, reserved 1062912K
  class space    used 1725K, capacity 1831K, committed 1920K, reserved 1048576K
}
Event: 4.159 GC heap after
{Heap after GC invocations=5 (full 0):
 garbage-first heap   total 78848K, used 15636K [0x0000000080000000, 0x0000000100000000)
  region size 1024K, 2 young (2048K), 2 survivors (2048K)
 Metaspace       used 15131K, capacity 15494K, committed 15744K, reserved 1062912K
  class space    used 1725K, capacity 1831K, committed 1920K, reserved 1048576K
}
Event: 5.143 GC heap before
{Heap before GC invocations=5 (full 0):
 garbage-first heap   total 78848K, used 42260K [0x0000000080000000, 0x0000000100000000)
  region size 1024K, 28 young (28672K), 2 survivors (2048K)
 Metaspace       used 19319K, capacity 19648K, committed 19968K, reserved 1067008K
  class space    used 2343K, capacity 2450K, committed 2560K, reserved 1048576K
}
Event: 5.150 GC heap after
{Heap after GC invocations=6 (full 0):
 garbage-first heap   total 78848K, used 16998K [0x0000000080000000, 0x0000000100000000)
  region size 1024K, 3 young (3072K), 3 survivors (3072K)
 Metaspace       used 19319K, capacity 19648K, committed 19968K, reserved 1067008K
  class space    used 2343K, capacity 2450K, committed 2560K, reserved 1048576K
}
Event: 5.370 GC heap before
{Heap before GC invocations=6 (full 0):
 garbage-first heap   total 78848K, used 28262K [0x0000000080000000, 0x0000000100000000)
  region size 1024K, 15 young (15360K), 3 survivors (3072K)
 Metaspace       used 20675K, capacity 21102K, committed 21296K, reserved 1069056K
  class space    used 2529K, capacity 2658K, committed 2688K, reserved 1048576K
}
Event: 5.379 GC heap after
{Heap after GC invocations=7 (full 0):
 garbage-first heap   total 78848K, used 17437K [0x0000000080000000, 0x0000000100000000)
  region size 1024K, 2 young (2048K), 2 survivors (2048K)
 Metaspace       used 20675K, capacity 21102K, committed 21296K, reserved 1069056K
  class space    used 2529K, capacity 2658K, committed 2688K, reserved 1048576K
}
Event: 5.839 GC heap before
{Heap before GC invocations=8 (full 0):
 garbage-first heap   total 78848K, used 43037K [0x0000000080000000, 0x0000000100000000)
  region size 1024K, 28 young (28672K), 2 survivors (2048K)
 Metaspace       used 23189K, capacity 23772K, committed 23936K, reserved 1071104K
  class space    used 2955K, capacity 3147K, committed 3200K, reserved 1048576K
}
Event: 5.852 GC heap after
{Heap after GC invocations=9 (full 0):
 garbage-first heap   total 78848K, used 18363K [0x0000000080000000, 0x0000000100000000)
  region size 1024K, 3 young (3072K), 3 survivors (3072K)
 Metaspace       used 23189K, capacity 23772K, committed 23936K, reserved 1071104K
  class space    used 2955K, capacity 3147K, committed 3200K, reserved 1048576K
}
Event: 6.410 GC heap before
{Heap before GC invocations=9 (full 0):
 garbage-first heap   total 78848K, used 46011K [0x0000000080000000, 0x0000000100000000)
  region size 1024K, 30 young (30720K), 3 survivors (3072K)
 Metaspace       used 26160K, capacity 26701K, committed 27008K, reserved 1073152K
  class space    used 3415K, capacity 3616K, committed 3712K, reserved 1048576K
}
Event: 6.419 GC heap after
{Heap after GC invocations=10 (full 0):
 garbage-first heap   total 78848K, used 19505K [0x0000000080000000, 0x0000000100000000)
  region size 1024K, 3 young (3072K), 3 survivors (3072K)
 Metaspace       used 26160K, capacity 26701K, committed 27008K, reserved 1073152K
  class space    used 3415K, capacity 3616K, committed 3712K, reserved 1048576K
}
Event: 7.228 GC heap before
{Heap before GC invocations=10 (full 0):
 garbage-first heap   total 78848K, used 48177K [0x0000000080000000, 0x0000000100000000)
  region size 1024K, 31 young (31744K), 3 survivors (3072K)
 Metaspace       used 28632K, capacity 29261K, committed 29440K, reserved 1075200K
  class space    used 3807K, capacity 4027K, committed 4096K, reserved 1048576K
}

