# JRE version: OpenJDK Runtime Environment (11.0.11+9) (build 11.0.11+9-b60-7590822)
# Java VM: OpenJDK 64-Bit Server VM (11.0.11+9-b60-7590822, mixed mode, tiered, compressed oops, g1 gc, windows-amd64)
Heap:
 garbage-first heap   total 114688K, used 89946K [0x0000000080000000, 0x0000000100000000)
  region size 1024K, 59 young (60416K), 7 survivors (7168K)
 Metaspace       used 52900K, capacity 54282K, committed 54556K, reserved 1097728K
  class space    used 6728K, capacity 7266K, committed 7296K, reserved 1048576K
GC Heap History (20 events):
Event: 4.229 GC heap before
{Heap before GC invocations=4 (full 0):
 garbage-first heap   total 65536K, used 41735K [0x0000000080000000, 0x0000000100000000)
  region size 1024K, 31 young (31744K), 4 survivors (4096K)
 Metaspace       used 17734K, capacity 18123K, committed 18432K, reserved 1064960K
  class space    used 2097K, capacity 2219K, committed 2304K, reserved 1048576K
}
Event: 4.239 GC heap after
{Heap after GC invocations=5 (full 0):
 garbage-first heap   total 78848K, used 16232K [0x0000000080000000, 0x0000000100000000)
  region size 1024K, 3 young (3072K), 3 survivors (3072K)
 Metaspace       used 17734K, capacity 18123K, committed 18432K, reserved 1064960K
  class space    used 2097K, capacity 2219K, committed 2304K, reserved 1048576K
}
Event: 4.678 GC heap before
{Heap before GC invocations=5 (full 0):
 garbage-first heap   total 78848K, used 38760K [0x0000000080000000, 0x0000000100000000)
  region size 1024K, 26 young (26624K), 3 survivors (3072K)
 Metaspace       used 20672K, capacity 21102K, committed 21296K, reserved 1069056K
  class space    used 2529K, capacity 2658K, committed 2688K, reserved 1048576K
}
Event: 4.687 GC heap after
{Heap after GC invocations=6 (full 0):
 garbage-first heap   total 78848K, used 16988K [0x0000000080000000, 0x0000000100000000)
  region size 1024K, 4 young (4096K), 4 survivors (4096K)
 Metaspace       used 20672K, capacity 21102K, committed 21296K, reserved 1069056K
  class space    used 2529K, capacity 2658K, committed 2688K, reserved 1048576K
}
Event: 5.205 GC heap before
{Heap before GC invocations=7 (full 0):
 garbage-first heap   total 78848K, used 47708K [0x0000000080000000, 0x0000000100000000)
  region size 1024K, 34 young (34816K), 4 survivors (4096K)
 Metaspace       used 23813K, capacity 24334K, committed 24576K, reserved 1071104K
  class space    used 3029K, capacity 3229K, committed 3328K, reserved 1048576K
}
Event: 5.214 GC heap after
{Heap after GC invocations=8 (full 0):
 garbage-first heap   total 78848K, used 18002K [0x0000000080000000, 0x0000000100000000)
  region size 1024K, 2 young (2048K), 2 survivors (2048K)
 Metaspace       used 23813K, capacity 24334K, committed 24576K, reserved 1071104K
  class space    used 3029K, capacity 3229K, committed 3328K, reserved 1048576K
}
Event: 5.903 GC heap before
{Heap before GC invocations=8 (full 0):
 garbage-first heap   total 78848K, used 58962K [0x0000000080000000, 0x0000000100000000)
  region size 1024K, 42 young (43008K), 2 survivors (2048K)
 Metaspace       used 27439K, capacity 28060K, committed 28160K, reserved 1073152K
  class space    used 3619K, capacity 3837K, committed 3840K, reserved 1048576K
}
Event: 5.911 GC heap after
{Heap after GC invocations=9 (full 0):
 garbage-first heap   total 78848K, used 19556K [0x0000000080000000, 0x0000000100000000)
  region size 1024K, 4 young (4096K), 4 survivors (4096K)
 Metaspace       used 27439K, capacity 28060K, committed 28160K, reserved 1073152K
  class space    used 3619K, capacity 3837K, committed 3840K, reserved 1048576K
}
Event: 6.948 GC heap before
{Heap before GC invocations=9 (full 0):
 garbage-first heap   total 78848K, used 59492K [0x0000000080000000, 0x0000000100000000)
  region size 1024K, 43 young (44032K), 4 survivors (4096K)
 Metaspace       used 34662K, capacity 35399K, committed 35584K, reserved 1079296K
  class space    used 4500K, capacity 4818K, committed 4864K, reserved 1048576K
}
Event: 6.962 GC heap after
{Heap after GC invocations=10 (full 0):
 garbage-first heap   total 95232K, used 22422K [0x0000000080000000, 0x0000000100000000)
  region size 1024K, 6 young (6144K), 6 survivors (6144K)
 Metaspace       used 34662K, capacity 35399K, committed 35584K, reserved 1079296K
  class space    used 4500K, capacity 4818K, committed 4864K, reserved 1048576K
}
Event: 7.027 GC heap before
{Heap before GC invocations=10 (full 0):
 garbage-first heap   total 95232K, used 24470K [0x0000000080000000, 0x0000000100000000)
  region size 1024K, 9 young (9216K), 6 survivors (6144K)
 Metaspace       used 35065K, capacity 35854K, committed 36048K, reserved 1081344K
  class space    used 4555K, capacity 4863K, committed 4864K, reserved 1048576K
}
Event: 7.043 GC heap after
{Heap after GC invocations=11 (full 0):
 garbage-first heap   total 95232K, used 22670K [0x0000000080000000, 0x0000000100000000)
  region size 1024K, 4 young (4096K), 4 survivors (4096K)
 Metaspace       used 35065K, capacity 35854K, committed 36048K, reserved 1081344K
  class space    used 4555K, capacity 4863K, committed 4864K, reserved 1048576K
}
Event: 7.923 GC heap before
{Heap before GC invocations=12 (full 0):
 garbage-first heap   total 95232K, used 66702K [0x0000000080000000, 0x0000000100000000)
  region size 1024K, 45 young (46080K), 4 survivors (4096K)
 Metaspace       used 38691K, capacity 39546K, committed 39836K, reserved 1083392K
  class space    used 4937K, capacity 5280K, committed 5376K, reserved 1048576K
}
Event: 7.938 GC heap after
{Heap after GC invocations=13 (full 0):
 garbage-first heap   total 95232K, used 26071K [0x0000000080000000, 0x0000000100000000)
  region size 1024K, 6 young (6144K), 6 survivors (6144K)
 Metaspace       used 38691K, capacity 39546K, committed 39836K, reserved 1083392K
  class space    used 4937K, capacity 5280K, committed 5376K, reserved 1048576K
}
Event: 8.767 GC heap before
{Heap before GC invocations=13 (full 0):
 garbage-first heap   total 95232K, used 68055K [0x0000000080000000, 0x0000000100000000)
  region size 1024K, 47 young (48128K), 6 survivors (6144K)
 Metaspace       used 41671K, capacity 42618K, committed 42780K, reserved 1087488K
  class space    used 5366K, capacity 5718K, committed 5760K, reserved 1048576K
}
Event: 8.784 GC heap after
{Heap after GC invocations=14 (full 0):
 garbage-first heap   total 95232K, used 28579K [0x0000000080000000, 0x0000000100000000)
  region size 1024K, 6 young (6144K), 6 survivors (6144K)
 Metaspace       used 41671K, capacity 42618K, committed 42780K, reserved 1087488K
  class space    used 5366K, capacity 5718K, committed 5760K, reserved 1048576K
}
Event: 9.667 GC heap before
{Heap before GC invocations=14 (full 0):
 garbage-first heap   total 95232K, used 69539K [0x0000000080000000, 0x0000000100000000)
  region size 1024K, 46 young (47104K), 6 survivors (6144K)
 Metaspace       used 45267K, capacity 46388K, committed 46620K, reserved 1089536K
  class space    used 5799K, capacity 6207K, committed 6272K, reserved 1048576K
}
Event: 9.683 GC heap after
{Heap after GC invocations=15 (full 0):
 garbage-first heap   total 114688K, used 30026K [0x0000000080000000, 0x0000000100000000)
  region size 1024K, 4 young (4096K), 4 survivors (4096K)
 Metaspace       used 45267K, capacity 46388K, committed 46620K, reserved 1089536K
  class space    used 5799K, capacity 6207K, committed 6272K, reserved 1048576K
}
Event: 11.029 GC heap before
{Heap before GC invocations=15 (full 0):
 garbage-first heap   total 114688K, used 82250K [0x0000000080000000, 0x0000000100000000)
  region size 1024K, 55 young (56320K), 4 survivors (4096K)
 Metaspace       used 47770K, capacity 48925K, committed 49052K, reserved 1091584K
  class space    used 6089K, capacity 6537K, committed 6656K, reserved 1048576K
}
Event: 11.045 GC heap after
{Heap after GC invocations=16 (full 0):
 garbage-first heap   total 114688K, used 33626K [0x0000000080000000, 0x0000000100000000)
  region size 1024K, 7 young (7168K), 7 survivors (7168K)
 Metaspace       used 47770K, capacity 48925K, committed 49052K, reserved 1091584K
  class space    used 6089K, capacity 6537K, committed 6656K, reserved 1048576K
}

