# JRE version: OpenJDK Runtime Environment (11.0.11+9) (build 11.0.11+9-b60-7590822)
# Java VM: OpenJDK 64-Bit Server VM (11.0.11+9-b60-7590822, mixed mode, tiered, compressed oops, g1 gc, windows-amd64)
Heap:
 garbage-first heap   total 115712K, used 53141K [0x0000000080000000, 0x0000000100000000)
  region size 1024K, 24 young (24576K), 8 survivors (8192K)
 Metaspace       used 48226K, capacity 49418K, committed 49740K, reserved 1091584K
  class space    used 6156K, capacity 6614K, committed 6732K, reserved 1048576K
GC Heap History (20 events):
Event: 3.509 GC heap before
{Heap before GC invocations=4 (full 0):
 garbage-first heap   total 65536K, used 40628K [0x0000000080000000, 0x0000000100000000)
  region size 1024K, 30 young (30720K), 4 survivors (4096K)
 Metaspace       used 18116K, capacity 18513K, committed 18688K, reserved 1064960K
  class space    used 2159K, capacity 2285K, committed 2304K, reserved 1048576K
}
Event: 3.519 GC heap after
{Heap after GC invocations=5 (full 0):
 garbage-first heap   total 78848K, used 16617K [0x0000000080000000, 0x0000000100000000)
  region size 1024K, 3 young (3072K), 3 survivors (3072K)
 Metaspace       used 18116K, capacity 18513K, committed 18688K, reserved 1064960K
  class space    used 2159K, capacity 2285K, committed 2304K, reserved 1048576K
}
Event: 3.877 GC heap before
{Heap before GC invocations=5 (full 0):
 garbage-first heap   total 78848K, used 38121K [0x0000000080000000, 0x0000000100000000)
  region size 1024K, 25 young (25600K), 3 survivors (3072K)
 Metaspace       used 20697K, capacity 21073K, committed 21248K, reserved 1067008K
  class space    used 2534K, capacity 2691K, committed 2816K, reserved 1048576K
}
Event: 3.886 GC heap after
{Heap after GC invocations=6 (full 0):
 garbage-first heap   total 78848K, used 17537K [0x0000000080000000, 0x0000000100000000)
  region size 1024K, 1 young (1024K), 1 survivors (1024K)
 Metaspace       used 20697K, capacity 21073K, committed 21248K, reserved 1067008K
  class space    used 2534K, capacity 2691K, committed 2816K, reserved 1048576K
}
Event: 4.468 GC heap before
{Heap before GC invocations=7 (full 0):
 garbage-first heap   total 78848K, used 48257K [0x0000000080000000, 0x0000000100000000)
  region size 1024K, 31 young (31744K), 1 survivors (1024K)
 Metaspace       used 23832K, capacity 24334K, committed 24576K, reserved 1071104K
  class space    used 3031K, capacity 3229K, committed 3328K, reserved 1048576K
}
Event: 4.473 GC heap after
{Heap after GC invocations=8 (full 0):
 garbage-first heap   total 78848K, used 18468K [0x0000000080000000, 0x0000000100000000)
  region size 1024K, 2 young (2048K), 2 survivors (2048K)
 Metaspace       used 23832K, capacity 24334K, committed 24576K, reserved 1071104K
  class space    used 3031K, capacity 3229K, committed 3328K, reserved 1048576K
}
Event: 4.989 GC heap before
{Heap before GC invocations=8 (full 0):
 garbage-first heap   total 78848K, used 51236K [0x0000000080000000, 0x0000000100000000)
  region size 1024K, 34 young (34816K), 2 survivors (2048K)
 Metaspace       used 26734K, capacity 27370K, committed 27648K, reserved 1073152K
  class space    used 3519K, capacity 3735K, committed 3840K, reserved 1048576K
}
Event: 4.999 GC heap after
{Heap after GC invocations=9 (full 0):
 garbage-first heap   total 78848K, used 19692K [0x0000000080000000, 0x0000000100000000)
  region size 1024K, 3 young (3072K), 3 survivors (3072K)
 Metaspace       used 26734K, capacity 27370K, committed 27648K, reserved 1073152K
  class space    used 3519K, capacity 3735K, committed 3840K, reserved 1048576K
}
Event: 5.677 GC heap before
{Heap before GC invocations=9 (full 0):
 garbage-first heap   total 78848K, used 53484K [0x0000000080000000, 0x0000000100000000)
  region size 1024K, 36 young (36864K), 3 survivors (3072K)
 Metaspace       used 30323K, capacity 30955K, committed 30976K, reserved 1075200K
  class space    used 4064K, capacity 4336K, committed 4352K, reserved 1048576K
}
Event: 5.686 GC heap after
{Heap after GC invocations=10 (full 0):
 garbage-first heap   total 95232K, used 20745K [0x0000000080000000, 0x0000000100000000)
  region size 1024K, 4 young (4096K), 4 survivors (4096K)
 Metaspace       used 30323K, capacity 30955K, committed 30976K, reserved 1075200K
  class space    used 4064K, capacity 4336K, committed 4352K, reserved 1048576K
}
Event: 6.318 GC heap before
{Heap before GC invocations=10 (full 0):
 garbage-first heap   total 95232K, used 36105K [0x0000000080000000, 0x0000000100000000)
  region size 1024K, 20 young (20480K), 4 survivors (4096K)
 Metaspace       used 35050K, capacity 35789K, committed 35840K, reserved 1081344K
  class space    used 4554K, capacity 4863K, committed 4864K, reserved 1048576K
}
Event: 6.332 GC heap after
{Heap after GC invocations=11 (full 0):
 garbage-first heap   total 95232K, used 23002K [0x0000000080000000, 0x0000000100000000)
  region size 1024K, 5 young (5120K), 5 survivors (5120K)
 Metaspace       used 35050K, capacity 35789K, committed 35840K, reserved 1081344K
  class space    used 4554K, capacity 4863K, committed 4864K, reserved 1048576K
}
Event: 7.036 GC heap before
{Heap before GC invocations=12 (full 0):
 garbage-first heap   total 95232K, used 58842K [0x0000000080000000, 0x0000000100000000)
  region size 1024K, 41 young (41984K), 5 survivors (5120K)
 Metaspace       used 37796K, capacity 38732K, committed 38860K, reserved 1083392K
  class space    used 4890K, capacity 5243K, committed 5324K, reserved 1048576K
}
Event: 7.060 GC heap after
{Heap after GC invocations=13 (full 0):
 garbage-first heap   total 95232K, used 26167K [0x0000000080000000, 0x0000000100000000)
  region size 1024K, 6 young (6144K), 6 survivors (6144K)
 Metaspace       used 37796K, capacity 38732K, committed 38860K, reserved 1083392K
  class space    used 4890K, capacity 5243K, committed 5324K, reserved 1048576K
}
Event: 7.782 GC heap before
{Heap before GC invocations=14 (full 0):
 garbage-first heap   total 95232K, used 67127K [0x0000000080000000, 0x0000000100000000)
  region size 1024K, 44 young (45056K), 6 survivors (6144K)
 Metaspace       used 40912K, capacity 41830K, committed 42060K, reserved 1085440K
  class space    used 5252K, capacity 5583K, committed 5708K, reserved 1048576K
}
Event: 7.799 GC heap after
{Heap after GC invocations=15 (full 0):
 garbage-first heap   total 95232K, used 28402K [0x0000000080000000, 0x0000000100000000)
  region size 1024K, 6 young (6144K), 6 survivors (6144K)
 Metaspace       used 40912K, capacity 41830K, committed 42060K, reserved 1085440K
  class space    used 5252K, capacity 5583K, committed 5708K, reserved 1048576K
}
Event: 8.474 GC heap before
{Heap before GC invocations=15 (full 0):
 garbage-first heap   total 95232K, used 71410K [0x0000000080000000, 0x0000000100000000)
  region size 1024K, 47 young (48128K), 6 survivors (6144K)
 Metaspace       used 44628K, capacity 45593K, committed 45900K, reserved 1089536K
  class space    used 5730K, capacity 6090K, committed 6220K, reserved 1048576K
}
Event: 8.489 GC heap after
{Heap after GC invocations=16 (full 0):
 garbage-first heap   total 115712K, used 30048K [0x0000000080000000, 0x0000000100000000)
  region size 1024K, 5 young (5120K), 5 survivors (5120K)
 Metaspace       used 44628K, capacity 45593K, committed 45900K, reserved 1089536K
  class space    used 5730K, capacity 6090K, committed 6220K, reserved 1048576K
}
Event: 10.327 GC heap before
{Heap before GC invocations=16 (full 0):
 garbage-first heap   total 115712K, used 88416K [0x0000000080000000, 0x0000000100000000)
  region size 1024K, 63 young (64512K), 5 survivors (5120K)
 Metaspace       used 47809K, capacity 49010K, committed 49100K, reserved 1091584K
  class space    used 6097K, capacity 6545K, committed 6604K, reserved 1048576K
}
Event: 10.352 GC heap after
{Heap after GC invocations=17 (full 0):
 garbage-first heap   total 115712K, used 33685K [0x0000000080000000, 0x0000000100000000)
  region size 1024K, 8 young (8192K), 8 survivors (8192K)
 Metaspace       used 47809K, capacity 49010K, committed 49100K, reserved 1091584K
  class space    used 6097K, capacity 6545K, committed 6604K, reserved 1048576K
}

