# JRE version: OpenJDK Runtime Environment (11.0.11+9) (build 11.0.11+9-b60-7590822)
# Java VM: OpenJDK 64-Bit Server VM (11.0.11+9-b60-7590822, mixed mode, tiered, compressed oops, g1 gc, windows-amd64)
Heap:
 garbage-first heap   total 114688K, used 45726K [0x0000000080000000, 0x0000000100000000)
  region size 1024K, 5 young (5120K), 5 survivors (5120K)
 Metaspace       used 50086K, capacity 51389K, committed 51456K, reserved 1093632K
  class space    used 6389K, capacity 6876K, committed 6912K, reserved 1048576K
GC Heap History (20 events):
Event: 4.094 GC heap after
{Heap after GC invocations=6 (full 0):
 garbage-first heap   total 78848K, used 17377K [0x0000000080000000, 0x0000000100000000)
  region size 1024K, 1 young (1024K), 1 survivors (1024K)
 Metaspace       used 20719K, capacity 21083K, committed 21248K, reserved 1067008K
  class space    used 2540K, capacity 2693K, committed 2816K, reserved 1048576K
}
Event: 4.653 GC heap before
{Heap before GC invocations=7 (full 0):
 garbage-first heap   total 78848K, used 48097K [0x0000000080000000, 0x0000000100000000)
  region size 1024K, 31 young (31744K), 1 survivors (1024K)
 Metaspace       used 23826K, capacity 24338K, committed 24576K, reserved 1071104K
  class space    used 3032K, capacity 3229K, committed 3328K, reserved 1048576K
}
Event: 4.661 GC heap after
{Heap after GC invocations=8 (full 0):
 garbage-first heap   total 78848K, used 18405K [0x0000000080000000, 0x0000000100000000)
  region size 1024K, 2 young (2048K), 2 survivors (2048K)
 Metaspace       used 23826K, capacity 24338K, committed 24576K, reserved 1071104K
  class space    used 3032K, capacity 3229K, committed 3328K, reserved 1048576K
}
Event: 5.372 GC heap before
{Heap before GC invocations=9 (full 0):
 garbage-first heap   total 78848K, used 50149K [0x0000000080000000, 0x0000000100000000)
  region size 1024K, 34 young (34816K), 2 survivors (2048K)
 Metaspace       used 26704K, capacity 27246K, committed 27392K, reserved 1073152K
  class space    used 3515K, capacity 3735K, committed 3840K, reserved 1048576K
}
Event: 5.383 GC heap after
{Heap after GC invocations=10 (full 0):
 garbage-first heap   total 78848K, used 19583K [0x0000000080000000, 0x0000000100000000)
  region size 1024K, 3 young (3072K), 3 survivors (3072K)
 Metaspace       used 26704K, capacity 27246K, committed 27392K, reserved 1073152K
  class space    used 3515K, capacity 3735K, committed 3840K, reserved 1048576K
}
Event: 6.032 GC heap before
{Heap before GC invocations=10 (full 0):
 garbage-first heap   total 78848K, used 53375K [0x0000000080000000, 0x0000000100000000)
  region size 1024K, 36 young (36864K), 3 survivors (3072K)
 Metaspace       used 30249K, capacity 30863K, committed 30976K, reserved 1075200K
  class space    used 4053K, capacity 4304K, committed 4352K, reserved 1048576K
}
Event: 6.043 GC heap after
{Heap after GC invocations=11 (full 0):
 garbage-first heap   total 78848K, used 20662K [0x0000000080000000, 0x0000000100000000)
  region size 1024K, 4 young (4096K), 4 survivors (4096K)
 Metaspace       used 30249K, capacity 30863K, committed 30976K, reserved 1075200K
  class space    used 4053K, capacity 4304K, committed 4352K, reserved 1048576K
}
Event: 7.177 GC heap before
{Heap before GC invocations=11 (full 0):
 garbage-first heap   total 78848K, used 54454K [0x0000000080000000, 0x0000000100000000)
  region size 1024K, 37 young (37888K), 4 survivors (4096K)
 Metaspace       used 36464K, capacity 37329K, committed 37632K, reserved 1081344K
  class space    used 4690K, capacity 5011K, committed 5120K, reserved 1048576K
}
Event: 7.201 GC heap after
{Heap after GC invocations=12 (full 0):
 garbage-first heap   total 95232K, used 25047K [0x0000000080000000, 0x0000000100000000)
  region size 1024K, 5 young (5120K), 5 survivors (5120K)
 Metaspace       used 36464K, capacity 37329K, committed 37632K, reserved 1081344K
  class space    used 4690K, capacity 5011K, committed 5120K, reserved 1048576K
}
Event: 8.102 GC heap before
{Heap before GC invocations=12 (full 0):
 garbage-first heap   total 95232K, used 63959K [0x0000000080000000, 0x0000000100000000)
  region size 1024K, 41 young (41984K), 5 survivors (5120K)
 Metaspace       used 39120K, capacity 40047K, committed 40192K, reserved 1083392K
  class space    used 4995K, capacity 5318K, committed 5376K, reserved 1048576K
}
Event: 8.122 GC heap after
{Heap after GC invocations=13 (full 0):
 garbage-first heap   total 95232K, used 27720K [0x0000000080000000, 0x0000000100000000)
  region size 1024K, 3 young (3072K), 3 survivors (3072K)
 Metaspace       used 39120K, capacity 40047K, committed 40192K, reserved 1083392K
  class space    used 4995K, capacity 5318K, committed 5376K, reserved 1048576K
}
Event: 8.495 GC heap before
{Heap before GC invocations=13 (full 0):
 garbage-first heap   total 95232K, used 36936K [0x0000000080000000, 0x0000000100000000)
  region size 1024K, 13 young (13312K), 3 survivors (3072K)
 Metaspace       used 39916K, capacity 40857K, committed 40960K, reserved 1085440K
  class space    used 5087K, capacity 5436K, committed 5504K, reserved 1048576K
}
Event: 8.505 GC heap after
{Heap after GC invocations=14 (full 0):
 garbage-first heap   total 95232K, used 28740K [0x0000000080000000, 0x0000000100000000)
  region size 1024K, 2 young (2048K), 2 survivors (2048K)
 Metaspace       used 39916K, capacity 40857K, committed 40960K, reserved 1085440K
  class space    used 5087K, capacity 5436K, committed 5504K, reserved 1048576K
}
Event: 9.357 GC heap before
{Heap before GC invocations=15 (full 0):
 garbage-first heap   total 95232K, used 62532K [0x0000000080000000, 0x0000000100000000)
  region size 1024K, 35 young (35840K), 2 survivors (2048K)
 Metaspace       used 43448K, capacity 44419K, committed 44672K, reserved 1087488K
  class space    used 5525K, capacity 5909K, committed 6016K, reserved 1048576K
}
Event: 9.365 GC heap after
{Heap after GC invocations=16 (full 0):
 garbage-first heap   total 95232K, used 29556K [0x0000000080000000, 0x0000000100000000)
  region size 1024K, 2 young (2048K), 2 survivors (2048K)
 Metaspace       used 43448K, capacity 44419K, committed 44672K, reserved 1087488K
  class space    used 5525K, capacity 5909K, committed 6016K, reserved 1048576K
}
Event: 9.980 GC heap before
{Heap before GC invocations=16 (full 0):
 garbage-first heap   total 95232K, used 65396K [0x0000000080000000, 0x0000000100000000)
  region size 1024K, 37 young (37888K), 2 survivors (2048K)
 Metaspace       used 45978K, capacity 47051K, committed 47360K, reserved 1089536K
  class space    used 5903K, capacity 6298K, committed 6400K, reserved 1048576K
}
Event: 9.987 GC heap after
{Heap after GC invocations=17 (full 0):
 garbage-first heap   total 95232K, used 30723K [0x0000000080000000, 0x0000000100000000)
  region size 1024K, 4 young (4096K), 4 survivors (4096K)
 Metaspace       used 45978K, capacity 47051K, committed 47360K, reserved 1089536K
  class space    used 5903K, capacity 6298K, committed 6400K, reserved 1048576K
}
Event: 11.163 GC heap before
{Heap before GC invocations=17 (full 0):
 garbage-first heap   total 95232K, used 66563K [0x0000000080000000, 0x0000000100000000)
  region size 1024K, 39 young (39936K), 4 survivors (4096K)
 Metaspace       used 47679K, capacity 48810K, committed 49152K, reserved 1091584K
  class space    used 6081K, capacity 6540K, committed 6656K, reserved 1048576K
}
Event: 11.182 GC heap after
{Heap after GC invocations=18 (full 0):
 garbage-first heap   total 95232K, used 33619K [0x0000000080000000, 0x0000000100000000)
  region size 1024K, 5 young (5120K), 5 survivors (5120K)
 Metaspace       used 47679K, capacity 48810K, committed 49152K, reserved 1091584K
  class space    used 6081K, capacity 6540K, committed 6656K, reserved 1048576K
}
Event: 12.311 GC heap before
{Heap before GC invocations=18 (full 0):
 garbage-first heap   total 95232K, used 73555K [0x0000000080000000, 0x0000000100000000)
  region size 1024K, 40 young (40960K), 5 survivors (5120K)
 Metaspace       used 50086K, capacity 51389K, committed 51456K, reserved 1093632K
  class space    used 6389K, capacity 6876K, committed 6912K, reserved 1048576K
}

